  [engine_accel] Loaded: link_strength_sum, exclusion, latent_refresh, cycle_finder(C)
  [engine_accel_v3] Patched: key, get_latent, set_latent
  [engine_accel_v5] L dict -> ShardedLatentDict
  [engine_accel_v5] get_latent/set_latent -> shard-direct
  [engine_accel_v5] RealizationOperator.step -> shard-based refresh
  ⟐ Injection (300 steps)...
  ⟐ Injection done (69s).
  seed=4 mat done. labels=26 links=2917 cids_total=85 hosted=26 ghosts=27
  seed=4 w=20 vLb=24 hosted=26 ghost=27 births=8 reaped=2 pickup=1u+7c cids_total=91 recip=88 136s
  seed=4 w=21 vLb=29 hosted=24 ghost=33 births=3 reaped=2 pickup=1u+2c cids_total=99 recip=109 138s
  seed=4 w=22 vLb=26 hosted=29 ghost=34 births=4 reaped=3 pickup=0u+4c cids_total=100 recip=133 137s
  seed=4 w=23 vLb=30 hosted=26 ghost=35 births=3 reaped=2 pickup=0u+3c cids_total=107 recip=150 136s
  seed=4 w=24 vLb=27 hosted=30 ghost=36 births=6 reaped=5 pickup=0u+6c cids_total=110 recip=162 136s
  seed=4 w=25 vLb=31 hosted=27 ghost=37 births=4 reaped=1 pickup=1u+2c cids_total=118 recip=151 134s
  seed=4 w=26 vLb=37 hosted=31 ghost=40 births=3 reaped=3 pickup=0u+4c cids_total=127 recip=183 133s
  seed=4 w=27 vLb=34 hosted=37 ghost=40 births=7 reaped=0 pickup=0u+7c cids_total=131 recip=219 132s
  seed=4 w=28 vLb=36 hosted=34 ghost=47 births=5 reaped=3 pickup=0u+5c cids_total=138 recip=223 132s
  seed=4 w=29 vLb=34 hosted=36 ghost=49 births=4 reaped=6 pickup=0u+3c cids_total=140 recip=214 132s
  seed=4 w=30 vLb=34 hosted=34 ghost=47 births=3 reaped=8 pickup=1u+3c cids_total=143 recip=239 131s
  seed=4 w=31 vLb=32 hosted=34 ghost=42 births=4 reaped=3 pickup=2u+2c cids_total=145 recip=252 129s
  seed=4 w=32 vLb=33 hosted=32 ghost=43 births=2 reaped=4 pickup=0u+2c cids_total=148 recip=254 129s
  seed=4 w=33 vLb=31 hosted=33 ghost=41 births=2 reaped=2 pickup=2u+0c cids_total=148 recip=275 129s
  seed=4 w=34 vLb=36 hosted=31 ghost=41 births=1 reaped=6 pickup=0u+1c cids_total=154 recip=292 129s
  seed=4 w=35 vLb=37 hosted=36 ghost=36 births=4 reaped=3 pickup=1u+3c cids_total=159 recip=319 129s
  seed=4 w=36 vLb=38 hosted=37 ghost=37 births=3 reaped=5 pickup=0u+3c cids_total=163 recip=319 128s
  seed=4 w=37 vLb=37 hosted=38 ghost=35 births=4 reaped=7 pickup=0u+4c cids_total=166 recip=328 128s
  seed=4 w=38 vLb=33 hosted=37 ghost=32 births=4 reaped=2 pickup=0u+4c cids_total=166 recip=300 128s
  seed=4 w=39 vLb=32 hosted=33 ghost=34 births=3 reaped=4 pickup=0u+1c cids_total=168 recip=299 127s
  seed=4 w=40 vLb=32 hosted=32 ghost=33 births=3 reaped=5 pickup=0u+3c cids_total=171 recip=287 126s
  seed=4 w=41 vLb=37 hosted=32 ghost=31 births=1 reaped=3 pickup=2u+1c cids_total=177 recip=268 125s
  seed=4 w=42 vLb=41 hosted=37 ghost=29 births=0 reaped=2 pickup=0u+0c cids_total=181 recip=294 125s
  seed=4 w=43 vLb=42 hosted=41 ghost=27 births=4 reaped=4 pickup=0u+4c cids_total=186 recip=318 123s
  seed=4 w=44 vLb=39 hosted=42 ghost=27 births=6 reaped=0 pickup=1u+5c cids_total=189 recip=335 122s
  seed=4 w=45 vLb=36 hosted=39 ghost=33 births=5 reaped=4 pickup=1u+4c cids_total=191 recip=322 123s
  seed=4 w=46 vLb=32 hosted=36 ghost=34 births=4 reaped=4 pickup=0u+4c cids_total=191 recip=314 122s
  seed=4 w=47 vLb=31 hosted=32 ghost=34 births=2 reaped=4 pickup=0u+1c cids_total=192 recip=287 120s
  seed=4 w=48 vLb=32 hosted=31 ghost=32 births=1 reaped=3 pickup=0u+1c cids_total=194 recip=288 120s
  seed=4 w=49 vLb=33 hosted=32 ghost=30 births=2 reaped=3 pickup=0u+2c cids_total=197 recip=292 120s
  seed=4 w=50 vLb=31 hosted=33 ghost=29 births=5 reaped=2 pickup=1u+5c cids_total=200 recip=270 119s
  seed=4 w=51 vLb=31 hosted=31 ghost=32 births=5 reaped=0 pickup=0u+4c cids_total=205 recip=254 118s
  seed=4 w=52 vLb=34 hosted=31 ghost=37 births=1 reaped=1 pickup=0u+1c cids_total=209 recip=246 117s
  seed=4 w=53 vLb=37 hosted=34 ghost=37 births=5 reaped=4 pickup=0u+6c cids_total=217 recip=286 116s
  seed=4 w=54 vLb=36 hosted=37 ghost=38 births=3 reaped=6 pickup=2u+0c cids_total=219 recip=340 116s
  seed=4 w=55 vLb=41 hosted=36 ghost=35 births=4 reaped=4 pickup=0u+5c cids_total=228 recip=362 115s
  seed=4 w=56 vLb=39 hosted=41 ghost=35 births=5 reaped=5 pickup=0u+4c cids_total=231 recip=416 115s
  seed=4 w=57 vLb=34 hosted=39 ghost=35 births=5 reaped=2 pickup=0u+5c cids_total=231 recip=427 115s
  seed=4 w=58 vLb=35 hosted=34 ghost=38 births=2 reaped=2 pickup=0u+2c cids_total=234 recip=392 114s
  seed=4 w=59 vLb=38 hosted=35 ghost=38 births=1 reaped=3 pickup=1u+1c cids_total=238 recip=384 112s
  seed=4 w=60 vLb=35 hosted=38 ghost=36 births=4 reaped=3 pickup=0u+4c cids_total=239 recip=397 112s
  seed=4 w=61 vLb=35 hosted=35 ghost=37 births=3 reaped=4 pickup=0u+2c cids_total=242 recip=388 112s
  seed=4 w=62 vLb=37 hosted=35 ghost=36 births=3 reaped=2 pickup=0u+3c cids_total=247 recip=371 112s
  seed=4 w=63 vLb=41 hosted=37 ghost=37 births=3 reaped=4 pickup=0u+3c cids_total=254 recip=373 110s
  seed=4 w=64 vLb=40 hosted=41 ghost=36 births=6 reaped=2 pickup=1u+6c cids_total=259 recip=399 110s
  seed=4 w=65 vLb=35 hosted=40 ghost=40 births=5 reaped=7 pickup=1u+4c cids_total=259 recip=450 111s
  seed=4 w=66 vLb=35 hosted=35 ghost=38 births=3 reaped=2 pickup=0u+3c cids_total=262 recip=423 110s
  seed=4 w=67 vLb=33 hosted=35 ghost=39 births=2 reaped=6 pickup=1u+1c cids_total=262 recip=400 109s
  seed=4 w=68 vLb=40 hosted=33 ghost=35 births=0 reaped=2 pickup=0u+0c cids_total=269 recip=396 109s
  seed=4 w=69 vLb=40 hosted=40 ghost=33 births=3 reaped=1 pickup=0u+3c cids_total=272 recip=436 104s

  seed=4 DONE in 8925s
    cids total:    272
    hosted now:    40
    ghosts now:    35
    reaped:        197
    label rows:    213
    subject rows:  210
    tag entries:   1509
    total tags:    867
    tag dist:
             gain_social: 74
             loss_social: 13
          gain_stability: 25
          loss_stability: 22
             gain_spread: 6
             loss_spread: 27
        gain_familiarity: 263
        loss_familiarity: 437
    --- v9.8c Pickup ---
    death records:    173
      consumed:       173 (100.0%)
      expired:        0 (0.0%)
      active (end):   0
    pickups:          173
      uncontested:    20
      contested:      153
    ttl_bonus stats:
      max:  11
      mean: 0.64
      n>0:  69/272
    conv ratio:    3.024291278517844
