  [engine_accel] Loaded: link_strength_sum, exclusion, latent_refresh, cycle_finder(C)
  [engine_accel_v3] Patched: key, get_latent, set_latent
  [engine_accel_v5] L dict -> ShardedLatentDict
  [engine_accel_v5] get_latent/set_latent -> shard-direct
  [engine_accel_v5] RealizationOperator.step -> shard-based refresh
  ⟐ Injection (300 steps)...
  ⟐ Injection done (74s).
  seed=1 mat done. labels=17 links=2878 cids_total=79 hosted=17 ghosts=41
  seed=1 w=20 vLb=30 hosted=17 ghost=41 births=2 reaped=1 pickup=1u+1c cids_total=94 recip=23 141s
  seed=1 w=21 vLb=19 hosted=30 ghost=42 births=11 reaped=3 pickup=2u+8c cids_total=94 recip=55 142s
  seed=1 w=22 vLb=20 hosted=19 ghost=50 births=2 reaped=2 pickup=0u+2c cids_total=97 recip=49 140s
  seed=1 w=23 vLb=23 hosted=20 ghost=50 births=3 reaped=7 pickup=0u+4c cids_total=103 recip=51 140s
  seed=1 w=24 vLb=20 hosted=23 ghost=46 births=6 reaped=5 pickup=1u+4c cids_total=106 recip=66 139s
  seed=1 w=25 vLb=17 hosted=20 ghost=47 births=3 reaped=5 pickup=0u+2c cids_total=106 recip=48 138s
  seed=1 w=26 vLb=15 hosted=17 ghost=45 births=2 reaped=0 pickup=0u+2c cids_total=106 recip=39 137s
  seed=1 w=27 vLb=19 hosted=15 ghost=47 births=1 reaped=7 pickup=2u+1c cids_total=111 recip=26 134s
  seed=1 w=28 vLb=16 hosted=19 ghost=41 births=3 reaped=4 pickup=1u+2c cids_total=111 recip=36 134s
  seed=1 w=29 vLb=18 hosted=16 ghost=40 births=3 reaped=7 pickup=0u+3c cids_total=116 recip=40 134s

  seed=1 DONE in 4306s
    cids total:    116
    hosted now:    18
    ghosts now:    36
    reaped:        62
    label rows:    54
    subject rows:  49
    tag entries:   147
    total tags:    130
    tag dist:
             gain_social: 12
             loss_social: 8
          gain_stability: 4
          loss_stability: 1
             gain_spread: 2
             loss_spread: 5
        gain_familiarity: 25
        loss_familiarity: 73
    --- v9.8c Pickup ---
    death records:    36
      consumed:       36 (100.0%)
      expired:        0 (0.0%)
      active (end):   0
    pickups:          36
      uncontested:    7
      contested:      29
    ttl_bonus stats:
      max:  6
      mean: 0.31
      n>0:  18/116
    conv ratio:    3.9924591303912003
