  [engine_accel] Loaded: link_strength_sum, exclusion, latent_refresh, cycle_finder(C)
  [engine_accel_v3] Patched: key, get_latent, set_latent
  [engine_accel_v5] L dict -> ShardedLatentDict
  [engine_accel_v5] get_latent/set_latent -> shard-direct
  [engine_accel_v5] RealizationOperator.step -> shard-based refresh
  ⟐ Injection (300 steps)...
  ⟐ Injection done (74s).
  seed=9 mat done. labels=16 links=2896 cids_total=73 hosted=16 ghosts=38
  seed=9 w=20 vLb=13 hosted=16 ghost=38 births=5 reaped=3 pickup=2u+3c cids_total=75 recip=26 137s
  seed=9 w=21 vLb=17 hosted=13 ghost=40 births=3 reaped=1 pickup=1u+2c cids_total=82 recip=19 137s
  seed=9 w=22 vLb=21 hosted=17 ghost=42 births=5 reaped=4 pickup=0u+5c cids_total=91 recip=27 137s
  seed=9 w=23 vLb=16 hosted=21 ghost=43 births=6 reaped=7 pickup=2u+3c cids_total=92 recip=42 136s
  seed=9 w=24 vLb=18 hosted=16 ghost=42 births=1 reaped=6 pickup=0u+1c cids_total=95 recip=37 136s
  seed=9 w=25 vLb=19 hosted=18 ghost=37 births=5 reaped=2 pickup=2u+3c cids_total=101 recip=51 136s
  seed=9 w=26 vLb=23 hosted=19 ghost=40 births=1 reaped=7 pickup=0u+1c cids_total=106 recip=50 136s
  seed=9 w=27 vLb=24 hosted=23 ghost=34 births=2 reaped=5 pickup=0u+2c cids_total=109 recip=70 136s
  seed=9 w=28 vLb=31 hosted=24 ghost=31 births=7 reaped=2 pickup=0u+7c cids_total=123 recip=79 135s
  seed=9 w=29 vLb=23 hosted=31 ghost=36 births=9 reaped=1 pickup=0u+9c cids_total=124 recip=86 137s

  seed=9 DONE in 4259s
    cids total:    124
    hosted now:    23
    ghosts now:    44
    reaped:        57
    label rows:    67
    subject rows:  66
    tag entries:   132
    total tags:    125
    tag dist:
             gain_social: 16
             loss_social: 0
          gain_stability: 1
          loss_stability: 3
             gain_spread: 2
             loss_spread: 11
        gain_familiarity: 26
        loss_familiarity: 66
    --- v9.8c Pickup ---
    death records:    44
      consumed:       43 (97.7%)
      expired:        1 (2.3%)
      active (end):   0
    pickups:          43
      uncontested:    7
      contested:      36
    ttl_bonus stats:
      max:  5
      mean: 0.35
      n>0:  26/124
    conv ratio:    4.0202290482777725
