  [engine_accel] Loaded: link_strength_sum, exclusion, latent_refresh, cycle_finder(C)
  [engine_accel_v3] Patched: key, get_latent, set_latent
  [engine_accel_v5] L dict -> ShardedLatentDict
  [engine_accel_v5] get_latent/set_latent -> shard-direct
  [engine_accel_v5] RealizationOperator.step -> shard-based refresh
  ⟐ Injection (300 steps)...
  ⟐ Injection done (74s).
  seed=17 mat done. labels=22 links=2932 cids_total=80 hosted=22 ghosts=41
  seed=17 w=20 vLb=18 hosted=22 ghost=41 births=4 reaped=3 pickup=0u+4c cids_total=80 recip=63 144s
  seed=17 w=21 vLb=21 hosted=18 ghost=42 births=2 reaped=4 pickup=0u+2c cids_total=85 recip=77 146s
  seed=17 w=22 vLb=21 hosted=21 ghost=40 births=3 reaped=4 pickup=2u+1c cids_total=88 recip=86 145s
  seed=17 w=23 vLb=20 hosted=21 ghost=39 births=1 reaped=2 pickup=1u+0c cids_total=88 recip=100 145s
  seed=17 w=24 vLb=18 hosted=20 ghost=38 births=5 reaped=3 pickup=1u+4c cids_total=91 recip=104 144s
  seed=17 w=25 vLb=25 hosted=18 ghost=40 births=2 reaped=2 pickup=0u+2c cids_total=100 recip=98 142s
  seed=17 w=26 vLb=21 hosted=25 ghost=40 births=4 reaped=3 pickup=2u+2c cids_total=100 recip=127 143s
  seed=17 w=27 vLb=24 hosted=21 ghost=41 births=3 reaped=8 pickup=1u+2c cids_total=106 recip=131 142s
  seed=17 w=28 vLb=19 hosted=24 ghost=36 births=5 reaped=9 pickup=0u+5c cids_total=106 recip=138 142s
  seed=17 w=29 vLb=28 hosted=19 ghost=32 births=1 reaped=3 pickup=0u+1c cids_total=116 recip=127 144s

  seed=17 DONE in 4395s
    cids total:    116
    hosted now:    28
    ghosts now:    30
    reaped:        58
    label rows:    58
    subject rows:  48
    tag entries:   161
    total tags:    124
    tag dist:
             gain_social: 17
             loss_social: 9
          gain_stability: 7
          loss_stability: 3
             gain_spread: 0
             loss_spread: 5
        gain_familiarity: 35
        loss_familiarity: 48
    --- v9.8c Pickup ---
    death records:    30
      consumed:       30 (100.0%)
      expired:        0 (0.0%)
      active (end):   0
    pickups:          30
      uncontested:    7
      contested:      23
    ttl_bonus stats:
      max:  4
      mean: 0.26
      n>0:  17/116
    conv ratio:    2.920802708665419
