  [engine_accel] Loaded: link_strength_sum, exclusion, latent_refresh, cycle_finder(C)
  [engine_accel_v3] Patched: key, get_latent, set_latent
  [engine_accel_v5] L dict -> ShardedLatentDict
  [engine_accel_v5] get_latent/set_latent -> shard-direct
  [engine_accel_v5] RealizationOperator.step -> shard-based refresh
  ⟐ Injection (300 steps)...
  ⟐ Injection done (72s).
  seed=18 mat done. labels=19 links=2910 cids_total=87 hosted=19 ghosts=43
  seed=18 w=20 vLb=15 hosted=19 ghost=43 births=4 reaped=6 pickup=3u+0c cids_total=87 recip=68 140s
  seed=18 w=21 vLb=18 hosted=15 ghost=41 births=1 reaped=5 pickup=1u+0c cids_total=91 recip=75 140s
  seed=18 w=22 vLb=17 hosted=18 ghost=37 births=2 reaped=6 pickup=0u+2c cids_total=92 recip=86 139s
  seed=18 w=23 vLb=26 hosted=17 ghost=33 births=2 reaped=1 pickup=1u+2c cids_total=103 recip=97 139s
  seed=18 w=24 vLb=24 hosted=26 ghost=34 births=4 reaped=4 pickup=1u+3c cids_total=105 recip=123 139s
  seed=18 w=25 vLb=23 hosted=24 ghost=34 births=3 reaped=6 pickup=1u+1c cids_total=107 recip=119 139s
  seed=18 w=26 vLb=27 hosted=23 ghost=31 births=1 reaped=8 pickup=1u+1c cids_total=112 recip=128 139s
  seed=18 w=27 vLb=22 hosted=27 ghost=24 births=5 reaped=2 pickup=3u+2c cids_total=112 recip=153 140s
  seed=18 w=28 vLb=18 hosted=22 ghost=27 births=4 reaped=1 pickup=1u+3c cids_total=112 recip=145 137s
  seed=18 w=29 vLb=22 hosted=18 ghost=30 births=2 reaped=4 pickup=1u+1c cids_total=118 recip=106 137s

  seed=18 DONE in 4325s
    cids total:    118
    hosted now:    22
    ghosts now:    28
    reaped:        68
    label rows:    50
    subject rows:  44
    tag entries:   165
    total tags:    149
    tag dist:
             gain_social: 22
             loss_social: 5
          gain_stability: 0
          loss_stability: 2
             gain_spread: 0
             loss_spread: 4
        gain_familiarity: 32
        loss_familiarity: 84
    --- v9.8c Pickup ---
    death records:    28
      consumed:       28 (100.0%)
      expired:        0 (0.0%)
      active (end):   0
    pickups:          28
      uncontested:    13
      contested:      15
    ttl_bonus stats:
      max:  4
      mean: 0.24
      n>0:  19/118
    conv ratio:    2.8248278556180586
