  [engine_accel] Loaded: link_strength_sum, exclusion, latent_refresh, cycle_finder(C)
  [engine_accel_v3] Patched: key, get_latent, set_latent
  [engine_accel_v5] L dict -> ShardedLatentDict
  [engine_accel_v5] get_latent/set_latent -> shard-direct
  [engine_accel_v5] RealizationOperator.step -> shard-based refresh
  ⟐ Injection (300 steps)...
  ⟐ Injection done (74s).
  seed=20 mat done. labels=28 links=2917 cids_total=100 hosted=28 ghosts=51
  seed=20 w=20 vLb=27 hosted=28 ghost=51 births=5 reaped=9 pickup=1u+4c cids_total=104 recip=42 144s
  seed=20 w=21 vLb=43 hosted=27 ghost=47 births=2 reaped=5 pickup=0u+2c cids_total=122 recip=80 145s
  seed=20 w=22 vLb=34 hosted=43 ghost=44 births=13 reaped=6 pickup=0u+13c cids_total=126 recip=123 146s
  seed=20 w=23 vLb=41 hosted=34 ghost=51 births=4 reaped=5 pickup=0u+4c cids_total=137 recip=123 144s
  seed=20 w=24 vLb=31 hosted=41 ghost=50 births=11 reaped=3 pickup=0u+11c cids_total=138 recip=167 143s
  seed=20 w=25 vLb=33 hosted=31 ghost=58 births=1 reaped=6 pickup=0u+1c cids_total=141 recip=130 142s
  seed=20 w=26 vLb=37 hosted=33 ghost=53 births=3 reaped=3 pickup=0u+3c cids_total=148 recip=143 142s
  seed=20 w=27 vLb=34 hosted=37 ghost=53 births=7 reaped=5 pickup=0u+7c cids_total=152 recip=160 141s
  seed=20 w=28 vLb=36 hosted=34 ghost=55 births=4 reaped=4 pickup=0u+4c cids_total=158 recip=150 141s
  seed=20 w=29 vLb=34 hosted=36 ghost=55 births=6 reaped=5 pickup=0u+6c cids_total=162 recip=159 143s

  seed=20 DONE in 4410s
    cids total:    162
    hosted now:    34
    ghosts now:    56
    reaped:        72
    label rows:    90
    subject rows:  86
    tag entries:   258
    total tags:    199
    tag dist:
             gain_social: 23
             loss_social: 0
          gain_stability: 9
          loss_stability: 8
             gain_spread: 4
             loss_spread: 6
        gain_familiarity: 36
        loss_familiarity: 113
    --- v9.8c Pickup ---
    death records:    56
      consumed:       56 (100.0%)
      expired:        0 (0.0%)
      active (end):   0
    pickups:          56
      uncontested:    1
      contested:      55
    ttl_bonus stats:
      max:  3
      mean: 0.35
      n>0:  38/162
    conv ratio:    4.125898924580111
