  [engine_accel] Loaded: link_strength_sum, exclusion, latent_refresh, cycle_finder(C)
  [engine_accel_v3] Patched: key, get_latent, set_latent
  [engine_accel_v5] L dict -> ShardedLatentDict
  [engine_accel_v5] get_latent/set_latent -> shard-direct
  [engine_accel_v5] RealizationOperator.step -> shard-based refresh
  ⟐ Injection (300 steps)...
  ⟐ Injection done (73s).
  seed=38 mat done. labels=22 links=2947 cids_total=74 hosted=22 ghosts=25
  seed=38 w=20 vLb=23 hosted=22 ghost=25 births=3 reaped=4 pickup=1u+2c cids_total=78 recip=80 138s
  seed=38 w=21 vLb=25 hosted=23 ghost=24 births=2 reaped=3 pickup=1u+1c cids_total=82 recip=116 139s
  seed=38 w=22 vLb=25 hosted=25 ghost=23 births=3 reaped=2 pickup=0u+3c cids_total=85 recip=131 139s
  seed=38 w=23 vLb=34 hosted=25 ghost=24 births=2 reaped=5 pickup=0u+2c cids_total=96 recip=141 139s
  seed=38 w=24 vLb=33 hosted=34 ghost=21 births=4 reaped=1 pickup=0u+4c cids_total=99 recip=173 139s
  seed=38 w=25 vLb=31 hosted=33 ghost=24 births=7 reaped=4 pickup=0u+7c cids_total=104 recip=208 139s
  seed=38 w=26 vLb=27 hosted=31 ghost=27 births=4 reaped=2 pickup=0u+4c cids_total=104 recip=219 139s
  seed=38 w=27 vLb=31 hosted=27 ghost=29 births=2 reaped=1 pickup=0u+2c cids_total=110 recip=219 138s
  seed=38 w=28 vLb=36 hosted=31 ghost=30 births=3 reaped=1 pickup=1u+2c cids_total=118 recip=248 138s
  seed=38 w=29 vLb=32 hosted=36 ghost=32 births=7 reaped=2 pickup=0u+7c cids_total=121 recip=267 139s

  seed=38 DONE in 4302s
    cids total:    121
    hosted now:    32
    ghosts now:    37
    reaped:        52
    label rows:    69
    subject rows:  66
    tag entries:   221
    total tags:    179
    tag dist:
             gain_social: 32
             loss_social: 7
          gain_stability: 6
          loss_stability: 5
             gain_spread: 1
             loss_spread: 5
        gain_familiarity: 39
        loss_familiarity: 84
    --- v9.8c Pickup ---
    death records:    37
      consumed:       37 (100.0%)
      expired:        0 (0.0%)
      active (end):   0
    pickups:          37
      uncontested:    3
      contested:      34
    ttl_bonus stats:
      max:  4
      mean: 0.31
      n>0:  26/121
    conv ratio:    3.0725768548663344
