  [engine_accel] Loaded: link_strength_sum, exclusion, latent_refresh, cycle_finder(C)
  [engine_accel_v3] Patched: key, get_latent, set_latent
  [engine_accel_v5] L dict -> ShardedLatentDict
  [engine_accel_v5] get_latent/set_latent -> shard-direct
  [engine_accel_v5] RealizationOperator.step -> shard-based refresh
  ⟐ Injection (300 steps)...
  ⟐ Injection done (71s).
  seed=35 mat done. labels=23 links=2932 cids_total=115 hosted=23 ghosts=57
  seed=35 w=20 vLb=25 hosted=23 ghost=57 births=4 reaped=4 pickup=1u+3c cids_total=121 recip=74 142s
  seed=35 w=21 vLb=25 hosted=25 ghost=57 births=4 reaped=4 pickup=1u+3c cids_total=125 recip=98 143s
  seed=35 w=22 vLb=26 hosted=25 ghost=57 births=4 reaped=3 pickup=1u+3c cids_total=130 recip=125 143s
  seed=35 w=23 vLb=22 hosted=26 ghost=58 births=5 reaped=4 pickup=0u+5c cids_total=131 recip=124 142s
  seed=35 w=24 vLb=24 hosted=22 ghost=59 births=2 reaped=13 pickup=0u+2c cids_total=135 recip=137 142s
  seed=35 w=25 vLb=26 hosted=24 ghost=48 births=3 reaped=6 pickup=0u+3c cids_total=140 recip=147 141s
  seed=35 w=26 vLb=26 hosted=26 ghost=45 births=3 reaped=7 pickup=1u+2c cids_total=143 recip=137 140s
  seed=35 w=27 vLb=20 hosted=26 ghost=41 births=6 reaped=6 pickup=1u+5c cids_total=143 recip=137 139s
  seed=35 w=28 vLb=19 hosted=20 ghost=41 births=1 reaped=6 pickup=0u+1c cids_total=143 recip=131 138s
  seed=35 w=29 vLb=26 hosted=19 ghost=36 births=0 reaped=4 pickup=0u+0c cids_total=150 recip=131 136s

  seed=35 DONE in 4345s
    cids total:    150
    hosted now:    26
    ghosts now:    32
    reaped:        92
    label rows:    58
    subject rows:  51
    tag entries:   185
    total tags:    134
    tag dist:
             gain_social: 32
             loss_social: 1
          gain_stability: 0
          loss_stability: 2
             gain_spread: 1
             loss_spread: 5
        gain_familiarity: 25
        loss_familiarity: 68
    --- v9.8c Pickup ---
    death records:    32
      consumed:       32 (100.0%)
      expired:        0 (0.0%)
      active (end):   0
    pickups:          32
      uncontested:    5
      contested:      27
    ttl_bonus stats:
      max:  3
      mean: 0.21
      n>0:  19/150
    conv ratio:    3.060522479063791
