  [engine_accel] Loaded: link_strength_sum, exclusion, latent_refresh, cycle_finder(C)
  [engine_accel_v3] Patched: key, get_latent, set_latent
  [engine_accel_v5] L dict -> ShardedLatentDict
  [engine_accel_v5] get_latent/set_latent -> shard-direct
  [engine_accel_v5] RealizationOperator.step -> shard-based refresh
  ⟐ Injection (300 steps)...
  ⟐ Injection done (73s).
  seed=36 mat done. labels=21 links=2859 cids_total=75 hosted=21 ghosts=29
  seed=36 w=20 vLb=23 hosted=21 ghost=29 births=3 reaped=1 pickup=1u+2c cids_total=80 recip=48 139s
  seed=36 w=21 vLb=31 hosted=23 ghost=31 births=3 reaped=11 pickup=0u+2c cids_total=91 recip=87 141s
  seed=36 w=22 vLb=33 hosted=31 ghost=23 births=6 reaped=3 pickup=0u+6c cids_total=99 recip=113 141s
  seed=36 w=23 vLb=31 hosted=33 ghost=26 births=5 reaped=2 pickup=1u+4c cids_total=102 recip=149 141s
  seed=36 w=24 vLb=27 hosted=31 ghost=29 births=5 reaped=2 pickup=0u+5c cids_total=103 recip=168 140s
  seed=36 w=25 vLb=28 hosted=27 ghost=32 births=3 reaped=2 pickup=1u+2c cids_total=107 recip=161 139s
  seed=36 w=26 vLb=29 hosted=28 ghost=33 births=4 reaped=2 pickup=1u+3c cids_total=112 recip=156 139s
  seed=36 w=27 vLb=29 hosted=29 ghost=35 births=5 reaped=4 pickup=0u+5c cids_total=117 recip=167 139s
  seed=36 w=28 vLb=28 hosted=29 ghost=36 births=4 reaped=2 pickup=1u+3c cids_total=120 recip=174 138s
  seed=36 w=29 vLb=29 hosted=28 ghost=38 births=5 reaped=0 pickup=0u+5c cids_total=126 recip=169 138s

  seed=36 DONE in 4316s
    cids total:    126
    hosted now:    29
    ghosts now:    43
    reaped:        54
    label rows:    72
    subject rows:  66
    tag entries:   214
    total tags:    185
    tag dist:
             gain_social: 34
             loss_social: 3
          gain_stability: 6
          loss_stability: 5
             gain_spread: 1
             loss_spread: 6
        gain_familiarity: 36
        loss_familiarity: 94
    --- v9.8c Pickup ---
    death records:    43
      consumed:       42 (97.7%)
      expired:        1 (2.3%)
      active (end):   0
    pickups:          42
      uncontested:    5
      contested:      37
    ttl_bonus stats:
      max:  4
      mean: 0.33
      n>0:  24/126
    conv ratio:    3.267498549234295
