  [engine_accel] Loaded: link_strength_sum, exclusion, latent_refresh, cycle_finder(C)
  [engine_accel_v3] Patched: key, get_latent, set_latent
  [engine_accel_v5] L dict -> ShardedLatentDict
  [engine_accel_v5] get_latent/set_latent -> shard-direct
  [engine_accel_v5] RealizationOperator.step -> shard-based refresh
  ⟐ Injection (300 steps)...
  ⟐ Injection done (71s).
  seed=43 mat done. labels=19 links=2989 cids_total=91 hosted=19 ghosts=39
  seed=43 w=20 vLb=19 hosted=19 ghost=39 births=2 reaped=4 pickup=1u+1c cids_total=93 recip=66 139s
  seed=43 w=21 vLb=17 hosted=19 ghost=37 births=4 reaped=2 pickup=0u+2c cids_total=95 recip=87 138s
  seed=43 w=22 vLb=17 hosted=17 ghost=39 births=1 reaped=5 pickup=0u+1c cids_total=96 recip=68 137s
  seed=43 w=23 vLb=17 hosted=17 ghost=35 births=3 reaped=10 pickup=4u+0c cids_total=99 recip=74 135s
  seed=43 w=24 vLb=16 hosted=17 ghost=28 births=2 reaped=3 pickup=0u+2c cids_total=100 recip=68 135s
  seed=43 w=25 vLb=18 hosted=16 ghost=27 births=0 reaped=2 pickup=0u+0c cids_total=102 recip=78 134s
  seed=43 w=26 vLb=24 hosted=18 ghost=25 births=1 reaped=4 pickup=0u+1c cids_total=109 recip=91 134s
  seed=43 w=27 vLb=19 hosted=24 ghost=22 births=5 reaped=3 pickup=2u+3c cids_total=109 recip=118 136s
  seed=43 w=28 vLb=16 hosted=19 ghost=24 births=3 reaped=6 pickup=1u+0c cids_total=109 recip=103 136s
  seed=43 w=29 vLb=19 hosted=16 ghost=21 births=0 reaped=0 pickup=1u+1c cids_total=112 recip=99 133s

  seed=43 DONE in 4284s
    cids total:    112
    hosted now:    19
    ghosts now:    21
    reaped:        72
    label rows:    40
    subject rows:  37
    tag entries:   145
    total tags:    119
    tag dist:
             gain_social: 14
             loss_social: 3
          gain_stability: 3
          loss_stability: 9
             gain_spread: 0
             loss_spread: 1
        gain_familiarity: 33
        loss_familiarity: 56
    --- v9.8c Pickup ---
    death records:    21
      consumed:       20 (95.2%)
      expired:        1 (4.8%)
      active (end):   0
    pickups:          20
      uncontested:    9
      contested:      11
    ttl_bonus stats:
      max:  5
      mean: 0.18
      n>0:  11/112
    conv ratio:    2.773285286730782
