  [engine_accel] Loaded: link_strength_sum, exclusion, latent_refresh, cycle_finder(C)
  [engine_accel_v3] Patched: key, get_latent, set_latent
  [engine_accel_v5] L dict -> ShardedLatentDict
  [engine_accel_v5] get_latent/set_latent -> shard-direct
  [engine_accel_v5] RealizationOperator.step -> shard-based refresh
  ⟐ Injection (300 steps)...
  ⟐ Injection done (72s).
  seed=16 mat done. labels=23 links=3009 cids_total=109 hosted=23 ghosts=53
  seed=16 w=20 vLb=21 hosted=23 ghost=53 births=5 reaped=2 pickup=2u+3c cids_total=112 recip=37 139s
  seed=16 w=21 vLb=18 hosted=21 ghost=56 births=3 reaped=10 pickup=1u+1c cids_total=112 recip=54 138s
  seed=16 w=22 vLb=21 hosted=18 ghost=49 births=3 reaped=7 pickup=1u+3c cids_total=118 recip=65 138s
  seed=16 w=23 vLb=21 hosted=21 ghost=45 births=4 reaped=7 pickup=0u+4c cids_total=122 recip=77 137s
  seed=16 w=24 vLb=29 hosted=21 ghost=42 births=3 reaped=6 pickup=0u+3c cids_total=133 recip=99 137s
  seed=16 w=25 vLb=27 hosted=29 ghost=39 births=7 reaped=8 pickup=0u+7c cids_total=138 recip=119 138s
  seed=16 w=26 vLb=29 hosted=27 ghost=38 births=4 reaped=4 pickup=1u+3c cids_total=144 recip=148 138s
  seed=16 w=27 vLb=28 hosted=29 ghost=38 births=6 reaped=4 pickup=0u+5c cids_total=149 recip=160 138s
  seed=16 w=28 vLb=26 hosted=28 ghost=40 births=4 reaped=3 pickup=1u+3c cids_total=151 recip=168 137s
  seed=16 w=29 vLb=29 hosted=26 ghost=41 births=2 reaped=2 pickup=0u+2c cids_total=156 recip=162 137s

  seed=16 DONE in 4287s
    cids total:    156
    hosted now:    29
    ghosts now:    41
    reaped:        86
    label rows:    70
    subject rows:  65
    tag entries:   178
    total tags:    146
    tag dist:
             gain_social: 24
             loss_social: 2
          gain_stability: 1
          loss_stability: 6
             gain_spread: 0
             loss_spread: 4
        gain_familiarity: 34
        loss_familiarity: 75
    --- v9.8c Pickup ---
    death records:    41
      consumed:       40 (97.6%)
      expired:        0 (0.0%)
      active (end):   1
    pickups:          40
      uncontested:    6
      contested:      34
    ttl_bonus stats:
      max:  3
      mean: 0.26
      n>0:  26/156
    conv ratio:    3.417789905614732
