  [engine_accel] Loaded: link_strength_sum, exclusion, latent_refresh, cycle_finder(C)
  [engine_accel_v3] Patched: key, get_latent, set_latent
  [engine_accel_v5] L dict -> ShardedLatentDict
  [engine_accel_v5] get_latent/set_latent -> shard-direct
  [engine_accel_v5] RealizationOperator.step -> shard-based refresh
  ⟐ Injection (300 steps)...
  ⟐ Injection done (75s).
  seed=8 mat done. labels=23 links=2890 cids_total=88 hosted=23 ghosts=38
  seed=8 w=20 vLb=18 hosted=23 ghost=38 births=5 reaped=3 pickup=1u+4c cids_total=88 recip=29 137s
  seed=8 w=21 vLb=15 hosted=18 ghost=40 births=4 reaped=1 pickup=1u+2c cids_total=89 recip=38 136s
  seed=8 w=22 vLb=18 hosted=15 ghost=43 births=0 reaped=3 pickup=0u+0c cids_total=92 recip=40 135s
  seed=8 w=23 vLb=20 hosted=18 ghost=40 births=2 reaped=3 pickup=0u+2c cids_total=96 recip=48 135s
  seed=8 w=24 vLb=16 hosted=20 ghost=39 births=4 reaped=2 pickup=1u+3c cids_total=96 recip=52 134s
  seed=8 w=25 vLb=17 hosted=16 ghost=41 births=2 reaped=3 pickup=0u+2c cids_total=99 recip=46 133s
  seed=8 w=26 vLb=15 hosted=17 ghost=40 births=3 reaped=2 pickup=1u+2c cids_total=100 recip=40 133s
  seed=8 w=27 vLb=18 hosted=15 ghost=41 births=2 reaped=6 pickup=0u+2c cids_total=105 recip=37 133s
  seed=8 w=28 vLb=18 hosted=18 ghost=37 births=2 reaped=7 pickup=1u+1c cids_total=107 recip=39 132s
  seed=8 w=29 vLb=17 hosted=18 ghost=32 births=3 reaped=8 pickup=3u+0c cids_total=109 recip=48 132s

  seed=8 DONE in 4251s
    cids total:    109
    hosted now:    17
    ghosts now:    27
    reaped:        65
    label rows:    44
    subject rows:  42
    tag entries:   136
    total tags:    119
    tag dist:
             gain_social: 12
             loss_social: 1
          gain_stability: 2
          loss_stability: 5
             gain_spread: 4
             loss_spread: 6
        gain_familiarity: 28
        loss_familiarity: 61
    --- v9.8c Pickup ---
    death records:    27
      consumed:       26 (96.3%)
      expired:        1 (3.7%)
      active (end):   0
    pickups:          26
      uncontested:    8
      contested:      18
    ttl_bonus stats:
      max:  3
      mean: 0.24
      n>0:  18/109
    conv ratio:    3.8084760229701793
