  [engine_accel] Loaded: link_strength_sum, exclusion, latent_refresh, cycle_finder(C)
  [engine_accel_v3] Patched: key, get_latent, set_latent
  [engine_accel_v5] L dict -> ShardedLatentDict
  [engine_accel_v5] get_latent/set_latent -> shard-direct
  [engine_accel_v5] RealizationOperator.step -> shard-based refresh
  ⟐ Injection (300 steps)...
  ⟐ Injection done (72s).
  seed=25 mat done. labels=27 links=2935 cids_total=84 hosted=27 ghosts=26
  seed=25 w=20 vLb=30 hosted=27 ghost=26 births=3 reaped=1 pickup=0u+3c cids_total=90 recip=73 141s
  seed=25 w=21 vLb=51 hosted=30 ghost=28 births=4 reaped=2 pickup=0u+4c cids_total=115 recip=106 143s
  seed=25 w=22 vLb=48 hosted=51 ghost=30 births=12 reaped=3 pickup=0u+12c cids_total=124 recip=192 145s
  seed=25 w=23 vLb=42 hosted=48 ghost=39 births=11 reaped=2 pickup=0u+11c cids_total=129 recip=261 145s
  seed=25 w=24 vLb=46 hosted=42 ghost=48 births=5 reaped=2 pickup=0u+5c cids_total=138 recip=275 144s
  seed=25 w=25 vLb=39 hosted=46 ghost=51 births=8 reaped=3 pickup=0u+8c cids_total=139 recip=301 143s
  seed=25 w=26 vLb=34 hosted=39 ghost=56 births=8 reaped=6 pickup=1u+7c cids_total=142 recip=275 142s
  seed=25 w=27 vLb=35 hosted=34 ghost=58 births=5 reaped=1 pickup=0u+5c cids_total=148 recip=234 140s
  seed=25 w=28 vLb=34 hosted=35 ghost=62 births=6 reaped=2 pickup=0u+6c cids_total=153 recip=241 140s
  seed=25 w=29 vLb=28 hosted=34 ghost=66 births=7 reaped=4 pickup=0u+7c cids_total=154 recip=246 138s

  seed=25 DONE in 4354s
    cids total:    154
    hosted now:    28
    ghosts now:    69
    reaped:        57
    label rows:    97
    subject rows:  96
    tag entries:   290
    total tags:    222
    tag dist:
             gain_social: 18
             loss_social: 2
          gain_stability: 8
          loss_stability: 7
             gain_spread: 1
             loss_spread: 7
        gain_familiarity: 43
        loss_familiarity: 136
    --- v9.8c Pickup ---
    death records:    69
      consumed:       69 (100.0%)
      expired:        0 (0.0%)
      active (end):   0
    pickups:          69
      uncontested:    1
      contested:      68
    ttl_bonus stats:
      max:  6
      mean: 0.45
      n>0:  37/154
    conv ratio:    3.6326339150452824
