  [engine_accel] Loaded: link_strength_sum, exclusion, latent_refresh, cycle_finder(C)
  [engine_accel_v3] Patched: key, get_latent, set_latent
  [engine_accel_v5] L dict -> ShardedLatentDict
  [engine_accel_v5] get_latent/set_latent -> shard-direct
  [engine_accel_v5] RealizationOperator.step -> shard-based refresh
  ⟐ Injection (300 steps)...
  ⟐ Injection done (73s).
  seed=7 mat done. labels=21 links=2955 cids_total=83 hosted=21 ghosts=33
  seed=7 w=20 vLb=24 hosted=21 ghost=33 births=3 reaped=3 pickup=1u+2c cids_total=89 recip=88 140s
  seed=7 w=21 vLb=20 hosted=24 ghost=33 births=5 reaped=4 pickup=1u+4c cids_total=90 recip=120 142s
  seed=7 w=22 vLb=25 hosted=20 ghost=34 births=1 reaped=0 pickup=0u+1c cids_total=96 recip=125 142s
  seed=7 w=23 vLb=21 hosted=25 ghost=35 births=4 reaped=0 pickup=0u+4c cids_total=96 recip=174 141s
  seed=7 w=24 vLb=19 hosted=21 ghost=39 births=4 reaped=6 pickup=2u+2c cids_total=98 recip=161 140s
  seed=7 w=25 vLb=22 hosted=19 ghost=37 births=0 reaped=7 pickup=0u+0c cids_total=101 recip=130 139s
  seed=7 w=26 vLb=17 hosted=22 ghost=30 births=5 reaped=4 pickup=0u+5c cids_total=101 recip=147 140s
  seed=7 w=27 vLb=19 hosted=17 ghost=31 births=1 reaped=1 pickup=1u+0c cids_total=104 recip=129 139s
  seed=7 w=28 vLb=19 hosted=19 ghost=31 births=1 reaped=3 pickup=0u+1c cids_total=105 recip=147 139s
  seed=7 w=29 vLb=25 hosted=19 ghost=29 births=0 reaped=5 pickup=0u+0c cids_total=111 recip=147 141s

  seed=7 DONE in 4368s
    cids total:    111
    hosted now:    25
    ghosts now:    24
    reaped:        62
    label rows:    49
    subject rows:  43
    tag entries:   164
    total tags:    123
    tag dist:
             gain_social: 13
             loss_social: 2
          gain_stability: 2
          loss_stability: 2
             gain_spread: 0
             loss_spread: 1
        gain_familiarity: 38
        loss_familiarity: 65
    --- v9.8c Pickup ---
    death records:    24
      consumed:       24 (100.0%)
      expired:        0 (0.0%)
      active (end):   0
    pickups:          24
      uncontested:    5
      contested:      19
    ttl_bonus stats:
      max:  3
      mean: 0.22
      n>0:  13/111
    conv ratio:    2.48921515515618
