  [engine_accel] Loaded: link_strength_sum, exclusion, latent_refresh, cycle_finder(C)
  [engine_accel_v3] Patched: key, get_latent, set_latent
  [engine_accel_v5] L dict -> ShardedLatentDict
  [engine_accel_v5] get_latent/set_latent -> shard-direct
  [engine_accel_v5] RealizationOperator.step -> shard-based refresh
  ⟐ Injection (300 steps)...
  ⟐ Injection done (70s).
  seed=45 mat done. labels=14 links=2926 cids_total=76 hosted=14 ghosts=31
  seed=45 w=20 vLb=18 hosted=14 ghost=31 births=3 reaped=5 pickup=0u+3c cids_total=83 recip=17 141s
  seed=45 w=21 vLb=23 hosted=18 ghost=29 births=2 reaped=2 pickup=0u+2c cids_total=90 recip=33 142s
  seed=45 w=22 vLb=24 hosted=23 ghost=29 births=3 reaped=4 pickup=0u+2c cids_total=94 recip=60 142s
  seed=45 w=23 vLb=21 hosted=24 ghost=28 births=6 reaped=3 pickup=1u+5c cids_total=97 recip=58 142s
  seed=45 w=24 vLb=22 hosted=21 ghost=31 births=4 reaped=2 pickup=0u+5c cids_total=102 recip=63 143s
  seed=45 w=25 vLb=23 hosted=22 ghost=33 births=3 reaped=3 pickup=0u+3c cids_total=106 recip=62 142s
  seed=45 w=26 vLb=18 hosted=23 ghost=33 births=5 reaped=5 pickup=2u+2c cids_total=106 recip=80 142s
  seed=45 w=27 vLb=21 hosted=18 ghost=33 births=0 reaped=4 pickup=0u+1c cids_total=109 recip=68 141s
  seed=45 w=28 vLb=22 hosted=21 ghost=29 births=1 reaped=2 pickup=0u+1c cids_total=111 recip=78 137s
  seed=45 w=29 vLb=24 hosted=22 ghost=28 births=4 reaped=1 pickup=1u+3c cids_total=117 recip=80 131s

  seed=45 DONE in 4368s
    cids total:    117
    hosted now:    24
    ghosts now:    31
    reaped:        62
    label rows:    55
    subject rows:  49
    tag entries:   157
    total tags:    141
    tag dist:
             gain_social: 17
             loss_social: 6
          gain_stability: 6
          loss_stability: 3
             gain_spread: 4
             loss_spread: 8
        gain_familiarity: 27
        loss_familiarity: 70
    --- v9.8c Pickup ---
    death records:    31
      consumed:       31 (100.0%)
      expired:        0 (0.0%)
      active (end):   0
    pickups:          31
      uncontested:    4
      contested:      27
    ttl_bonus stats:
      max:  4
      mean: 0.26
      n>0:  21/117
    conv ratio:    3.7490310495431602
