  [engine_accel] Loaded: link_strength_sum, exclusion, latent_refresh, cycle_finder(C)
  [engine_accel_v3] Patched: key, get_latent, set_latent
  [engine_accel_v5] L dict -> ShardedLatentDict
  [engine_accel_v5] get_latent/set_latent -> shard-direct
  [engine_accel_v5] RealizationOperator.step -> shard-based refresh
  ⟐ Injection (300 steps)...
  ⟐ Injection done (71s).
  seed=47 mat done. labels=38 links=3017 cids_total=112 hosted=38 ghosts=48
  seed=47 w=20 vLb=32 hosted=38 ghost=48 births=7 reaped=6 pickup=0u+7c cids_total=113 recip=132 135s
  seed=47 w=21 vLb=32 hosted=32 ghost=49 births=5 reaped=7 pickup=0u+5c cids_total=118 recip=170 136s
  seed=47 w=22 vLb=36 hosted=32 ghost=47 births=5 reaped=4 pickup=0u+5c cids_total=127 recip=211 137s
  seed=47 w=23 vLb=34 hosted=36 ghost=48 births=9 reaped=5 pickup=0u+9c cids_total=134 recip=239 137s
  seed=47 w=24 vLb=28 hosted=34 ghost=52 births=8 reaped=8 pickup=0u+8c cids_total=136 recip=235 135s
  seed=47 w=25 vLb=30 hosted=28 ghost=52 births=2 reaped=5 pickup=0u+2c cids_total=140 recip=243 132s
  seed=47 w=26 vLb=33 hosted=30 ghost=49 births=5 reaped=5 pickup=0u+5c cids_total=148 recip=261 131s
  seed=47 w=27 vLb=34 hosted=33 ghost=49 births=2 reaped=4 pickup=0u+2c cids_total=151 recip=271 131s
  seed=47 w=28 vLb=32 hosted=34 ghost=47 births=4 reaped=2 pickup=0u+4c cids_total=153 recip=315 131s
  seed=47 w=29 vLb=32 hosted=32 ghost=49 births=3 reaped=2 pickup=0u+3c cids_total=156 recip=309 130s

  seed=47 DONE in 4220s
    cids total:    156
    hosted now:    32
    ghosts now:    50
    reaped:        74
    label rows:    82
    subject rows:  79
    tag entries:   250
    total tags:    185
    tag dist:
             gain_social: 25
             loss_social: 4
          gain_stability: 7
          loss_stability: 3
             gain_spread: 1
             loss_spread: 7
        gain_familiarity: 37
        loss_familiarity: 101
    --- v9.8c Pickup ---
    death records:    50
      consumed:       50 (100.0%)
      expired:        0 (0.0%)
      active (end):   0
    pickups:          50
      uncontested:    0
      contested:      50
    ttl_bonus stats:
      max:  3
      mean: 0.32
      n>0:  29/156
    conv ratio:    3.0009965995112298
