  [engine_accel] Loaded: link_strength_sum, exclusion, latent_refresh, cycle_finder(C)
  [engine_accel_v3] Patched: key, get_latent, set_latent
  [engine_accel_v5] L dict -> ShardedLatentDict
  [engine_accel_v5] get_latent/set_latent -> shard-direct
  [engine_accel_v5] RealizationOperator.step -> shard-based refresh
  ⟐ Injection (300 steps)...
  ⟐ Injection done (75s).
  seed=19 mat done. labels=24 links=2942 cids_total=86 hosted=24 ghosts=38
  seed=19 w=20 vLb=27 hosted=24 ghost=38 births=6 reaped=5 pickup=2u+4c cids_total=95 recip=40 143s
  seed=19 w=21 vLb=19 hosted=27 ghost=39 births=10 reaped=6 pickup=5u+3c cids_total=97 recip=65 143s
  seed=19 w=22 vLb=17 hosted=19 ghost=43 births=3 reaped=1 pickup=0u+3c cids_total=98 recip=59 143s
  seed=19 w=23 vLb=20 hosted=17 ghost=45 births=0 reaped=1 pickup=1u+0c cids_total=101 recip=66 143s
  seed=19 w=24 vLb=30 hosted=20 ghost=44 births=2 reaped=5 pickup=0u+3c cids_total=113 recip=69 143s
  seed=19 w=25 vLb=34 hosted=30 ghost=41 births=6 reaped=3 pickup=0u+6c cids_total=123 recip=95 143s
  seed=19 w=26 vLb=31 hosted=34 ghost=44 births=8 reaped=4 pickup=0u+8c cids_total=128 recip=137 143s
  seed=19 w=27 vLb=29 hosted=31 ghost=48 births=3 reaped=4 pickup=1u+2c cids_total=129 recip=138 141s
  seed=19 w=28 vLb=29 hosted=29 ghost=47 births=6 reaped=3 pickup=0u+6c cids_total=135 recip=153 140s
  seed=19 w=29 vLb=26 hosted=29 ghost=50 births=5 reaped=6 pickup=1u+4c cids_total=137 recip=155 140s

  seed=19 DONE in 4363s
    cids total:    137
    hosted now:    26
    ghosts now:    49
    reaped:        62
    label rows:    75
    subject rows:  73
    tag entries:   187
    total tags:    147
    tag dist:
             gain_social: 16
             loss_social: 3
          gain_stability: 0
          loss_stability: 5
             gain_spread: 0
             loss_spread: 5
        gain_familiarity: 35
        loss_familiarity: 83
    --- v9.8c Pickup ---
    death records:    49
      consumed:       49 (100.0%)
      expired:        0 (0.0%)
      active (end):   0
    pickups:          49
      uncontested:    10
      contested:      39
    ttl_bonus stats:
      max:  3
      mean: 0.36
      n>0:  27/137
    conv ratio:    3.60753620013478
