  [engine_accel] Loaded: link_strength_sum, exclusion, latent_refresh, cycle_finder(C)
  [engine_accel_v3] Patched: key, get_latent, set_latent
  [engine_accel_v5] L dict -> ShardedLatentDict
  [engine_accel_v5] get_latent/set_latent -> shard-direct
  [engine_accel_v5] RealizationOperator.step -> shard-based refresh
  ⟐ Injection (300 steps)...
  ⟐ Injection done (74s).
  seed=5 mat done. labels=21 links=2885 cids_total=72 hosted=21 ghosts=25
  seed=5 w=20 vLb=18 hosted=21 ghost=25 births=4 reaped=1 pickup=0u+3c cids_total=73 recip=45 139s
  seed=5 w=21 vLb=19 hosted=18 ghost=28 births=4 reaped=1 pickup=1u+3c cids_total=78 recip=53 139s
  seed=5 w=22 vLb=21 hosted=19 ghost=31 births=2 reaped=5 pickup=1u+2c cids_total=82 recip=61 138s
  seed=5 w=23 vLb=21 hosted=21 ghost=28 births=5 reaped=2 pickup=2u+3c cids_total=87 recip=71 138s
  seed=5 w=24 vLb=26 hosted=21 ghost=31 births=3 reaped=2 pickup=1u+2c cids_total=95 recip=82 139s
  seed=5 w=25 vLb=21 hosted=26 ghost=32 births=9 reaped=1 pickup=1u+8c cids_total=99 recip=106 139s
  seed=5 w=26 vLb=18 hosted=21 ghost=40 births=5 reaped=2 pickup=1u+3c cids_total=101 recip=93 138s
  seed=5 w=27 vLb=24 hosted=18 ghost=43 births=4 reaped=7 pickup=1u+4c cids_total=111 recip=79 136s
  seed=5 w=28 vLb=25 hosted=24 ghost=40 births=5 reaped=0 pickup=0u+4c cids_total=117 recip=98 136s
  seed=5 w=29 vLb=22 hosted=25 ghost=45 births=5 reaped=4 pickup=1u+4c cids_total=119 recip=127 135s

  seed=5 DONE in 4268s
    cids total:    119
    hosted now:    22
    ghosts now:    46
    reaped:        51
    label rows:    68
    subject rows:  66
    tag entries:   148
    total tags:    121
    tag dist:
             gain_social: 27
             loss_social: 1
          gain_stability: 3
          loss_stability: 2
             gain_spread: 0
             loss_spread: 3
        gain_familiarity: 20
        loss_familiarity: 65
    --- v9.8c Pickup ---
    death records:    46
      consumed:       45 (97.8%)
      expired:        0 (0.0%)
      active (end):   1
    pickups:          45
      uncontested:    9
      contested:      36
    ttl_bonus stats:
      max:  4
      mean: 0.38
      n>0:  27/119
    conv ratio:    3.3328798346280375
