  [engine_accel] Loaded: link_strength_sum, exclusion, latent_refresh, cycle_finder(C)
  [engine_accel_v3] Patched: key, get_latent, set_latent
  [engine_accel_v5] L dict -> ShardedLatentDict
  [engine_accel_v5] get_latent/set_latent -> shard-direct
  [engine_accel_v5] RealizationOperator.step -> shard-based refresh
  ⟐ Injection (300 steps)...
  ⟐ Injection done (73s).
  seed=32 mat done. labels=28 links=2953 cids_total=87 hosted=28 ghosts=43
  seed=32 w=20 vLb=32 hosted=28 ghost=43 births=5 reaped=2 pickup=0u+5c cids_total=96 recip=102 139s
  seed=32 w=21 vLb=33 hosted=32 ghost=46 births=10 reaped=3 pickup=0u+9c cids_total=107 recip=144 140s
  seed=32 w=22 vLb=29 hosted=33 ghost=53 births=9 reaped=2 pickup=1u+8c cids_total=112 recip=143 140s
  seed=32 w=23 vLb=28 hosted=29 ghost=60 births=6 reaped=5 pickup=2u+4c cids_total=117 recip=143 139s
  seed=32 w=24 vLb=24 hosted=28 ghost=61 births=4 reaped=3 pickup=0u+4c cids_total=117 recip=168 139s
  seed=32 w=25 vLb=22 hosted=24 ghost=62 births=3 reaped=8 pickup=1u+2c cids_total=118 recip=156 139s
  seed=32 w=26 vLb=25 hosted=22 ghost=57 births=0 reaped=9 pickup=0u+0c cids_total=121 recip=142 139s
  seed=32 w=27 vLb=28 hosted=25 ghost=48 births=3 reaped=1 pickup=1u+2c cids_total=127 recip=146 138s
  seed=32 w=28 vLb=30 hosted=28 ghost=50 births=2 reaped=6 pickup=1u+1c cids_total=131 recip=184 138s
  seed=32 w=29 vLb=37 hosted=30 ghost=46 births=4 reaped=4 pickup=0u+4c cids_total=142 recip=206 135s

  seed=32 DONE in 4298s
    cids total:    142
    hosted now:    37
    ghosts now:    46
    reaped:        59
    label rows:    83
    subject rows:  72
    tag entries:   207
    total tags:    165
    tag dist:
             gain_social: 22
             loss_social: 3
          gain_stability: 4
          loss_stability: 1
             gain_spread: 2
             loss_spread: 6
        gain_familiarity: 34
        loss_familiarity: 93
    --- v9.8c Pickup ---
    death records:    46
      consumed:       45 (97.8%)
      expired:        1 (2.2%)
      active (end):   0
    pickups:          45
      uncontested:    6
      contested:      39
    ttl_bonus stats:
      max:  3
      mean: 0.32
      n>0:  30/142
    conv ratio:    3.2583771762232026
