  [engine_accel] Loaded: link_strength_sum, exclusion, latent_refresh, cycle_finder(C)
  [engine_accel_v3] Patched: key, get_latent, set_latent
  [engine_accel_v5] L dict -> ShardedLatentDict
  [engine_accel_v5] get_latent/set_latent -> shard-direct
  [engine_accel_v5] RealizationOperator.step -> shard-based refresh
  ⟐ Injection (300 steps)...
  ⟐ Injection done (71s).
  seed=28 mat done. labels=18 links=2918 cids_total=105 hosted=18 ghosts=50
  seed=28 w=20 vLb=16 hosted=18 ghost=50 births=2 reaped=5 pickup=1u+1c cids_total=105 recip=29 140s
  seed=28 w=21 vLb=18 hosted=16 ghost=47 births=1 reaped=7 pickup=0u+0c cids_total=108 recip=43 141s
  seed=28 w=22 vLb=20 hosted=18 ghost=41 births=1 reaped=3 pickup=0u+1c cids_total=111 recip=55 140s
  seed=28 w=23 vLb=25 hosted=20 ghost=39 births=2 reaped=4 pickup=1u+1c cids_total=118 recip=70 140s
  seed=28 w=24 vLb=24 hosted=25 ghost=37 births=2 reaped=2 pickup=0u+2c cids_total=119 recip=88 140s
  seed=28 w=25 vLb=25 hosted=24 ghost=37 births=4 reaped=4 pickup=0u+4c cids_total=124 recip=96 140s
  seed=28 w=26 vLb=26 hosted=25 ghost=37 births=2 reaped=6 pickup=0u+2c cids_total=127 recip=98 137s
  seed=28 w=27 vLb=30 hosted=26 ghost=33 births=2 reaped=7 pickup=0u+2c cids_total=133 recip=98 136s
  seed=28 w=28 vLb=32 hosted=30 ghost=28 births=3 reaped=9 pickup=0u+3c cids_total=138 recip=123 136s
  seed=28 w=29 vLb=25 hosted=32 ghost=22 births=8 reaped=3 pickup=0u+6c cids_total=139 recip=129 136s

  seed=28 DONE in 4347s
    cids total:    139
    hosted now:    25
    ghosts now:    27
    reaped:        87
    label rows:    52
    subject rows:  51
    tag entries:   183
    total tags:    150
    tag dist:
             gain_social: 23
             loss_social: 7
          gain_stability: 2
          loss_stability: 1
             gain_spread: 0
             loss_spread: 3
        gain_familiarity: 38
        loss_familiarity: 76
    --- v9.8c Pickup ---
    death records:    27
      consumed:       24 (88.9%)
      expired:        1 (3.7%)
      active (end):   2
    pickups:          24
      uncontested:    2
      contested:      22
    ttl_bonus stats:
      max:  3
      mean: 0.17
      n>0:  18/139
    conv ratio:    3.6660373428366273
