  [engine_accel] Loaded: link_strength_sum, exclusion, latent_refresh, cycle_finder(C)
  [engine_accel_v3] Patched: key, get_latent, set_latent
  [engine_accel_v5] L dict -> ShardedLatentDict
  [engine_accel_v5] get_latent/set_latent -> shard-direct
  [engine_accel_v5] RealizationOperator.step -> shard-based refresh
  ⟐ Injection (300 steps)...
  ⟐ Injection done (76s).
  seed=13 mat done. labels=24 links=2956 cids_total=77 hosted=24 ghosts=29
  seed=13 w=20 vLb=28 hosted=24 ghost=29 births=3 reaped=4 pickup=0u+3c cids_total=84 recip=88 140s
  seed=13 w=21 vLb=24 hosted=28 ghost=28 births=5 reaped=4 pickup=1u+4c cids_total=85 recip=134 142s
  seed=13 w=22 vLb=24 hosted=24 ghost=29 births=4 reaped=2 pickup=0u+4c cids_total=89 recip=157 141s
  seed=13 w=23 vLb=23 hosted=24 ghost=31 births=4 reaped=2 pickup=1u+2c cids_total=92 recip=153 140s
  seed=13 w=24 vLb=23 hosted=23 ghost=33 births=3 reaped=4 pickup=0u+4c cids_total=95 recip=139 140s
  seed=13 w=25 vLb=27 hosted=23 ghost=32 births=5 reaped=1 pickup=1u+4c cids_total=104 recip=133 139s
  seed=13 w=26 vLb=24 hosted=27 ghost=36 births=5 reaped=3 pickup=0u+5c cids_total=106 recip=152 137s
  seed=13 w=27 vLb=25 hosted=24 ghost=38 births=4 reaped=2 pickup=1u+2c cids_total=111 recip=155 136s
  seed=13 w=28 vLb=24 hosted=25 ghost=40 births=4 reaped=2 pickup=0u+5c cids_total=114 recip=163 136s
  seed=13 w=29 vLb=29 hosted=24 ghost=42 births=3 reaped=5 pickup=0u+3c cids_total=122 recip=156 136s

  seed=13 DONE in 4320s
    cids total:    122
    hosted now:    29
    ghosts now:    40
    reaped:        53
    label rows:    69
    subject rows:  61
    tag entries:   185
    total tags:    144
    tag dist:
             gain_social: 18
             loss_social: 4
          gain_stability: 3
          loss_stability: 2
             gain_spread: 1
             loss_spread: 7
        gain_familiarity: 33
        loss_familiarity: 76
    --- v9.8c Pickup ---
    death records:    40
      consumed:       40 (100.0%)
      expired:        0 (0.0%)
      active (end):   0
    pickups:          40
      uncontested:    4
      contested:      36
    ttl_bonus stats:
      max:  5
      mean: 0.33
      n>0:  26/122
    conv ratio:    2.85869195893808
