  [engine_accel] Loaded: link_strength_sum, exclusion, latent_refresh, cycle_finder(C)
  [engine_accel_v3] Patched: key, get_latent, set_latent
  [engine_accel_v5] L dict -> ShardedLatentDict
  [engine_accel_v5] get_latent/set_latent -> shard-direct
  [engine_accel_v5] RealizationOperator.step -> shard-based refresh
  ⟐ Injection (300 steps)...
  ⟐ Injection done (70s).
  seed=1 mat done. labels=17 links=2878 cids_total=79 hosted=17 ghosts=41
  seed=1 w=20 vLb=30 hosted=17 ghost=41 births=2 reaped=1 pickup=1u+1c cids_total=94 recip=23 131s
  seed=1 w=21 vLb=19 hosted=30 ghost=42 births=11 reaped=3 pickup=2u+8c cids_total=94 recip=55 131s
  seed=1 w=22 vLb=20 hosted=19 ghost=50 births=2 reaped=2 pickup=0u+2c cids_total=97 recip=49 130s
  seed=1 w=23 vLb=23 hosted=20 ghost=50 births=3 reaped=7 pickup=0u+4c cids_total=103 recip=51 129s
  seed=1 w=24 vLb=20 hosted=23 ghost=46 births=6 reaped=5 pickup=1u+4c cids_total=106 recip=66 129s
  seed=1 w=25 vLb=17 hosted=20 ghost=47 births=3 reaped=5 pickup=0u+2c cids_total=106 recip=48 127s
  seed=1 w=26 vLb=15 hosted=17 ghost=45 births=2 reaped=0 pickup=0u+2c cids_total=106 recip=39 127s
  seed=1 w=27 vLb=19 hosted=15 ghost=47 births=1 reaped=7 pickup=2u+1c cids_total=111 recip=26 126s
  seed=1 w=28 vLb=16 hosted=19 ghost=41 births=3 reaped=4 pickup=1u+2c cids_total=111 recip=36 126s
  seed=1 w=29 vLb=18 hosted=16 ghost=40 births=3 reaped=7 pickup=0u+3c cids_total=116 recip=40 125s
  seed=1 w=30 vLb=20 hosted=18 ghost=36 births=0 reaped=2 pickup=0u+0c cids_total=118 recip=47 124s
  seed=1 w=31 vLb=17 hosted=20 ghost=34 births=5 reaped=10 pickup=2u+1c cids_total=120 recip=57 125s
  seed=1 w=32 vLb=22 hosted=17 ghost=29 births=2 reaped=3 pickup=0u+3c cids_total=127 recip=50 124s
  seed=1 w=33 vLb=24 hosted=22 ghost=28 births=4 reaped=2 pickup=2u+3c cids_total=133 recip=70 125s
  seed=1 w=34 vLb=22 hosted=24 ghost=30 births=4 reaped=6 pickup=0u+4c cids_total=135 recip=79 125s
  seed=1 w=35 vLb=23 hosted=22 ghost=28 births=3 reaped=4 pickup=1u+2c cids_total=139 recip=81 124s
  seed=1 w=36 vLb=28 hosted=23 ghost=27 births=2 reaped=0 pickup=0u+2c cids_total=146 recip=94 124s
  seed=1 w=37 vLb=22 hosted=28 ghost=29 births=6 reaped=0 pickup=1u+4c cids_total=146 recip=112 124s
  seed=1 w=38 vLb=23 hosted=22 ghost=35 births=3 reaped=6 pickup=0u+3c cids_total=150 recip=106 123s
  seed=1 w=39 vLb=24 hosted=23 ghost=32 births=3 reaped=1 pickup=0u+3c cids_total=154 recip=106 123s
  seed=1 w=40 vLb=29 hosted=24 ghost=34 births=4 reaped=1 pickup=0u+5c cids_total=163 recip=129 123s
  seed=1 w=41 vLb=30 hosted=29 ghost=37 births=4 reaped=4 pickup=0u+4c cids_total=168 recip=144 122s
  seed=1 w=42 vLb=30 hosted=30 ghost=37 births=6 reaped=4 pickup=0u+6c cids_total=174 recip=157 122s
  seed=1 w=43 vLb=22 hosted=30 ghost=39 births=9 reaped=3 pickup=1u+8c cids_total=175 recip=167 122s
  seed=1 w=44 vLb=25 hosted=22 ghost=45 births=1 reaped=4 pickup=0u+1c cids_total=179 recip=142 122s
  seed=1 w=45 vLb=25 hosted=25 ghost=42 births=1 reaped=4 pickup=0u+1c cids_total=180 recip=161 121s
  seed=1 w=46 vLb=32 hosted=25 ghost=39 births=1 reaped=2 pickup=0u+1c cids_total=188 recip=170 120s
  seed=1 w=47 vLb=32 hosted=32 ghost=38 births=5 reaped=5 pickup=0u+5c cids_total=193 recip=203 120s
  seed=1 w=48 vLb=24 hosted=32 ghost=38 births=8 reaped=3 pickup=0u+8c cids_total=193 recip=205 120s
  seed=1 w=49 vLb=25 hosted=24 ghost=43 births=0 reaped=2 pickup=0u+0c cids_total=194 recip=178 119s
  seed=1 w=50 vLb=31 hosted=25 ghost=41 births=2 reaped=5 pickup=1u+1c cids_total=202 recip=200 119s
  seed=1 w=51 vLb=29 hosted=31 ghost=38 births=5 reaped=3 pickup=0u+5c cids_total=205 recip=244 120s
  seed=1 w=52 vLb=28 hosted=29 ghost=40 births=5 reaped=5 pickup=1u+4c cids_total=209 recip=250 120s
  seed=1 w=53 vLb=30 hosted=28 ghost=40 births=2 reaped=7 pickup=0u+2c cids_total=213 recip=235 120s
  seed=1 w=54 vLb=32 hosted=30 ghost=35 births=5 reaped=3 pickup=2u+2c cids_total=220 recip=251 119s
  seed=1 w=55 vLb=28 hosted=32 ghost=37 births=6 reaped=3 pickup=1u+5c cids_total=222 recip=263 119s
  seed=1 w=56 vLb=26 hosted=28 ghost=40 births=3 reaped=2 pickup=1u+2c cids_total=223 recip=241 118s
  seed=1 w=57 vLb=31 hosted=26 ghost=41 births=3 reaped=2 pickup=0u+4c cids_total=231 recip=225 118s
  seed=1 w=58 vLb=29 hosted=31 ghost=42 births=5 reaped=8 pickup=0u+5c cids_total=234 recip=225 118s
  seed=1 w=59 vLb=28 hosted=29 ghost=39 births=3 reaped=3 pickup=0u+3c cids_total=236 recip=245 118s
  seed=1 w=60 vLb=31 hosted=28 ghost=39 births=0 reaped=0 pickup=0u+0c cids_total=239 recip=255 117s
  seed=1 w=61 vLb=33 hosted=31 ghost=39 births=3 reaped=7 pickup=0u+3c cids_total=244 recip=264 117s
  seed=1 w=62 vLb=33 hosted=33 ghost=35 births=2 reaped=3 pickup=0u+2c cids_total=246 recip=298 117s
  seed=1 w=63 vLb=33 hosted=33 ghost=34 births=3 reaped=2 pickup=0u+3c cids_total=249 recip=290 116s
  seed=1 w=64 vLb=33 hosted=33 ghost=35 births=3 reaped=6 pickup=0u+3c cids_total=252 recip=320 116s
  seed=1 w=65 vLb=33 hosted=33 ghost=32 births=4 reaped=6 pickup=0u+4c cids_total=256 recip=319 117s
  seed=1 w=66 vLb=30 hosted=33 ghost=30 births=5 reaped=2 pickup=1u+4c cids_total=258 recip=305 116s
  seed=1 w=67 vLb=32 hosted=30 ghost=33 births=1 reaped=2 pickup=0u+1c cids_total=261 recip=308 115s
  seed=1 w=68 vLb=40 hosted=32 ghost=32 births=0 reaped=6 pickup=0u+0c cids_total=269 recip=366 114s
  seed=1 w=69 vLb=34 hosted=40 ghost=26 births=6 reaped=4 pickup=2u+4c cids_total=269 recip=427 112s

  seed=1 DONE in 8814s
    cids total:    269
    hosted now:    34
    ghosts now:    28
    reaped:        207
    label rows:    207
    subject rows:  207
    tag entries:   1096
    total tags:    748
    tag dist:
             gain_social: 86
             loss_social: 26
          gain_stability: 18
          loss_stability: 19
             gain_spread: 7
             loss_spread: 13
        gain_familiarity: 205
        loss_familiarity: 374
    --- v9.8c Pickup ---
    death records:    173
      consumed:       173 (100.0%)
      expired:        0 (0.0%)
      active (end):   0
    pickups:          173
      uncontested:    23
      contested:      150
    ttl_bonus stats:
      max:  12
      mean: 0.64
      n>0:  68/269
    conv ratio:    3.1129711582060824
