  [engine_accel] Loaded: link_strength_sum, exclusion, latent_refresh, cycle_finder(C)
  [engine_accel_v3] Patched: key, get_latent, set_latent
  [engine_accel_v5] L dict -> ShardedLatentDict
  [engine_accel_v5] get_latent/set_latent -> shard-direct
  [engine_accel_v5] RealizationOperator.step -> shard-based refresh
  ⟐ Injection (300 steps)...
  ⟐ Injection done (72s).
  seed=33 mat done. labels=26 links=2982 cids_total=87 hosted=26 ghosts=33
  seed=33 w=20 vLb=27 hosted=26 ghost=33 births=8 reaped=3 pickup=3u+5c cids_total=96 recip=47 143s
  seed=33 w=21 vLb=27 hosted=27 ghost=38 births=3 reaped=4 pickup=0u+3c cids_total=99 recip=80 143s
  seed=33 w=22 vLb=28 hosted=27 ghost=37 births=4 reaped=1 pickup=0u+4c cids_total=104 recip=98 145s
  seed=33 w=23 vLb=23 hosted=28 ghost=40 births=7 reaped=2 pickup=0u+7c cids_total=106 recip=117 144s
  seed=33 w=24 vLb=25 hosted=23 ghost=45 births=3 reaped=5 pickup=1u+1c cids_total=111 recip=117 142s
  seed=33 w=25 vLb=22 hosted=25 ghost=43 births=3 reaped=4 pickup=1u+2c cids_total=111 recip=132 141s
  seed=33 w=26 vLb=29 hosted=22 ghost=42 births=4 reaped=2 pickup=0u+5c cids_total=122 recip=122 140s
  seed=33 w=27 vLb=31 hosted=29 ghost=44 births=7 reaped=2 pickup=1u+5c cids_total=131 recip=124 140s
  seed=33 w=28 vLb=28 hosted=31 ghost=49 births=7 reaped=5 pickup=1u+7c cids_total=135 recip=116 138s
  seed=33 w=29 vLb=26 hosted=28 ghost=51 births=4 reaped=5 pickup=1u+3c cids_total=137 recip=128 136s

  seed=33 DONE in 4351s
    cids total:    137
    hosted now:    26
    ghosts now:    50
    reaped:        61
    label rows:    76
    subject rows:  74
    tag entries:   192
    total tags:    151
    tag dist:
             gain_social: 21
             loss_social: 9
          gain_stability: 1
          loss_stability: 3
             gain_spread: 0
             loss_spread: 8
        gain_familiarity: 20
        loss_familiarity: 89
    --- v9.8c Pickup ---
    death records:    50
      consumed:       50 (100.0%)
      expired:        0 (0.0%)
      active (end):   0
    pickups:          50
      uncontested:    8
      contested:      42
    ttl_bonus stats:
      max:  3
      mean: 0.36
      n>0:  33/137
    conv ratio:    3.4702085799036224
