  [engine_accel] Loaded: link_strength_sum, exclusion, latent_refresh, cycle_finder(C)
  [engine_accel_v3] Patched: key, get_latent, set_latent
  [engine_accel_v5] L dict -> ShardedLatentDict
  [engine_accel_v5] get_latent/set_latent -> shard-direct
  [engine_accel_v5] RealizationOperator.step -> shard-based refresh
  ⟐ Injection (300 steps)...
  ⟐ Injection done (69s).
  seed=46 mat done. labels=30 links=3044 cids_total=121 hosted=30 ghosts=48
  seed=46 w=20 vLb=27 hosted=30 ghost=48 births=6 reaped=1 pickup=0u+6c cids_total=124 recip=89 142s
  seed=46 w=21 vLb=25 hosted=27 ghost=53 births=6 reaped=7 pickup=0u+5c cids_total=128 recip=96 140s
  seed=46 w=22 vLb=31 hosted=25 ghost=52 births=2 reaped=3 pickup=1u+2c cids_total=136 recip=106 138s
  seed=46 w=23 vLb=38 hosted=31 ghost=51 births=4 reaped=2 pickup=0u+4c cids_total=147 recip=129 138s
  seed=46 w=24 vLb=32 hosted=38 ghost=53 births=8 reaped=6 pickup=1u+7c cids_total=149 recip=149 138s
  seed=46 w=25 vLb=30 hosted=32 ghost=55 births=7 reaped=3 pickup=1u+5c cids_total=154 recip=157 137s
  seed=46 w=26 vLb=27 hosted=30 ghost=59 births=7 reaped=4 pickup=0u+7c cids_total=158 recip=166 137s
  seed=46 w=27 vLb=33 hosted=27 ghost=62 births=3 reaped=13 pickup=1u+3c cids_total=167 recip=141 138s
  seed=46 w=28 vLb=23 hosted=33 ghost=52 births=11 reaped=4 pickup=5u+6c cids_total=168 recip=153 138s
  seed=46 w=29 vLb=21 hosted=23 ghost=59 births=3 reaped=5 pickup=0u+3c cids_total=169 recip=125 135s

  seed=46 DONE in 4275s
    cids total:    169
    hosted now:    21
    ghosts now:    57
    reaped:        91
    label rows:    78
    subject rows:  77
    tag entries:   219
    total tags:    170
    tag dist:
             gain_social: 8
             loss_social: 2
          gain_stability: 5
          loss_stability: 3
             gain_spread: 5
             loss_spread: 10
        gain_familiarity: 29
        loss_familiarity: 108
    --- v9.8c Pickup ---
    death records:    57
      consumed:       57 (100.0%)
      expired:        0 (0.0%)
      active (end):   0
    pickups:          57
      uncontested:    9
      contested:      48
    ttl_bonus stats:
      max:  5
      mean: 0.34
      n>0:  34/169
    conv ratio:    3.611598579226023
