  [engine_accel] Loaded: link_strength_sum, exclusion, latent_refresh, cycle_finder(C)
  [engine_accel_v3] Patched: key, get_latent, set_latent
  [engine_accel_v5] L dict -> ShardedLatentDict
  [engine_accel_v5] get_latent/set_latent -> shard-direct
  [engine_accel_v5] RealizationOperator.step -> shard-based refresh
  ⟐ Injection (300 steps)...
  ⟐ Injection done (73s).
  seed=10 mat done. labels=21 links=2956 cids_total=84 hosted=21 ghosts=31
  seed=10 w=20 vLb=25 hosted=21 ghost=31 births=3 reaped=1 pickup=0u+3c cids_total=91 recip=74 141s
  seed=10 w=21 vLb=28 hosted=25 ghost=33 births=3 reaped=4 pickup=0u+3c cids_total=97 recip=117 141s
  seed=10 w=22 vLb=31 hosted=28 ghost=32 births=3 reaped=3 pickup=0u+3c cids_total=103 recip=156 140s
  seed=10 w=23 vLb=34 hosted=31 ghost=32 births=3 reaped=2 pickup=0u+3c cids_total=109 recip=170 137s
  seed=10 w=24 vLb=34 hosted=34 ghost=33 births=6 reaped=3 pickup=1u+5c cids_total=115 recip=168 137s
  seed=10 w=25 vLb=29 hosted=34 ghost=36 births=6 reaped=1 pickup=0u+5c cids_total=116 recip=180 136s
  seed=10 w=26 vLb=26 hosted=29 ghost=41 births=8 reaped=3 pickup=0u+8c cids_total=121 recip=162 135s
  seed=10 w=27 vLb=29 hosted=26 ghost=46 births=3 reaped=4 pickup=1u+3c cids_total=127 recip=148 135s
  seed=10 w=28 vLb=29 hosted=29 ghost=45 births=3 reaped=8 pickup=1u+2c cids_total=130 recip=174 134s
  seed=10 w=29 vLb=31 hosted=29 ghost=40 births=1 reaped=2 pickup=0u+1c cids_total=133 recip=177 133s

  seed=10 DONE in 4276s
    cids total:    133
    hosted now:    31
    ghosts now:    39
    reaped:        63
    label rows:    70
    subject rows:  67
    tag entries:   219
    total tags:    164
    tag dist:
             gain_social: 17
             loss_social: 7
          gain_stability: 3
          loss_stability: 4
             gain_spread: 1
             loss_spread: 3
        gain_familiarity: 27
        loss_familiarity: 102
    --- v9.8c Pickup ---
    death records:    39
      consumed:       39 (100.0%)
      expired:        0 (0.0%)
      active (end):   0
    pickups:          39
      uncontested:    3
      contested:      36
    ttl_bonus stats:
      max:  3
      mean: 0.29
      n>0:  29/133
    conv ratio:    3.3162209761376005
