  [engine_accel] Loaded: link_strength_sum, exclusion, latent_refresh, cycle_finder(C)
  [engine_accel_v3] Patched: key, get_latent, set_latent
  [engine_accel_v5] L dict -> ShardedLatentDict
  [engine_accel_v5] get_latent/set_latent -> shard-direct
  [engine_accel_v5] RealizationOperator.step -> shard-based refresh
  ⟐ Injection (300 steps)...
  ⟐ Injection done (74s).
  seed=21 mat done. labels=22 links=2916 cids_total=95 hosted=22 ghosts=40
  seed=21 w=20 vLb=23 hosted=22 ghost=40 births=3 reaped=3 pickup=0u+3c cids_total=99 recip=56 138s
  seed=21 w=21 vLb=21 hosted=23 ghost=40 births=3 reaped=9 pickup=0u+3c cids_total=100 recip=94 140s
  seed=21 w=22 vLb=24 hosted=21 ghost=34 births=2 reaped=5 pickup=0u+2c cids_total=105 recip=96 140s
  seed=21 w=23 vLb=31 hosted=24 ghost=31 births=2 reaped=3 pickup=0u+2c cids_total=114 recip=110 140s
  seed=21 w=24 vLb=28 hosted=31 ghost=30 births=6 reaped=4 pickup=0u+6c cids_total=117 recip=137 141s
  seed=21 w=25 vLb=26 hosted=28 ghost=32 births=3 reaped=5 pickup=0u+3c cids_total=118 recip=139 140s
  seed=21 w=26 vLb=30 hosted=26 ghost=30 births=2 reaped=1 pickup=0u+2c cids_total=124 recip=166 140s
  seed=21 w=27 vLb=29 hosted=30 ghost=31 births=3 reaped=0 pickup=0u+3c cids_total=126 recip=175 141s
  seed=21 w=28 vLb=29 hosted=29 ghost=34 births=5 reaped=1 pickup=0u+5c cids_total=131 recip=169 140s
  seed=21 w=29 vLb=29 hosted=29 ghost=38 births=5 reaped=9 pickup=1u+4c cids_total=136 recip=175 140s

  seed=21 DONE in 4276s
    cids total:    136
    hosted now:    29
    ghosts now:    34
    reaped:        73
    label rows:    63
    subject rows:  58
    tag entries:   205
    total tags:    142
    tag dist:
             gain_social: 16
             loss_social: 2
          gain_stability: 6
          loss_stability: 5
             gain_spread: 0
             loss_spread: 2
        gain_familiarity: 33
        loss_familiarity: 78
    --- v9.8c Pickup ---
    death records:    34
      consumed:       34 (100.0%)
      expired:        0 (0.0%)
      active (end):   0
    pickups:          34
      uncontested:    1
      contested:      33
    ttl_bonus stats:
      max:  3
      mean: 0.25
      n>0:  23/136
    conv ratio:    3.185827984053984
