  [engine_accel] Loaded: link_strength_sum, exclusion, latent_refresh, cycle_finder(C)
  [engine_accel_v3] Patched: key, get_latent, set_latent
  [engine_accel_v5] L dict -> ShardedLatentDict
  [engine_accel_v5] get_latent/set_latent -> shard-direct
  [engine_accel_v5] RealizationOperator.step -> shard-based refresh
  ⟐ Injection (300 steps)...
  ⟐ Injection done (72s).
  seed=6 mat done. labels=24 links=2949 cids_total=76 hosted=24 ghosts=26
  seed=6 w=20 vLb=19 hosted=24 ghost=26 births=5 reaped=2 pickup=0u+5c cids_total=76 recip=47 137s
  seed=6 w=21 vLb=22 hosted=19 ghost=29 births=3 reaped=3 pickup=1u+2c cids_total=82 recip=56 138s
  seed=6 w=22 vLb=18 hosted=22 ghost=29 births=6 reaped=0 pickup=1u+5c cids_total=84 recip=63 137s
  seed=6 w=23 vLb=26 hosted=18 ghost=35 births=0 reaped=6 pickup=0u+0c cids_total=92 recip=80 137s
  seed=6 w=24 vLb=17 hosted=26 ghost=29 births=9 reaped=1 pickup=1u+8c cids_total=92 recip=115 135s
  seed=6 w=25 vLb=16 hosted=17 ghost=37 births=2 reaped=3 pickup=1u+1c cids_total=93 recip=93 133s
  seed=6 w=26 vLb=21 hosted=16 ghost=36 births=1 reaped=0 pickup=0u+0c cids_total=99 recip=94 132s
  seed=6 w=27 vLb=23 hosted=21 ghost=37 births=1 reaped=4 pickup=0u+1c cids_total=102 recip=114 133s
  seed=6 w=28 vLb=29 hosted=23 ghost=34 births=4 reaped=3 pickup=1u+4c cids_total=112 recip=131 134s
  seed=6 w=29 vLb=22 hosted=29 ghost=35 births=11 reaped=4 pickup=3u+8c cids_total=116 recip=166 134s

  seed=6 DONE in 4217s
    cids total:    116
    hosted now:    22
    ghosts now:    42
    reaped:        52
    label rows:    64
    subject rows:  60
    tag entries:   155
    total tags:    135
    tag dist:
             gain_social: 20
             loss_social: 3
          gain_stability: 5
          loss_stability: 5
             gain_spread: 1
             loss_spread: 2
        gain_familiarity: 36
        loss_familiarity: 63
    --- v9.8c Pickup ---
    death records:    42
      consumed:       42 (100.0%)
      expired:        0 (0.0%)
      active (end):   0
    pickups:          42
      uncontested:    8
      contested:      34
    ttl_bonus stats:
      max:  5
      mean: 0.36
      n>0:  20/116
    conv ratio:    3.174394359774804
