  [engine_accel] Loaded: link_strength_sum, exclusion, latent_refresh, cycle_finder(C)
  [engine_accel_v3] Patched: key, get_latent, set_latent
  [engine_accel_v5] L dict -> ShardedLatentDict
  [engine_accel_v5] get_latent/set_latent -> shard-direct
  [engine_accel_v5] RealizationOperator.step -> shard-based refresh
  ⟐ Injection (300 steps)...
  ⟐ Injection done (72s).
  seed=26 mat done. labels=27 links=2936 cids_total=85 hosted=27 ghosts=40
  seed=26 w=20 vLb=36 hosted=27 ghost=40 births=3 reaped=4 pickup=0u+3c cids_total=97 recip=102 133s
  seed=26 w=21 vLb=33 hosted=36 ghost=39 births=9 reaped=5 pickup=0u+9c cids_total=103 recip=168 133s
  seed=26 w=22 vLb=33 hosted=33 ghost=43 births=6 reaped=2 pickup=0u+6c cids_total=109 recip=164 133s
  seed=26 w=23 vLb=27 hosted=33 ghost=47 births=6 reaped=2 pickup=0u+6c cids_total=109 recip=177 133s
  seed=26 w=24 vLb=27 hosted=27 ghost=51 births=2 reaped=5 pickup=1u+1c cids_total=111 recip=160 133s
  seed=26 w=25 vLb=25 hosted=27 ghost=48 births=3 reaped=5 pickup=1u+2c cids_total=112 recip=149 133s
  seed=26 w=26 vLb=32 hosted=25 ghost=46 births=3 reaped=4 pickup=0u+3c cids_total=122 recip=148 133s
  seed=26 w=27 vLb=31 hosted=32 ghost=45 births=4 reaped=3 pickup=0u+4c cids_total=125 recip=157 132s
  seed=26 w=28 vLb=27 hosted=31 ghost=46 births=6 reaped=5 pickup=0u+6c cids_total=127 recip=184 132s
  seed=26 w=29 vLb=30 hosted=27 ghost=47 births=2 reaped=5 pickup=0u+2c cids_total=132 recip=185 131s

  seed=26 DONE in 4184s
    cids total:    132
    hosted now:    30
    ghosts now:    44
    reaped:        58
    label rows:    74
    subject rows:  69
    tag entries:   229
    total tags:    159
    tag dist:
             gain_social: 13
             loss_social: 6
          gain_stability: 7
          loss_stability: 1
             gain_spread: 1
             loss_spread: 4
        gain_familiarity: 36
        loss_familiarity: 91
    --- v9.8c Pickup ---
    death records:    44
      consumed:       44 (100.0%)
      expired:        0 (0.0%)
      active (end):   0
    pickups:          44
      uncontested:    2
      contested:      42
    ttl_bonus stats:
      max:  3
      mean: 0.33
      n>0:  26/132
    conv ratio:    3.35241843158456
