  [engine_accel] Loaded: link_strength_sum, exclusion, latent_refresh, cycle_finder(C)
  [engine_accel_v3] Patched: key, get_latent, set_latent
  [engine_accel_v5] L dict -> ShardedLatentDict
  [engine_accel_v5] get_latent/set_latent -> shard-direct
  [engine_accel_v5] RealizationOperator.step -> shard-based refresh
  ⟐ Injection (300 steps)...
  ⟐ Injection done (74s).
  seed=3 mat done. labels=23 links=2898 cids_total=107 hosted=23 ghosts=52
  seed=3 w=20 vLb=24 hosted=23 ghost=52 births=4 reaped=4 pickup=1u+3c cids_total=112 recip=49 134s
  seed=3 w=21 vLb=24 hosted=24 ghost=52 births=5 reaped=7 pickup=0u+5c cids_total=117 recip=90 134s
  seed=3 w=22 vLb=25 hosted=24 ghost=50 births=4 reaped=8 pickup=0u+4c cids_total=122 recip=97 134s
  seed=3 w=23 vLb=27 hosted=25 ghost=46 births=5 reaped=4 pickup=1u+4c cids_total=129 recip=98 135s
  seed=3 w=24 vLb=25 hosted=27 ghost=47 births=6 reaped=5 pickup=0u+6c cids_total=133 recip=125 135s
  seed=3 w=25 vLb=24 hosted=25 ghost=48 births=6 reaped=6 pickup=0u+6c cids_total=138 recip=130 135s
  seed=3 w=26 vLb=29 hosted=24 ghost=48 births=5 reaped=7 pickup=0u+5c cids_total=148 recip=120 136s
  seed=3 w=27 vLb=25 hosted=29 ghost=46 births=7 reaped=5 pickup=0u+7c cids_total=151 recip=153 136s
  seed=3 w=28 vLb=23 hosted=25 ghost=48 births=4 reaped=2 pickup=0u+4c cids_total=153 recip=142 134s
  seed=3 w=29 vLb=23 hosted=23 ghost=50 births=5 reaped=4 pickup=3u+2c cids_total=158 recip=132 134s

  seed=3 DONE in 4223s
    cids total:    158
    hosted now:    23
    ghosts now:    51
    reaped:        84
    label rows:    74
    subject rows:  69
    tag entries:   180
    total tags:    147
    tag dist:
             gain_social: 20
             loss_social: 2
          gain_stability: 2
          loss_stability: 2
             gain_spread: 1
             loss_spread: 4
        gain_familiarity: 33
        loss_familiarity: 83
    --- v9.8c Pickup ---
    death records:    51
      consumed:       51 (100.0%)
      expired:        0 (0.0%)
      active (end):   0
    pickups:          51
      uncontested:    5
      contested:      46
    ttl_bonus stats:
      max:  5
      mean: 0.32
      n>0:  33/158
    conv ratio:    3.4180268291820814
