  [engine_accel] Loaded: link_strength_sum, exclusion, latent_refresh, cycle_finder(C)
  [engine_accel_v3] Patched: key, get_latent, set_latent
  [engine_accel_v5] L dict -> ShardedLatentDict
  [engine_accel_v5] get_latent/set_latent -> shard-direct
  [engine_accel_v5] RealizationOperator.step -> shard-based refresh
  ⟐ Injection (300 steps)...
  ⟐ Injection done (71s).
  seed=41 mat done. labels=20 links=2968 cids_total=72 hosted=20 ghosts=34
  seed=41 w=20 vLb=19 hosted=20 ghost=34 births=2 reaped=1 pickup=0u+2c cids_total=73 recip=45 143s
  seed=41 w=21 vLb=20 hosted=19 ghost=35 births=1 reaped=5 pickup=0u+1c cids_total=75 recip=72 144s
  seed=41 w=22 vLb=21 hosted=20 ghost=31 births=1 reaped=0 pickup=1u+0c cids_total=77 recip=102 145s
  seed=41 w=23 vLb=18 hosted=21 ghost=32 births=4 reaped=6 pickup=2u+2c cids_total=78 recip=109 143s
  seed=41 w=24 vLb=17 hosted=18 ghost=30 births=2 reaped=4 pickup=1u+0c cids_total=79 recip=85 141s
  seed=41 w=25 vLb=19 hosted=17 ghost=28 births=1 reaped=5 pickup=0u+0c cids_total=82 recip=80 143s
  seed=41 w=26 vLb=20 hosted=19 ghost=24 births=2 reaped=6 pickup=1u+2c cids_total=85 recip=87 143s
  seed=41 w=27 vLb=15 hosted=20 ghost=20 births=6 reaped=1 pickup=1u+5c cids_total=86 recip=74 142s
  seed=41 w=28 vLb=21 hosted=15 ghost=25 births=2 reaped=3 pickup=2u+1c cids_total=94 recip=63 141s
  seed=41 w=29 vLb=19 hosted=21 ghost=24 births=6 reaped=3 pickup=2u+4c cids_total=98 recip=82 135s

  seed=41 DONE in 4366s
    cids total:    98
    hosted now:    19
    ghosts now:    27
    reaped:        52
    label rows:    46
    subject rows:  42
    tag entries:   148
    total tags:    130
    tag dist:
             gain_social: 18
             loss_social: 3
          gain_stability: 4
          loss_stability: 3
             gain_spread: 0
             loss_spread: 6
        gain_familiarity: 34
        loss_familiarity: 62
    --- v9.8c Pickup ---
    death records:    27
      consumed:       27 (100.0%)
      expired:        0 (0.0%)
      active (end):   0
    pickups:          27
      uncontested:    10
      contested:      17
    ttl_bonus stats:
      max:  4
      mean: 0.28
      n>0:  18/98
    conv ratio:    2.9855078861618427
