  [engine_accel] Loaded: link_strength_sum, exclusion, latent_refresh, cycle_finder(C)
  [engine_accel_v3] Patched: key, get_latent, set_latent
  [engine_accel_v5] L dict -> ShardedLatentDict
  [engine_accel_v5] get_latent/set_latent -> shard-direct
  [engine_accel_v5] RealizationOperator.step -> shard-based refresh
  ⟐ Injection (300 steps)...
  ⟐ Injection done (89s).
  seed=22 mat done. labels=20 links=2869 cids_total=88 hosted=20 ghosts=44
  seed=22 w=20 vLb=21 hosted=20 ghost=44 births=1 reaped=6 pickup=0u+1c cids_total=90 recip=47 159s
  seed=22 w=21 vLb=31 hosted=21 ghost=39 births=2 reaped=7 pickup=0u+2c cids_total=102 recip=78 160s
  seed=22 w=22 vLb=24 hosted=31 ghost=34 births=9 reaped=2 pickup=1u+8c cids_total=104 recip=101 162s
  seed=22 w=23 vLb=23 hosted=24 ghost=41 births=5 reaped=6 pickup=0u+2c cids_total=108 recip=89 159s
  seed=22 w=24 vLb=24 hosted=23 ghost=40 births=3 reaped=3 pickup=0u+4c cids_total=112 recip=87 158s
  seed=22 w=25 vLb=24 hosted=24 ghost=40 births=6 reaped=4 pickup=1u+7c cids_total=118 recip=96 156s
  seed=22 w=26 vLb=32 hosted=24 ghost=42 births=3 reaped=6 pickup=0u+3c cids_total=129 recip=115 155s
  seed=22 w=27 vLb=35 hosted=32 ghost=39 births=7 reaped=5 pickup=0u+7c cids_total=139 recip=150 157s
  seed=22 w=28 vLb=39 hosted=35 ghost=41 births=4 reaped=3 pickup=0u+4c cids_total=147 recip=166 156s
  seed=22 w=29 vLb=31 hosted=39 ghost=42 births=8 reaped=2 pickup=1u+7c cids_total=147 recip=209 157s

  seed=22 DONE in 4831s
    cids total:    147
    hosted now:    31
    ghosts now:    48
    reaped:        68
    label rows:    79
    subject rows:  79
    tag entries:   194
    total tags:    174
    tag dist:
             gain_social: 27
             loss_social: 3
          gain_stability: 3
          loss_stability: 1
             gain_spread: 0
             loss_spread: 11
        gain_familiarity: 34
        loss_familiarity: 95
    --- v9.8c Pickup ---
    death records:    48
      consumed:       48 (100.0%)
      expired:        0 (0.0%)
      active (end):   0
    pickups:          48
      uncontested:    3
      contested:      45
    ttl_bonus stats:
      max:  4
      mean: 0.33
      n>0:  32/147
    conv ratio:    3.5695956359940664
  v913: link_life_log: 327358 rows -> diag_v914_short/persistence/link_life_log_seed22.csv
  v913: link_snapshot_log: 28712 rows -> diag_v914_short/persistence/link_snapshot_log_seed22.csv
  v913: label_member_persistence: 82 rows -> diag_v914_short/persistence/label_member_persistence_seed22.csv
  v913: shadow_component_log: 26 rows -> diag_v914_short/persistence/shadow_component_log_seed22.csv
  v913 Step 0 persistence audit done. Output: diag_v914_short/persistence
  v914 Layer B: 79 cid registered, 685 events, 77 cids have spent, 4 cids hit Q=0, 0 cids Q<0 (MUST be 0)
    E1_birth: 3 events (3 spent)
    E1_death: 87 events (87 spent)
    E2_fall: 72 events (72 spent)
    E2_rise: 72 events (72 spent)
    E3_contact: 451 events (446 spent)
    delta_norm: min=0.0000, max=0.6344, mean=0.1601
    [debug] last step: cids_with_alive_member_links=0, total alive member links=0, max per cid=0, R>0 entries=0
    [debug] member_nodes size distribution: [(2, 59), (3, 1), (4, 10), (5, 9)]
  v914 Layer B audit CSVs written to diag_v914_short/audit/
    per_event_audit: 685 rows
    per_subject_audit: 79 rows
    run_level_audit_summary: 4 rows
