  [engine_accel] Loaded: link_strength_sum, exclusion, latent_refresh, cycle_finder(C)
  [engine_accel_v3] Patched: key, get_latent, set_latent
  [engine_accel_v5] L dict -> ShardedLatentDict
  [engine_accel_v5] get_latent/set_latent -> shard-direct
  [engine_accel_v5] RealizationOperator.step -> shard-based refresh
  ⟐ Injection (300 steps)...
  ⟐ Injection done (90s).
  seed=1 mat done. labels=17 links=2878 cids_total=79 hosted=17 ghosts=41
  seed=1 w=20 vLb=30 hosted=17 ghost=41 births=2 reaped=1 pickup=1u+1c cids_total=94 recip=23 157s
  seed=1 w=21 vLb=19 hosted=30 ghost=42 births=11 reaped=3 pickup=2u+8c cids_total=94 recip=55 160s
  seed=1 w=22 vLb=20 hosted=19 ghost=50 births=2 reaped=2 pickup=0u+2c cids_total=97 recip=49 157s
  seed=1 w=23 vLb=23 hosted=20 ghost=50 births=3 reaped=7 pickup=0u+4c cids_total=103 recip=51 157s
  seed=1 w=24 vLb=20 hosted=23 ghost=46 births=6 reaped=5 pickup=1u+4c cids_total=106 recip=66 156s
  seed=1 w=25 vLb=17 hosted=20 ghost=47 births=3 reaped=5 pickup=0u+2c cids_total=106 recip=48 154s
  seed=1 w=26 vLb=15 hosted=17 ghost=45 births=2 reaped=0 pickup=0u+2c cids_total=106 recip=39 154s
  seed=1 w=27 vLb=19 hosted=15 ghost=47 births=1 reaped=7 pickup=2u+1c cids_total=111 recip=26 154s
  seed=1 w=28 vLb=16 hosted=19 ghost=41 births=3 reaped=4 pickup=1u+2c cids_total=111 recip=36 155s
  seed=1 w=29 vLb=18 hosted=16 ghost=40 births=3 reaped=7 pickup=0u+3c cids_total=116 recip=40 151s

  seed=1 DONE in 4816s
    cids total:    116
    hosted now:    18
    ghosts now:    36
    reaped:        62
    label rows:    54
    subject rows:  49
    tag entries:   147
    total tags:    130
    tag dist:
             gain_social: 12
             loss_social: 8
          gain_stability: 4
          loss_stability: 1
             gain_spread: 2
             loss_spread: 5
        gain_familiarity: 25
        loss_familiarity: 73
    --- v9.8c Pickup ---
    death records:    36
      consumed:       36 (100.0%)
      expired:        0 (0.0%)
      active (end):   0
    pickups:          36
      uncontested:    7
      contested:      29
    ttl_bonus stats:
      max:  6
      mean: 0.31
      n>0:  18/116
    conv ratio:    3.9924591303912003
  v913: link_life_log: 326429 rows -> diag_v914_short/persistence/link_life_log_seed1.csv
  v913: link_snapshot_log: 28562 rows -> diag_v914_short/persistence/link_snapshot_log_seed1.csv
  v913: label_member_persistence: 52 rows -> diag_v914_short/persistence/label_member_persistence_seed1.csv
  v913: shadow_component_log: 15 rows -> diag_v914_short/persistence/shadow_component_log_seed1.csv
  v913 Step 0 persistence audit done. Output: diag_v914_short/persistence
  v914 Layer B: 49 cid registered, 353 events, 47 cids have spent, 0 cids hit Q=0, 0 cids Q<0 (MUST be 0)
    E1_death: 52 events (52 spent)
    E2_fall: 40 events (40 spent)
    E2_rise: 40 events (40 spent)
    E3_contact: 221 events (221 spent)
    delta_norm: min=0.0000, max=0.7085, mean=0.1492
    [debug] last step: cids_with_alive_member_links=0, total alive member links=0, max per cid=0, R>0 entries=0
    [debug] member_nodes size distribution: [(2, 35), (3, 3), (4, 5), (5, 6)]
  v914 Layer B audit CSVs written to diag_v914_short/audit/
    per_event_audit: 353 rows
    per_subject_audit: 49 rows
    run_level_audit_summary: 4 rows
