  [engine_accel] Loaded: link_strength_sum, exclusion, latent_refresh, cycle_finder(C)
  [engine_accel_v3] Patched: key, get_latent, set_latent
  [engine_accel_v5] L dict -> ShardedLatentDict
  [engine_accel_v5] get_latent/set_latent -> shard-direct
  [engine_accel_v5] RealizationOperator.step -> shard-based refresh
  ⟐ Injection (300 steps)...
  ⟐ Injection done (88s).
  seed=26 mat done. labels=27 links=2936 cids_total=85 hosted=27 ghosts=40
  seed=26 w=20 vLb=36 hosted=27 ghost=40 births=3 reaped=4 pickup=0u+3c cids_total=97 recip=102 152s
  seed=26 w=21 vLb=33 hosted=36 ghost=39 births=9 reaped=5 pickup=0u+9c cids_total=103 recip=168 154s
  seed=26 w=22 vLb=33 hosted=33 ghost=43 births=6 reaped=2 pickup=0u+6c cids_total=109 recip=164 152s
  seed=26 w=23 vLb=27 hosted=33 ghost=47 births=6 reaped=2 pickup=0u+6c cids_total=109 recip=177 152s
  seed=26 w=24 vLb=27 hosted=27 ghost=51 births=2 reaped=5 pickup=1u+1c cids_total=111 recip=160 151s
  seed=26 w=25 vLb=25 hosted=27 ghost=48 births=3 reaped=5 pickup=1u+2c cids_total=112 recip=149 151s
  seed=26 w=26 vLb=32 hosted=25 ghost=46 births=3 reaped=4 pickup=0u+3c cids_total=122 recip=148 150s
  seed=26 w=27 vLb=31 hosted=32 ghost=45 births=4 reaped=3 pickup=0u+4c cids_total=125 recip=157 151s
  seed=26 w=28 vLb=27 hosted=31 ghost=46 births=6 reaped=5 pickup=0u+6c cids_total=127 recip=184 151s
  seed=26 w=29 vLb=30 hosted=27 ghost=47 births=2 reaped=5 pickup=0u+2c cids_total=132 recip=185 149s

  seed=26 DONE in 4716s
    cids total:    132
    hosted now:    30
    ghosts now:    44
    reaped:        58
    label rows:    74
    subject rows:  69
    tag entries:   229
    total tags:    159
    tag dist:
             gain_social: 13
             loss_social: 6
          gain_stability: 7
          loss_stability: 1
             gain_spread: 1
             loss_spread: 4
        gain_familiarity: 36
        loss_familiarity: 91
    --- v9.8c Pickup ---
    death records:    44
      consumed:       44 (100.0%)
      expired:        0 (0.0%)
      active (end):   0
    pickups:          44
      uncontested:    2
      contested:      42
    ttl_bonus stats:
      max:  3
      mean: 0.33
      n>0:  26/132
    conv ratio:    3.35241843158456
  v913: link_life_log: 319680 rows -> diag_v914_short/persistence/link_life_log_seed26.csv
  v913: link_snapshot_log: 28010 rows -> diag_v914_short/persistence/link_snapshot_log_seed26.csv
  v913: label_member_persistence: 68 rows -> diag_v914_short/persistence/label_member_persistence_seed26.csv
  v913: shadow_component_log: 23 rows -> diag_v914_short/persistence/shadow_component_log_seed26.csv
  v913 Step 0 persistence audit done. Output: diag_v914_short/persistence
  v914 Layer B: 69 cid registered, 632 events, 69 cids have spent, 4 cids hit Q=0, 0 cids Q<0 (MUST be 0)
    E1_birth: 1 events (1 spent)
    E1_death: 63 events (63 spent)
    E2_fall: 52 events (52 spent)
    E2_rise: 52 events (52 spent)
    E3_contact: 464 events (460 spent)
    delta_norm: min=0.0000, max=0.6718, mean=0.1646
    [debug] last step: cids_with_alive_member_links=0, total alive member links=0, max per cid=0, R>0 entries=0
    [debug] member_nodes size distribution: [(2, 47), (3, 1), (4, 6), (5, 15)]
  v914 Layer B audit CSVs written to diag_v914_short/audit/
    per_event_audit: 632 rows
    per_subject_audit: 69 rows
    run_level_audit_summary: 4 rows
