  [engine_accel] Loaded: link_strength_sum, exclusion, latent_refresh, cycle_finder(C)
  [engine_accel_v3] Patched: key, get_latent, set_latent
  [engine_accel_v5] L dict -> ShardedLatentDict
  [engine_accel_v5] get_latent/set_latent -> shard-direct
  [engine_accel_v5] RealizationOperator.step -> shard-based refresh
  ⟐ Injection (300 steps)...
  ⟐ Injection done (90s).
  seed=15 mat done. labels=28 links=2891 cids_total=98 hosted=28 ghosts=33
  seed=15 w=20 vLb=24 hosted=28 ghost=33 births=8 reaped=1 pickup=0u+8c cids_total=102 recip=46 166s
  seed=15 w=21 vLb=28 hosted=24 ghost=40 births=6 reaped=4 pickup=0u+6c cids_total=112 recip=57 167s
  seed=15 w=22 vLb=27 hosted=28 ghost=42 births=8 reaped=5 pickup=0u+8c cids_total=119 recip=77 167s
  seed=15 w=23 vLb=22 hosted=27 ghost=45 births=5 reaped=1 pickup=3u+2c cids_total=119 recip=93 168s
  seed=15 w=24 vLb=26 hosted=22 ghost=49 births=1 reaped=7 pickup=1u+0c cids_total=124 recip=72 166s
  seed=15 w=25 vLb=23 hosted=26 ghost=43 births=5 reaped=2 pickup=0u+5c cids_total=126 recip=91 167s
  seed=15 w=26 vLb=20 hosted=23 ghost=46 births=4 reaped=2 pickup=0u+3c cids_total=127 recip=88 166s
  seed=15 w=27 vLb=22 hosted=20 ghost=48 births=4 reaped=4 pickup=3u+2c cids_total=133 recip=77 165s
  seed=15 w=28 vLb=23 hosted=22 ghost=48 births=1 reaped=3 pickup=1u+0c cids_total=135 recip=95 169s
  seed=15 w=29 vLb=25 hosted=23 ghost=46 births=1 reaped=4 pickup=0u+1c cids_total=138 recip=112 165s

  seed=15 DONE in 5064s
    cids total:    138
    hosted now:    25
    ghosts now:    43
    reaped:        70
    label rows:    68
    subject rows:  65
    tag entries:   178
    total tags:    138
    tag dist:
             gain_social: 13
             loss_social: 1
          gain_stability: 4
          loss_stability: 5
             gain_spread: 0
             loss_spread: 2
        gain_familiarity: 32
        loss_familiarity: 81
    --- v9.8c Pickup ---
    death records:    43
      consumed:       43 (100.0%)
      expired:        0 (0.0%)
      active (end):   0
    pickups:          43
      uncontested:    8
      contested:      35
    ttl_bonus stats:
      max:  3
      mean: 0.31
      n>0:  29/138
    conv ratio:    3.6373541166361343
  v913: link_life_log: 327051 rows -> diag_v914_short/persistence/link_life_log_seed15.csv
  v913: link_snapshot_log: 28748 rows -> diag_v914_short/persistence/link_snapshot_log_seed15.csv
  v913: label_member_persistence: 62 rows -> diag_v914_short/persistence/label_member_persistence_seed15.csv
  v913: shadow_component_log: 19 rows -> diag_v914_short/persistence/shadow_component_log_seed15.csv
  v913 Step 0 persistence audit done. Output: diag_v914_short/persistence
  v914 Layer B: 65 cid registered, 533 events, 62 cids have spent, 1 cids hit Q=0, 0 cids Q<0 (MUST be 0)
    E1_birth: 2 events (2 spent)
    E1_death: 78 events (78 spent)
    E2_fall: 49 events (49 spent)
    E2_rise: 49 events (49 spent)
    E3_contact: 355 events (355 spent)
    delta_norm: min=0.0000, max=0.6223, mean=0.1686
    [debug] last step: cids_with_alive_member_links=0, total alive member links=0, max per cid=0, R>0 entries=0
    [debug] member_nodes size distribution: [(2, 46), (3, 4), (4, 5), (5, 10)]
  v914 Layer B audit CSVs written to diag_v914_short/audit/
    per_event_audit: 533 rows
    per_subject_audit: 65 rows
    run_level_audit_summary: 4 rows
