  [engine_accel] Loaded: link_strength_sum, exclusion, latent_refresh, cycle_finder(C)
  [engine_accel_v3] Patched: key, get_latent, set_latent
  [engine_accel_v5] L dict -> ShardedLatentDict
  [engine_accel_v5] get_latent/set_latent -> shard-direct
  [engine_accel_v5] RealizationOperator.step -> shard-based refresh
  ⟐ Injection (300 steps)...
  ⟐ Injection done (92s).
  seed=7 mat done. labels=21 links=2955 cids_total=83 hosted=21 ghosts=33
  seed=7 w=20 vLb=24 hosted=21 ghost=33 births=3 reaped=3 pickup=1u+2c cids_total=89 recip=88 158s
  seed=7 w=21 vLb=20 hosted=24 ghost=33 births=5 reaped=4 pickup=1u+4c cids_total=90 recip=120 160s
  seed=7 w=22 vLb=25 hosted=20 ghost=34 births=1 reaped=0 pickup=0u+1c cids_total=96 recip=125 159s
  seed=7 w=23 vLb=21 hosted=25 ghost=35 births=4 reaped=0 pickup=0u+4c cids_total=96 recip=174 161s
  seed=7 w=24 vLb=19 hosted=21 ghost=39 births=4 reaped=6 pickup=2u+2c cids_total=98 recip=161 160s
  seed=7 w=25 vLb=22 hosted=19 ghost=37 births=0 reaped=7 pickup=0u+0c cids_total=101 recip=130 159s
  seed=7 w=26 vLb=17 hosted=22 ghost=30 births=5 reaped=4 pickup=0u+5c cids_total=101 recip=147 159s
  seed=7 w=27 vLb=19 hosted=17 ghost=31 births=1 reaped=1 pickup=1u+0c cids_total=104 recip=129 157s
  seed=7 w=28 vLb=19 hosted=19 ghost=31 births=1 reaped=3 pickup=0u+1c cids_total=105 recip=147 157s
  seed=7 w=29 vLb=25 hosted=19 ghost=29 births=0 reaped=5 pickup=0u+0c cids_total=111 recip=147 158s

  seed=7 DONE in 4876s
    cids total:    111
    hosted now:    25
    ghosts now:    24
    reaped:        62
    label rows:    49
    subject rows:  43
    tag entries:   164
    total tags:    123
    tag dist:
             gain_social: 13
             loss_social: 2
          gain_stability: 2
          loss_stability: 2
             gain_spread: 0
             loss_spread: 1
        gain_familiarity: 38
        loss_familiarity: 65
    --- v9.8c Pickup ---
    death records:    24
      consumed:       24 (100.0%)
      expired:        0 (0.0%)
      active (end):   0
    pickups:          24
      uncontested:    5
      contested:      19
    ttl_bonus stats:
      max:  3
      mean: 0.22
      n>0:  13/111
    conv ratio:    2.48921515515618
  v913: link_life_log: 327078 rows -> diag_v914_short/persistence/link_life_log_seed7.csv
  v913: link_snapshot_log: 28779 rows -> diag_v914_short/persistence/link_snapshot_log_seed7.csv
  v913: label_member_persistence: 67 rows -> diag_v914_short/persistence/label_member_persistence_seed7.csv
  v913: shadow_component_log: 12 rows -> diag_v914_short/persistence/shadow_component_log_seed7.csv
  v913 Step 0 persistence audit done. Output: diag_v914_short/persistence
  v914 Layer B: 43 cid registered, 433 events, 42 cids have spent, 0 cids hit Q=0, 0 cids Q<0 (MUST be 0)
    E1_birth: 4 events (4 spent)
    E1_death: 67 events (67 spent)
    E2_fall: 61 events (61 spent)
    E2_rise: 61 events (61 spent)
    E3_contact: 240 events (240 spent)
    delta_norm: min=0.0000, max=0.7942, mean=0.1672
    [debug] last step: cids_with_alive_member_links=0, total alive member links=0, max per cid=0, R>0 entries=0
    [debug] member_nodes size distribution: [(2, 17), (3, 3), (4, 4), (5, 19)]
  v914 Layer B audit CSVs written to diag_v914_short/audit/
    per_event_audit: 433 rows
    per_subject_audit: 43 rows
    run_level_audit_summary: 4 rows
