  [engine_accel] Loaded: link_strength_sum, exclusion, latent_refresh, cycle_finder(C)
  [engine_accel_v3] Patched: key, get_latent, set_latent
  [engine_accel_v5] L dict -> ShardedLatentDict
  [engine_accel_v5] get_latent/set_latent -> shard-direct
  [engine_accel_v5] RealizationOperator.step -> shard-based refresh
  ⟐ Injection (300 steps)...
  ⟐ Injection done (87s).
  seed=35 mat done. labels=23 links=2932 cids_total=115 hosted=23 ghosts=57
  seed=35 w=20 vLb=25 hosted=23 ghost=57 births=4 reaped=4 pickup=1u+3c cids_total=121 recip=74 157s
  seed=35 w=21 vLb=25 hosted=25 ghost=57 births=4 reaped=4 pickup=1u+3c cids_total=125 recip=98 159s
  seed=35 w=22 vLb=26 hosted=25 ghost=57 births=4 reaped=3 pickup=1u+3c cids_total=130 recip=125 160s
  seed=35 w=23 vLb=22 hosted=26 ghost=58 births=5 reaped=4 pickup=0u+5c cids_total=131 recip=124 159s
  seed=35 w=24 vLb=24 hosted=22 ghost=59 births=2 reaped=13 pickup=0u+2c cids_total=135 recip=137 158s
  seed=35 w=25 vLb=26 hosted=24 ghost=48 births=3 reaped=6 pickup=0u+3c cids_total=140 recip=147 159s
  seed=35 w=26 vLb=26 hosted=26 ghost=45 births=3 reaped=7 pickup=1u+2c cids_total=143 recip=137 160s
  seed=35 w=27 vLb=20 hosted=26 ghost=41 births=6 reaped=6 pickup=1u+5c cids_total=143 recip=137 157s
  seed=35 w=28 vLb=19 hosted=20 ghost=41 births=1 reaped=6 pickup=0u+1c cids_total=143 recip=131 155s
  seed=35 w=29 vLb=26 hosted=19 ghost=36 births=0 reaped=4 pickup=0u+0c cids_total=150 recip=131 151s

  seed=35 DONE in 4846s
    cids total:    150
    hosted now:    26
    ghosts now:    32
    reaped:        92
    label rows:    58
    subject rows:  51
    tag entries:   185
    total tags:    134
    tag dist:
             gain_social: 32
             loss_social: 1
          gain_stability: 0
          loss_stability: 2
             gain_spread: 1
             loss_spread: 5
        gain_familiarity: 25
        loss_familiarity: 68
    --- v9.8c Pickup ---
    death records:    32
      consumed:       32 (100.0%)
      expired:        0 (0.0%)
      active (end):   0
    pickups:          32
      uncontested:    5
      contested:      27
    ttl_bonus stats:
      max:  3
      mean: 0.21
      n>0:  19/150
    conv ratio:    3.060522479063791
  v913: link_life_log: 326956 rows -> diag_v914_short/persistence/link_life_log_seed35.csv
  v913: link_snapshot_log: 28784 rows -> diag_v914_short/persistence/link_snapshot_log_seed35.csv
  v913: label_member_persistence: 46 rows -> diag_v914_short/persistence/label_member_persistence_seed35.csv
  v913: shadow_component_log: 15 rows -> diag_v914_short/persistence/shadow_component_log_seed35.csv
  v913 Step 0 persistence audit done. Output: diag_v914_short/persistence
  v914 Layer B: 51 cid registered, 451 events, 51 cids have spent, 0 cids hit Q=0, 0 cids Q<0 (MUST be 0)
    E1_birth: 4 events (4 spent)
    E1_death: 48 events (48 spent)
    E2_fall: 38 events (38 spent)
    E2_rise: 38 events (38 spent)
    E3_contact: 323 events (323 spent)
    delta_norm: min=0.0000, max=0.7324, mean=0.1796
    [debug] last step: cids_with_alive_member_links=0, total alive member links=0, max per cid=0, R>0 entries=0
    [debug] member_nodes size distribution: [(2, 33), (3, 1), (4, 8), (5, 9)]
  v914 Layer B audit CSVs written to diag_v914_short/audit/
    per_event_audit: 451 rows
    per_subject_audit: 51 rows
    run_level_audit_summary: 4 rows
