  [engine_accel] Loaded: link_strength_sum, exclusion, latent_refresh, cycle_finder(C)
  [engine_accel_v3] Patched: key, get_latent, set_latent
  [engine_accel_v5] L dict -> ShardedLatentDict
  [engine_accel_v5] get_latent/set_latent -> shard-direct
  [engine_accel_v5] RealizationOperator.step -> shard-based refresh
  ⟐ Injection (300 steps)...
  ⟐ Injection done (92s).
  seed=23 mat done. labels=20 links=2861 cids_total=96 hosted=20 ghosts=38
  seed=23 w=20 vLb=23 hosted=20 ghost=38 births=4 reaped=8 pickup=0u+4c cids_total=103 recip=41 157s
  seed=23 w=21 vLb=21 hosted=23 ghost=34 births=5 reaped=2 pickup=2u+3c cids_total=106 recip=73 159s
  seed=23 w=22 vLb=21 hosted=21 ghost=37 births=3 reaped=3 pickup=0u+3c cids_total=109 recip=68 159s
  seed=23 w=23 vLb=22 hosted=21 ghost=37 births=4 reaped=6 pickup=0u+4c cids_total=114 recip=76 158s
  seed=23 w=24 vLb=23 hosted=22 ghost=35 births=2 reaped=5 pickup=0u+2c cids_total=117 recip=75 156s
  seed=23 w=25 vLb=23 hosted=23 ghost=32 births=4 reaped=1 pickup=0u+4c cids_total=121 recip=75 156s
  seed=23 w=26 vLb=20 hosted=23 ghost=35 births=3 reaped=2 pickup=2u+1c cids_total=121 recip=74 156s
  seed=23 w=27 vLb=24 hosted=20 ghost=36 births=3 reaped=4 pickup=0u+2c cids_total=128 recip=68 154s
  seed=23 w=28 vLb=22 hosted=24 ghost=35 births=4 reaped=5 pickup=0u+4c cids_total=130 recip=81 155s
  seed=23 w=29 vLb=22 hosted=22 ghost=34 births=3 reaped=2 pickup=1u+3c cids_total=133 recip=70 155s

  seed=23 DONE in 4817s
    cids total:    133
    hosted now:    22
    ghosts now:    35
    reaped:        76
    label rows:    57
    subject rows:  54
    tag entries:   165
    total tags:    129
    tag dist:
             gain_social: 14
             loss_social: 3
          gain_stability: 1
          loss_stability: 1
             gain_spread: 2
             loss_spread: 7
        gain_familiarity: 27
        loss_familiarity: 74
    --- v9.8c Pickup ---
    death records:    35
      consumed:       35 (100.0%)
      expired:        0 (0.0%)
      active (end):   0
    pickups:          35
      uncontested:    5
      contested:      30
    ttl_bonus stats:
      max:  3
      mean: 0.26
      n>0:  21/133
    conv ratio:    3.6454093819546443
  v913: link_life_log: 327902 rows -> diag_v914_short/persistence/link_life_log_seed23.csv
  v913: link_snapshot_log: 28946 rows -> diag_v914_short/persistence/link_snapshot_log_seed23.csv
  v913: label_member_persistence: 42 rows -> diag_v914_short/persistence/label_member_persistence_seed23.csv
  v913: shadow_component_log: 18 rows -> diag_v914_short/persistence/shadow_component_log_seed23.csv
  v913 Step 0 persistence audit done. Output: diag_v914_short/persistence
  v914 Layer B: 54 cid registered, 316 events, 51 cids have spent, 0 cids hit Q=0, 0 cids Q<0 (MUST be 0)
    E1_birth: 1 events (1 spent)
    E1_death: 40 events (40 spent)
    E2_fall: 26 events (26 spent)
    E2_rise: 26 events (26 spent)
    E3_contact: 223 events (223 spent)
    delta_norm: min=0.0000, max=0.5595, mean=0.1746
    [debug] last step: cids_with_alive_member_links=0, total alive member links=0, max per cid=0, R>0 entries=0
    [debug] member_nodes size distribution: [(2, 39), (3, 4), (4, 4), (5, 7)]
  v914 Layer B audit CSVs written to diag_v914_short/audit/
    per_event_audit: 316 rows
    per_subject_audit: 54 rows
    run_level_audit_summary: 4 rows
