  [engine_accel] Loaded: link_strength_sum, exclusion, latent_refresh, cycle_finder(C)
  [engine_accel_v3] Patched: key, get_latent, set_latent
  [engine_accel_v5] L dict -> ShardedLatentDict
  [engine_accel_v5] get_latent/set_latent -> shard-direct
  [engine_accel_v5] RealizationOperator.step -> shard-based refresh
  ⟐ Injection (300 steps)...
  ⟐ Injection done (92s).
  seed=9 mat done. labels=16 links=2896 cids_total=73 hosted=16 ghosts=38
  seed=9 w=20 vLb=13 hosted=16 ghost=38 births=5 reaped=3 pickup=2u+3c cids_total=75 recip=26 154s
  seed=9 w=21 vLb=17 hosted=13 ghost=40 births=3 reaped=1 pickup=1u+2c cids_total=82 recip=19 153s
  seed=9 w=22 vLb=21 hosted=17 ghost=42 births=5 reaped=4 pickup=0u+5c cids_total=91 recip=27 154s
  seed=9 w=23 vLb=16 hosted=21 ghost=43 births=6 reaped=7 pickup=2u+3c cids_total=92 recip=42 155s
  seed=9 w=24 vLb=18 hosted=16 ghost=42 births=1 reaped=6 pickup=0u+1c cids_total=95 recip=37 154s
  seed=9 w=25 vLb=19 hosted=18 ghost=37 births=5 reaped=2 pickup=2u+3c cids_total=101 recip=51 157s
  seed=9 w=26 vLb=23 hosted=19 ghost=40 births=1 reaped=7 pickup=0u+1c cids_total=106 recip=50 156s
  seed=9 w=27 vLb=24 hosted=23 ghost=34 births=2 reaped=5 pickup=0u+2c cids_total=109 recip=70 155s
  seed=9 w=28 vLb=31 hosted=24 ghost=31 births=7 reaped=2 pickup=0u+7c cids_total=123 recip=79 154s
  seed=9 w=29 vLb=23 hosted=31 ghost=36 births=9 reaped=1 pickup=0u+9c cids_total=124 recip=86 155s

  seed=9 DONE in 4783s
    cids total:    124
    hosted now:    23
    ghosts now:    44
    reaped:        57
    label rows:    67
    subject rows:  66
    tag entries:   132
    total tags:    125
    tag dist:
             gain_social: 16
             loss_social: 0
          gain_stability: 1
          loss_stability: 3
             gain_spread: 2
             loss_spread: 11
        gain_familiarity: 26
        loss_familiarity: 66
    --- v9.8c Pickup ---
    death records:    44
      consumed:       43 (97.7%)
      expired:        1 (2.3%)
      active (end):   0
    pickups:          43
      uncontested:    7
      contested:      36
    ttl_bonus stats:
      max:  5
      mean: 0.35
      n>0:  26/124
    conv ratio:    4.0202290482777725
  v913: link_life_log: 324275 rows -> diag_v914_short/persistence/link_life_log_seed9.csv
  v913: link_snapshot_log: 28509 rows -> diag_v914_short/persistence/link_snapshot_log_seed9.csv
  v913: label_member_persistence: 73 rows -> diag_v914_short/persistence/label_member_persistence_seed9.csv
  v913: shadow_component_log: 22 rows -> diag_v914_short/persistence/shadow_component_log_seed9.csv
  v913 Step 0 persistence audit done. Output: diag_v914_short/persistence
  v914 Layer B: 66 cid registered, 504 events, 66 cids have spent, 0 cids hit Q=0, 0 cids Q<0 (MUST be 0)
    E1_birth: 3 events (3 spent)
    E1_death: 82 events (82 spent)
    E2_fall: 66 events (66 spent)
    E2_rise: 66 events (66 spent)
    E3_contact: 287 events (287 spent)
    delta_norm: min=0.0000, max=0.5431, mean=0.1441
    [debug] last step: cids_with_alive_member_links=0, total alive member links=0, max per cid=0, R>0 entries=0
    [debug] member_nodes size distribution: [(2, 50), (3, 5), (4, 5), (5, 6)]
  v914 Layer B audit CSVs written to diag_v914_short/audit/
    per_event_audit: 504 rows
    per_subject_audit: 66 rows
    run_level_audit_summary: 4 rows
