  [engine_accel] Loaded: link_strength_sum, exclusion, latent_refresh, cycle_finder(C)
  [engine_accel_v3] Patched: key, get_latent, set_latent
  [engine_accel_v5] L dict -> ShardedLatentDict
  [engine_accel_v5] get_latent/set_latent -> shard-direct
  [engine_accel_v5] RealizationOperator.step -> shard-based refresh
  ⟐ Injection (300 steps)...
  ⟐ Injection done (86s).
  seed=42 mat done. labels=20 links=2935 cids_total=76 hosted=20 ghosts=38
  seed=42 w=20 vLb=22 hosted=20 ghost=38 births=5 reaped=3 pickup=1u+3c cids_total=83 recip=36 155s
  seed=42 w=21 vLb=22 hosted=22 ghost=40 births=3 reaped=7 pickup=0u+3c cids_total=86 recip=59 156s
  seed=42 w=22 vLb=26 hosted=22 ghost=36 births=4 reaped=1 pickup=3u+2c cids_total=94 recip=81 157s
  seed=42 w=23 vLb=20 hosted=26 ghost=39 births=8 reaped=9 pickup=2u+6c cids_total=96 recip=103 158s
  seed=42 w=24 vLb=19 hosted=20 ghost=38 births=3 reaped=1 pickup=0u+2c cids_total=98 recip=91 157s
  seed=42 w=25 vLb=21 hosted=19 ghost=40 births=1 reaped=2 pickup=0u+0c cids_total=101 recip=75 156s
  seed=42 w=26 vLb=23 hosted=21 ghost=39 births=4 reaped=1 pickup=1u+4c cids_total=107 recip=80 156s
  seed=42 w=27 vLb=21 hosted=23 ghost=42 births=3 reaped=9 pickup=1u+2c cids_total=108 recip=85 156s
  seed=42 w=28 vLb=26 hosted=21 ghost=36 births=0 reaped=3 pickup=1u+0c cids_total=113 recip=98 155s
  seed=42 w=29 vLb=31 hosted=26 ghost=33 births=3 reaped=2 pickup=0u+3c cids_total=121 recip=138 151s

  seed=42 DONE in 4795s
    cids total:    121
    hosted now:    31
    ghosts now:    34
    reaped:        56
    label rows:    65
    subject rows:  57
    tag entries:   163
    total tags:    149
    tag dist:
             gain_social: 28
             loss_social: 4
          gain_stability: 1
          loss_stability: 2
             gain_spread: 1
             loss_spread: 4
        gain_familiarity: 35
        loss_familiarity: 74
    --- v9.8c Pickup ---
    death records:    34
      consumed:       34 (100.0%)
      expired:        0 (0.0%)
      active (end):   0
    pickups:          34
      uncontested:    9
      contested:      25
    ttl_bonus stats:
      max:  3
      mean: 0.28
      n>0:  23/121
    conv ratio:    3.319915433085051
  v913: link_life_log: 327311 rows -> diag_v914_short/persistence/link_life_log_seed42.csv
  v913: link_snapshot_log: 28831 rows -> diag_v914_short/persistence/link_snapshot_log_seed42.csv
  v913: label_member_persistence: 75 rows -> diag_v914_short/persistence/label_member_persistence_seed42.csv
  v913: shadow_component_log: 21 rows -> diag_v914_short/persistence/shadow_component_log_seed42.csv
  v913 Step 0 persistence audit done. Output: diag_v914_short/persistence
  v914 Layer B: 57 cid registered, 469 events, 55 cids have spent, 1 cids hit Q=0, 0 cids Q<0 (MUST be 0)
    E1_birth: 2 events (2 spent)
    E1_death: 72 events (72 spent)
    E2_fall: 56 events (56 spent)
    E2_rise: 56 events (56 spent)
    E3_contact: 283 events (282 spent)
    delta_norm: min=0.0000, max=0.5845, mean=0.1673
    [debug] last step: cids_with_alive_member_links=0, total alive member links=0, max per cid=0, R>0 entries=0
    [debug] member_nodes size distribution: [(2, 35), (3, 5), (4, 8), (5, 9)]
  v914 Layer B audit CSVs written to diag_v914_short/audit/
    per_event_audit: 469 rows
    per_subject_audit: 57 rows
    run_level_audit_summary: 4 rows
