  [engine_accel] Loaded: link_strength_sum, exclusion, latent_refresh, cycle_finder(C)
  [engine_accel_v3] Patched: key, get_latent, set_latent
  [engine_accel_v5] L dict -> ShardedLatentDict
  [engine_accel_v5] get_latent/set_latent -> shard-direct
  [engine_accel_v5] RealizationOperator.step -> shard-based refresh
  ⟐ Injection (300 steps)...
  ⟐ Injection done (75s).
  seed=3 mat done. labels=23 links=2898 cids_total=107 hosted=23 ghosts=52
  seed=3 w=20 vLb=24 hosted=23 ghost=52 births=4 reaped=4 pickup=1u+3c cids_total=112 recip=49 130s
  seed=3 w=21 vLb=24 hosted=24 ghost=52 births=5 reaped=7 pickup=0u+5c cids_total=117 recip=90 131s
  seed=3 w=22 vLb=25 hosted=24 ghost=50 births=4 reaped=8 pickup=0u+4c cids_total=122 recip=97 131s
  seed=3 w=23 vLb=27 hosted=25 ghost=46 births=5 reaped=4 pickup=1u+4c cids_total=129 recip=98 131s
  seed=3 w=24 vLb=25 hosted=27 ghost=47 births=6 reaped=5 pickup=0u+6c cids_total=133 recip=125 131s
  seed=3 w=25 vLb=24 hosted=25 ghost=48 births=6 reaped=6 pickup=0u+6c cids_total=138 recip=130 131s
  seed=3 w=26 vLb=29 hosted=24 ghost=48 births=5 reaped=7 pickup=0u+5c cids_total=148 recip=120 132s
  seed=3 w=27 vLb=25 hosted=29 ghost=46 births=7 reaped=5 pickup=0u+7c cids_total=151 recip=153 132s
  seed=3 w=28 vLb=23 hosted=25 ghost=48 births=4 reaped=2 pickup=0u+4c cids_total=153 recip=142 131s
  seed=3 w=29 vLb=23 hosted=23 ghost=50 births=5 reaped=4 pickup=3u+2c cids_total=158 recip=132 132s
  seed=3 w=30 vLb=20 hosted=23 ghost=51 births=3 reaped=4 pickup=1u+2c cids_total=158 recip=125 131s
  seed=3 w=31 vLb=20 hosted=20 ghost=50 births=2 reaped=3 pickup=0u+2c cids_total=160 recip=121 130s
  seed=3 w=32 vLb=19 hosted=20 ghost=49 births=1 reaped=4 pickup=0u+1c cids_total=160 recip=130 130s
  seed=3 w=33 vLb=19 hosted=19 ghost=46 births=1 reaped=5 pickup=0u+1c cids_total=161 recip=135 131s
  seed=3 w=34 vLb=21 hosted=19 ghost=42 births=0 reaped=7 pickup=0u+0c cids_total=163 recip=136 129s
  seed=3 w=35 vLb=25 hosted=21 ghost=35 births=0 reaped=5 pickup=0u+0c cids_total=167 recip=153 129s
  seed=3 w=36 vLb=26 hosted=25 ghost=30 births=1 reaped=4 pickup=0u+1c cids_total=169 recip=161 131s
  seed=3 w=37 vLb=29 hosted=26 ghost=27 births=1 reaped=9 pickup=0u+1c cids_total=173 recip=180 131s
  seed=3 w=38 vLb=28 hosted=29 ghost=19 births=6 reaped=4 pickup=2u+4c cids_total=178 recip=176 130s
  seed=3 w=39 vLb=37 hosted=28 ghost=21 births=3 reaped=2 pickup=0u+3c cids_total=190 recip=152 129s
  seed=3 w=40 vLb=32 hosted=37 ghost=22 births=6 reaped=4 pickup=0u+6c cids_total=191 recip=208 131s
  seed=3 w=41 vLb=31 hosted=32 ghost=24 births=5 reaped=4 pickup=0u+5c cids_total=195 recip=222 130s
  seed=3 w=42 vLb=29 hosted=31 ghost=25 births=2 reaped=0 pickup=1u+1c cids_total=195 recip=224 129s
  seed=3 w=43 vLb=35 hosted=29 ghost=27 births=2 reaped=0 pickup=0u+2c cids_total=203 recip=217 129s
  seed=3 w=44 vLb=37 hosted=35 ghost=29 births=6 reaped=1 pickup=0u+6c cids_total=211 recip=256 130s
  seed=3 w=45 vLb=35 hosted=37 ghost=34 births=6 reaped=2 pickup=0u+6c cids_total=215 recip=294 130s
  seed=3 w=46 vLb=35 hosted=35 ghost=38 births=2 reaped=1 pickup=0u+2c cids_total=217 recip=309 129s
  seed=3 w=47 vLb=35 hosted=35 ghost=39 births=2 reaped=0 pickup=0u+2c cids_total=219 recip=301 129s
  seed=3 w=48 vLb=36 hosted=35 ghost=41 births=6 reaped=5 pickup=0u+6c cids_total=226 recip=318 129s
  seed=3 w=49 vLb=29 hosted=36 ghost=42 births=7 reaped=4 pickup=0u+7c cids_total=226 recip=318 128s
  seed=3 w=50 vLb=28 hosted=29 ghost=45 births=1 reaped=5 pickup=0u+1c cids_total=226 recip=291 126s
  seed=3 w=51 vLb=31 hosted=28 ghost=41 births=1 reaped=4 pickup=0u+1c cids_total=230 recip=287 125s
  seed=3 w=52 vLb=32 hosted=31 ghost=38 births=4 reaped=5 pickup=1u+3c cids_total=235 recip=288 126s
  seed=3 w=53 vLb=40 hosted=32 ghost=37 births=0 reaped=1 pickup=0u+0c cids_total=243 recip=291 125s
  seed=3 w=54 vLb=45 hosted=40 ghost=36 births=4 reaped=6 pickup=0u+4c cids_total=252 recip=354 125s
  seed=3 w=55 vLb=42 hosted=45 ghost=34 births=7 reaped=5 pickup=0u+7c cids_total=256 recip=412 127s
  seed=3 w=56 vLb=45 hosted=42 ghost=36 births=5 reaped=4 pickup=0u+5c cids_total=264 recip=407 126s
  seed=3 w=57 vLb=46 hosted=45 ghost=37 births=10 reaped=1 pickup=0u+10c cids_total=275 recip=405 126s
  seed=3 w=58 vLb=40 hosted=46 ghost=46 births=7 reaped=6 pickup=1u+6c cids_total=276 recip=435 125s
  seed=3 w=59 vLb=35 hosted=40 ghost=47 births=7 reaped=7 pickup=0u+7c cids_total=278 recip=410 124s
  seed=3 w=60 vLb=37 hosted=35 ghost=47 births=3 reaped=2 pickup=0u+3c cids_total=283 recip=347 121s
  seed=3 w=61 vLb=31 hosted=37 ghost=48 births=6 reaped=1 pickup=0u+6c cids_total=283 recip=368 120s
  seed=3 w=62 vLb=30 hosted=31 ghost=53 births=2 reaped=2 pickup=0u+2c cids_total=284 recip=338 119s
  seed=3 w=63 vLb=32 hosted=30 ghost=53 births=1 reaped=0 pickup=0u+1c cids_total=287 recip=325 119s
  seed=3 w=64 vLb=33 hosted=32 ghost=54 births=1 reaped=4 pickup=0u+1c cids_total=289 recip=341 119s
  seed=3 w=65 vLb=37 hosted=33 ghost=51 births=4 reaped=6 pickup=0u+4c cids_total=297 recip=360 119s
  seed=3 w=66 vLb=36 hosted=37 ghost=49 births=4 reaped=6 pickup=0u+4c cids_total=300 recip=368 119s
  seed=3 w=67 vLb=32 hosted=36 ghost=47 births=4 reaped=8 pickup=0u+4c cids_total=300 recip=369 119s
  seed=3 w=68 vLb=35 hosted=32 ghost=43 births=2 reaped=6 pickup=0u+2c cids_total=305 recip=359 117s
  seed=3 w=69 vLb=33 hosted=35 ghost=39 births=3 reaped=10 pickup=0u+3c cids_total=306 recip=362 117s

  seed=3 DONE in 9097s
    cids total:    306
    hosted now:    33
    ghosts now:    32
    reaped:        241
    label rows:    222
    subject rows:  221
    tag entries:   1316
    total tags:    810
    tag dist:
             gain_social: 78
             loss_social: 15
          gain_stability: 28
          loss_stability: 21
             gain_spread: 6
             loss_spread: 20
        gain_familiarity: 239
        loss_familiarity: 403
    --- v9.8c Pickup ---
    death records:    189
      consumed:       189 (100.0%)
      expired:        0 (0.0%)
      active (end):   0
    pickups:          189
      uncontested:    11
      contested:      178
    ttl_bonus stats:
      max:  9
      mean: 0.62
      n>0:  79/306
    conv ratio:    2.9967082281682322
  v913: link_life_log: 1541810 rows -> diag_v914_long/persistence/link_life_log_seed3.csv
  v913: link_snapshot_log: 136083 rows -> diag_v914_long/persistence/link_snapshot_log_seed3.csv
  v913: label_member_persistence: 302 rows -> diag_v914_long/persistence/label_member_persistence_seed3.csv
  v913: shadow_component_log: 93 rows -> diag_v914_long/persistence/shadow_component_log_seed3.csv
  v913 Step 0 persistence audit done. Output: diag_v914_long/persistence
  v914 Layer B: 221 cid registered, 5091 events, 218 cids have spent, 77 cids hit Q=0, 0 cids Q<0 (MUST be 0)
    E1_birth: 15 events (5 spent)
    E1_death: 327 events (315 spent)
    E2_fall: 267 events (267 spent)
    E2_rise: 267 events (267 spent)
    E3_contact: 4215 events (1691 spent)
    delta_norm: min=0.0000, max=0.7272, mean=0.1876
    [debug] last step: cids_with_alive_member_links=0, total alive member links=0, max per cid=0, R>0 entries=0
    [debug] member_nodes size distribution: [(2, 174), (3, 8), (4, 15), (5, 24)]
  v914 Layer B audit CSVs written to diag_v914_long/audit/
    per_event_audit: 5091 rows
    per_subject_audit: 221 rows
    run_level_audit_summary: 4 rows
