  [engine_accel] Loaded: link_strength_sum, exclusion, latent_refresh, cycle_finder(C)
  [engine_accel_v3] Patched: key, get_latent, set_latent
  [engine_accel_v5] L dict -> ShardedLatentDict
  [engine_accel_v5] get_latent/set_latent -> shard-direct
  [engine_accel_v5] RealizationOperator.step -> shard-based refresh
  ⟐ Injection (300 steps)...
  ⟐ Injection done (85s).
  seed=31 mat done. labels=18 links=2796 cids_total=70 hosted=18 ghosts=25
  seed=31 w=20 vLb=24 hosted=18 ghost=25 births=6 reaped=4 pickup=0u+5c cids_total=82 recip=34 158s
  seed=31 w=21 vLb=24 hosted=24 ghost=27 births=5 reaped=4 pickup=2u+4c cids_total=87 recip=59 157s
  seed=31 w=22 vLb=26 hosted=24 ghost=28 births=2 reaped=2 pickup=1u+1c cids_total=91 recip=71 156s
  seed=31 w=23 vLb=30 hosted=26 ghost=28 births=5 reaped=3 pickup=0u+4c cids_total=100 recip=95 154s
  seed=31 w=24 vLb=27 hosted=30 ghost=30 births=8 reaped=1 pickup=1u+8c cids_total=105 recip=118 153s
  seed=31 w=25 vLb=23 hosted=27 ghost=37 births=4 reaped=3 pickup=1u+3c cids_total=105 recip=107 152s
  seed=31 w=26 vLb=22 hosted=23 ghost=38 births=3 reaped=5 pickup=0u+3c cids_total=107 recip=100 150s
  seed=31 w=27 vLb=26 hosted=22 ghost=36 births=1 reaped=1 pickup=0u+1c cids_total=112 recip=110 149s
  seed=31 w=28 vLb=24 hosted=26 ghost=36 births=6 reaped=1 pickup=1u+5c cids_total=116 recip=119 150s
  seed=31 w=29 vLb=27 hosted=24 ghost=41 births=5 reaped=1 pickup=0u+5c cids_total=124 recip=110 146s

  seed=31 DONE in 4780s
    cids total:    124
    hosted now:    27
    ghosts now:    45
    reaped:        52
    label rows:    72
    subject rows:  64
    tag entries:   180
    total tags:    134
    tag dist:
             gain_social: 19
             loss_social: 2
          gain_stability: 2
          loss_stability: 3
             gain_spread: 1
             loss_spread: 5
        gain_familiarity: 29
        loss_familiarity: 73
    --- v9.8c Pickup ---
    death records:    45
      consumed:       45 (100.0%)
      expired:        0 (0.0%)
      active (end):   0
    pickups:          45
      uncontested:    6
      contested:      39
    ttl_bonus stats:
      max:  4
      mean: 0.36
      n>0:  28/124
    conv ratio:    3.4456283869498128
  v913: link_life_log: 319150 rows -> diag_v914_short/persistence/link_life_log_seed31.csv
  v913: link_snapshot_log: 28092 rows -> diag_v914_short/persistence/link_snapshot_log_seed31.csv
  v913: label_member_persistence: 82 rows -> diag_v914_short/persistence/label_member_persistence_seed31.csv
  v913: shadow_component_log: 23 rows -> diag_v914_short/persistence/shadow_component_log_seed31.csv
  v913 Step 0 persistence audit done. Output: diag_v914_short/persistence
  v914 Layer B: 64 cid registered, 523 events, 62 cids have spent, 0 cids hit Q=0, 0 cids Q<0 (MUST be 0)
    E1_death: 77 events (77 spent)
    E2_fall: 61 events (61 spent)
    E2_rise: 61 events (61 spent)
    E3_contact: 324 events (324 spent)
    delta_norm: min=0.0000, max=0.7192, mean=0.1591
    [debug] last step: cids_with_alive_member_links=0, total alive member links=0, max per cid=0, R>0 entries=0
    [debug] member_nodes size distribution: [(2, 43), (3, 7), (4, 6), (5, 8)]
  v914 Layer B audit CSVs written to diag_v914_short/audit/
    per_event_audit: 523 rows
    per_subject_audit: 64 rows
    run_level_audit_summary: 4 rows
