  [engine_accel] Loaded: link_strength_sum, exclusion, latent_refresh, cycle_finder(C)
  [engine_accel_v3] Patched: key, get_latent, set_latent
  [engine_accel_v5] L dict -> ShardedLatentDict
  [engine_accel_v5] get_latent/set_latent -> shard-direct
  [engine_accel_v5] RealizationOperator.step -> shard-based refresh
  ⟐ Injection (300 steps)...
  ⟐ Injection done (86s).
  seed=30 mat done. labels=41 links=3044 cids_total=122 hosted=41 ghosts=40
  seed=30 w=20 vLb=34 hosted=41 ghost=40 births=10 reaped=2 pickup=1u+7c cids_total=125 recip=106 162s
  seed=30 w=21 vLb=26 hosted=34 ghost=48 births=9 reaped=4 pickup=0u+9c cids_total=126 recip=151 163s
  seed=30 w=22 vLb=27 hosted=26 ghost=53 births=4 reaped=6 pickup=2u+4c cids_total=131 recip=152 162s
  seed=30 w=23 vLb=27 hosted=27 ghost=51 births=3 reaped=5 pickup=0u+3c cids_total=134 recip=155 162s
  seed=30 w=24 vLb=27 hosted=27 ghost=49 births=2 reaped=3 pickup=1u+1c cids_total=136 recip=179 161s
  seed=30 w=25 vLb=28 hosted=27 ghost=48 births=1 reaped=2 pickup=0u+1c cids_total=138 recip=170 160s
  seed=30 w=26 vLb=26 hosted=28 ghost=47 births=3 reaped=3 pickup=0u+3c cids_total=139 recip=168 160s
  seed=30 w=27 vLb=24 hosted=26 ghost=47 births=3 reaped=3 pickup=1u+2c cids_total=140 recip=170 160s
  seed=30 w=28 vLb=22 hosted=24 ghost=47 births=4 reaped=5 pickup=0u+4c cids_total=142 recip=157 159s
  seed=30 w=29 vLb=19 hosted=22 ghost=46 births=3 reaped=7 pickup=1u+2c cids_total=142 recip=165 154s

  seed=30 DONE in 4856s
    cids total:    142
    hosted now:    19
    ghosts now:    42
    reaped:        81
    label rows:    61
    subject rows:  61
    tag entries:   221
    total tags:    161
    tag dist:
             gain_social: 19
             loss_social: 5
          gain_stability: 5
          loss_stability: 6
             gain_spread: 1
             loss_spread: 6
        gain_familiarity: 42
        loss_familiarity: 77
    --- v9.8c Pickup ---
    death records:    42
      consumed:       42 (100.0%)
      expired:        0 (0.0%)
      active (end):   0
    pickups:          42
      uncontested:    6
      contested:      36
    ttl_bonus stats:
      max:  4
      mean: 0.30
      n>0:  26/142
    conv ratio:    3.1915901943445055
  v913: link_life_log: 330477 rows -> diag_v914_short/persistence/link_life_log_seed30.csv
  v913: link_snapshot_log: 28948 rows -> diag_v914_short/persistence/link_snapshot_log_seed30.csv
  v913: label_member_persistence: 43 rows -> diag_v914_short/persistence/label_member_persistence_seed30.csv
  v913: shadow_component_log: 9 rows -> diag_v914_short/persistence/shadow_component_log_seed30.csv
  v913 Step 0 persistence audit done. Output: diag_v914_short/persistence
  v914 Layer B: 61 cid registered, 526 events, 53 cids have spent, 1 cids hit Q=0, 0 cids Q<0 (MUST be 0)
    E1_birth: 2 events (2 spent)
    E1_death: 54 events (54 spent)
    E2_fall: 42 events (42 spent)
    E2_rise: 42 events (42 spent)
    E3_contact: 386 events (386 spent)
    delta_norm: min=0.0000, max=0.7009, mean=0.1815
    [debug] last step: cids_with_alive_member_links=0, total alive member links=0, max per cid=0, R>0 entries=0
    [debug] member_nodes size distribution: [(2, 36), (3, 5), (4, 9), (5, 11)]
  v914 Layer B audit CSVs written to diag_v914_short/audit/
    per_event_audit: 526 rows
    per_subject_audit: 61 rows
    run_level_audit_summary: 4 rows
