  [engine_accel] Loaded: link_strength_sum, exclusion, latent_refresh, cycle_finder(C)
  [engine_accel_v3] Patched: key, get_latent, set_latent
  [engine_accel_v5] L dict -> ShardedLatentDict
  [engine_accel_v5] get_latent/set_latent -> shard-direct
  [engine_accel_v5] RealizationOperator.step -> shard-based refresh
  ⟐ Injection (300 steps)...
  ⟐ Injection done (94s).
  seed=9 mat done. labels=16 links=2896 cids_total=73 hosted=16 ghosts=38
  seed=9 w=20 vLb=13 hosted=16 ghost=38 births=5 reaped=3 pickup=2u+3c cids_total=75 recip=26 158s
  seed=9 w=21 vLb=17 hosted=13 ghost=40 births=3 reaped=1 pickup=1u+2c cids_total=82 recip=19 158s
  seed=9 w=22 vLb=21 hosted=17 ghost=42 births=5 reaped=4 pickup=0u+5c cids_total=91 recip=27 159s
  seed=9 w=23 vLb=16 hosted=21 ghost=43 births=6 reaped=7 pickup=2u+3c cids_total=92 recip=42 158s
  seed=9 w=24 vLb=18 hosted=16 ghost=42 births=1 reaped=6 pickup=0u+1c cids_total=95 recip=37 156s
  seed=9 w=25 vLb=19 hosted=18 ghost=37 births=5 reaped=2 pickup=2u+3c cids_total=101 recip=51 156s
  seed=9 w=26 vLb=23 hosted=19 ghost=40 births=1 reaped=7 pickup=0u+1c cids_total=106 recip=50 156s
  seed=9 w=27 vLb=24 hosted=23 ghost=34 births=2 reaped=5 pickup=0u+2c cids_total=109 recip=70 156s
  seed=9 w=28 vLb=31 hosted=24 ghost=31 births=7 reaped=2 pickup=0u+7c cids_total=123 recip=79 157s
  seed=9 w=29 vLb=23 hosted=31 ghost=36 births=9 reaped=1 pickup=0u+9c cids_total=124 recip=86 157s
  seed=9 w=30 vLb=23 hosted=23 ghost=44 births=3 reaped=5 pickup=1u+2c cids_total=127 recip=71 155s
  seed=9 w=31 vLb=19 hosted=23 ghost=42 births=8 reaped=1 pickup=4u+4c cids_total=131 recip=64 155s
  seed=9 w=32 vLb=15 hosted=19 ghost=49 births=4 reaped=6 pickup=1u+3c cids_total=131 recip=55 153s
  seed=9 w=33 vLb=20 hosted=15 ghost=47 births=3 reaped=5 pickup=2u+1c cids_total=139 recip=57 152s
  seed=9 w=34 vLb=19 hosted=20 ghost=45 births=6 reaped=2 pickup=2u+4c cids_total=144 recip=53 152s
  seed=9 w=35 vLb=21 hosted=19 ghost=49 births=4 reaped=4 pickup=1u+3c cids_total=150 recip=64 151s
  seed=9 w=36 vLb=17 hosted=21 ghost=49 births=4 reaped=2 pickup=0u+4c cids_total=150 recip=85 150s
  seed=9 w=37 vLb=17 hosted=17 ghost=51 births=3 reaped=1 pickup=1u+2c cids_total=153 recip=79 149s
  seed=9 w=38 vLb=18 hosted=17 ghost=53 births=1 reaped=8 pickup=1u+0c cids_total=155 recip=76 149s
  seed=9 w=39 vLb=19 hosted=18 ghost=46 births=3 reaped=9 pickup=0u+3c cids_total=159 recip=82 149s
  seed=9 w=40 vLb=30 hosted=19 ghost=40 births=0 reaped=3 pickup=0u+0c cids_total=170 recip=86 148s
  seed=9 w=41 vLb=24 hosted=30 ghost=37 births=9 reaped=6 pickup=2u+7c cids_total=173 recip=111 150s
  seed=9 w=42 vLb=26 hosted=24 ghost=40 births=4 reaped=4 pickup=1u+3c cids_total=179 recip=114 148s
  seed=9 w=43 vLb=27 hosted=26 ghost=40 births=3 reaped=2 pickup=0u+3c cids_total=183 recip=124 148s
  seed=9 w=44 vLb=26 hosted=27 ghost=41 births=3 reaped=6 pickup=0u+3c cids_total=185 recip=159 147s
  seed=9 w=45 vLb=27 hosted=26 ghost=38 births=3 reaped=3 pickup=0u+3c cids_total=189 recip=164 147s
  seed=9 w=46 vLb=25 hosted=27 ghost=38 births=2 reaped=6 pickup=1u+1c cids_total=189 recip=168 147s
  seed=9 w=47 vLb=22 hosted=25 ghost=34 births=4 reaped=4 pickup=0u+4c cids_total=190 recip=167 147s
  seed=9 w=48 vLb=23 hosted=22 ghost=34 births=3 reaped=2 pickup=2u+1c cids_total=194 recip=141 145s
  seed=9 w=49 vLb=28 hosted=23 ghost=35 births=2 reaped=3 pickup=0u+2c cids_total=201 recip=132 144s
  seed=9 w=50 vLb=34 hosted=28 ghost=34 births=5 reaped=1 pickup=0u+5c cids_total=212 recip=136 145s
  seed=9 w=51 vLb=31 hosted=34 ghost=38 births=5 reaped=9 pickup=0u+5c cids_total=214 recip=175 145s
  seed=9 w=52 vLb=34 hosted=31 ghost=34 births=7 reaped=3 pickup=0u+7c cids_total=224 recip=187 145s
  seed=9 w=53 vLb=28 hosted=34 ghost=38 births=11 reaped=4 pickup=2u+9c cids_total=229 recip=179 145s
  seed=9 w=54 vLb=20 hosted=28 ghost=45 births=10 reaped=3 pickup=0u+10c cids_total=231 recip=163 144s
  seed=9 w=55 vLb=25 hosted=20 ghost=52 births=2 reaped=2 pickup=0u+2c cids_total=238 recip=129 142s
  seed=9 w=56 vLb=34 hosted=25 ghost=52 births=5 reaped=2 pickup=1u+4c cids_total=252 recip=142 144s
  seed=9 w=57 vLb=35 hosted=34 ghost=55 births=4 reaped=5 pickup=0u+4c cids_total=257 recip=199 143s
  seed=9 w=58 vLb=32 hosted=35 ghost=54 births=9 reaped=1 pickup=0u+9c cids_total=263 recip=243 145s
  seed=9 w=59 vLb=26 hosted=32 ghost=62 births=6 reaped=3 pickup=1u+5c cids_total=263 recip=214 143s
  seed=9 w=60 vLb=25 hosted=26 ghost=65 births=2 reaped=4 pickup=0u+2c cids_total=264 recip=182 140s
  seed=9 w=61 vLb=21 hosted=25 ghost=63 births=4 reaped=6 pickup=0u+4c cids_total=264 recip=175 141s
  seed=9 w=62 vLb=20 hosted=21 ghost=61 births=3 reaped=6 pickup=0u+3c cids_total=266 recip=140 139s
  seed=9 w=63 vLb=24 hosted=20 ghost=58 births=0 reaped=8 pickup=0u+0c cids_total=270 recip=141 139s
  seed=9 w=64 vLb=24 hosted=24 ghost=50 births=3 reaped=11 pickup=0u+3c cids_total=273 recip=151 138s
  seed=9 w=65 vLb=23 hosted=24 ghost=42 births=4 reaped=3 pickup=0u+4c cids_total=276 recip=178 137s
  seed=9 w=66 vLb=24 hosted=23 ghost=43 births=1 reaped=7 pickup=0u+1c cids_total=278 recip=189 136s
  seed=9 w=67 vLb=29 hosted=24 ghost=37 births=0 reaped=3 pickup=0u+0c cids_total=283 recip=224 136s
  seed=9 w=68 vLb=32 hosted=29 ghost=34 births=3 reaped=8 pickup=0u+3c cids_total=289 recip=270 136s
  seed=9 w=69 vLb=34 hosted=32 ghost=29 births=3 reaped=7 pickup=0u+3c cids_total=294 recip=314 134s
  v9.15 Layer C: per_cid_self: 294 rows -> diag_v916_main/selfread/per_cid_self_seed9.csv
  v9.15 Layer C: divergence_log: 4521 rows -> diag_v916_main/selfread/divergence_log_seed9.csv
  v9.16 Layer C: observation_log: 4521 rows -> diag_v916_main/selfread/observation_log_seed9.csv
  v9.15 Layer C: class_divergence: 54 rows -> diag_v916_main/selfread/class_divergence_seed9.csv

  seed=9 DONE in 10612s
    cids total:    294
    hosted now:    34
    ghosts now:    25
    reaped:        235
    label rows:    237
    subject rows:  232
    tag entries:   956
    total tags:    709
    tag dist:
             gain_social: 85
             loss_social: 19
          gain_stability: 20
          loss_stability: 19
             gain_spread: 3
             loss_spread: 21
        gain_familiarity: 195
        loss_familiarity: 347
    --- v9.8c Pickup ---
    death records:    203
      consumed:       202 (99.5%)
      expired:        1 (0.5%)
      active (end):   0
    pickups:          202
      uncontested:    30
      contested:      172
    ttl_bonus stats:
      max:  16
      mean: 0.69
      n>0:  73/294
    conv ratio:    3.2139456873846446
  v913: link_life_log: 1534610 rows -> diag_v916_main/persistence/link_life_log_seed9.csv
  v913: link_snapshot_log: 135752 rows -> diag_v916_main/persistence/link_snapshot_log_seed9.csv
  v913: label_member_persistence: 337 rows -> diag_v916_main/persistence/label_member_persistence_seed9.csv
  v913: shadow_component_log: 109 rows -> diag_v916_main/persistence/shadow_component_log_seed9.csv
  v913 Step 0 persistence audit done. Output: diag_v916_main/persistence
  v914 Layer B: 232 cid registered, 4521 events, 232 cids have spent, 69 cids hit Q=0, 0 cids Q<0 (MUST be 0)
    E1_birth: 11 events (5 spent)
    E1_death: 345 events (338 spent)
    E2_fall: 269 events (269 spent)
    E2_rise: 269 events (269 spent)
    E3_contact: 3627 events (1716 spent)
    delta_norm: min=0.0000, max=0.6802, mean=0.1736
    [debug] last step: cids_with_alive_member_links=0, total alive member links=0, max per cid=0, R>0 entries=0
    [debug] member_nodes size distribution: [(2, 183), (3, 14), (4, 12), (5, 23)]
  v914 Layer B audit CSVs written to diag_v916_main/audit/
    per_event_audit: 4521 rows
    per_subject_audit: 232 rows
    run_level_audit_summary: 4 rows
