  [engine_accel] Loaded: link_strength_sum, exclusion, latent_refresh, cycle_finder(C)
  [engine_accel_v3] Patched: key, get_latent, set_latent
  [engine_accel_v5] L dict -> ShardedLatentDict
  [engine_accel_v5] get_latent/set_latent -> shard-direct
  [engine_accel_v5] RealizationOperator.step -> shard-based refresh
  ⟐ Injection (300 steps)...
  ⟐ Injection done (91s).
  seed=10 mat done. labels=21 links=2956 cids_total=84 hosted=21 ghosts=31
  seed=10 w=20 vLb=25 hosted=21 ghost=31 births=3 reaped=1 pickup=0u+3c cids_total=91 recip=74 162s
  seed=10 w=21 vLb=28 hosted=25 ghost=33 births=3 reaped=4 pickup=0u+3c cids_total=97 recip=117 162s
  seed=10 w=22 vLb=31 hosted=28 ghost=32 births=3 reaped=3 pickup=0u+3c cids_total=103 recip=156 162s
  seed=10 w=23 vLb=34 hosted=31 ghost=32 births=3 reaped=2 pickup=0u+3c cids_total=109 recip=170 160s
  seed=10 w=24 vLb=34 hosted=34 ghost=33 births=6 reaped=3 pickup=1u+5c cids_total=115 recip=168 161s
  seed=10 w=25 vLb=29 hosted=34 ghost=36 births=6 reaped=1 pickup=0u+5c cids_total=116 recip=180 160s
  seed=10 w=26 vLb=26 hosted=29 ghost=41 births=8 reaped=3 pickup=0u+8c cids_total=121 recip=162 157s
  seed=10 w=27 vLb=29 hosted=26 ghost=46 births=3 reaped=4 pickup=1u+3c cids_total=127 recip=148 157s
  seed=10 w=28 vLb=29 hosted=29 ghost=45 births=3 reaped=8 pickup=1u+2c cids_total=130 recip=174 156s
  seed=10 w=29 vLb=31 hosted=29 ghost=40 births=1 reaped=2 pickup=0u+1c cids_total=133 recip=177 153s
  seed=10 w=30 vLb=28 hosted=31 ghost=39 births=3 reaped=3 pickup=0u+3c cids_total=133 recip=219 152s
  seed=10 w=31 vLb=30 hosted=28 ghost=39 births=2 reaped=3 pickup=0u+1c cids_total=137 recip=223 151s
  seed=10 w=32 vLb=28 hosted=30 ghost=38 births=5 reaped=2 pickup=0u+5c cids_total=140 recip=229 151s
  seed=10 w=33 vLb=27 hosted=28 ghost=41 births=3 reaped=4 pickup=1u+2c cids_total=142 recip=225 151s
  seed=10 w=34 vLb=26 hosted=27 ghost=40 births=1 reaped=5 pickup=1u+0c cids_total=142 recip=230 151s
  seed=10 w=35 vLb=29 hosted=26 ghost=36 births=1 reaped=5 pickup=1u+1c cids_total=146 recip=231 151s
  seed=10 w=36 vLb=29 hosted=29 ghost=32 births=3 reaped=5 pickup=0u+2c cids_total=149 recip=249 152s
  seed=10 w=37 vLb=29 hosted=29 ghost=30 births=1 reaped=7 pickup=0u+0c cids_total=150 recip=250 152s
  seed=10 w=38 vLb=34 hosted=29 ghost=24 births=2 reaped=2 pickup=1u+3c cids_total=157 recip=266 151s
  seed=10 w=39 vLb=31 hosted=34 ghost=24 births=5 reaped=3 pickup=2u+2c cids_total=159 recip=279 151s
  seed=10 w=40 vLb=28 hosted=31 ghost=26 births=3 reaped=1 pickup=0u+2c cids_total=159 recip=312 150s
  seed=10 w=41 vLb=29 hosted=28 ghost=28 births=1 reaped=2 pickup=0u+1c cids_total=161 recip=299 148s
  seed=10 w=42 vLb=36 hosted=29 ghost=27 births=0 reaped=7 pickup=0u+0c cids_total=168 recip=282 149s
  seed=10 w=43 vLb=30 hosted=36 ghost=20 births=6 reaped=3 pickup=1u+5c cids_total=168 recip=297 149s
  seed=10 w=44 vLb=30 hosted=30 ghost=23 births=3 reaped=0 pickup=0u+3c cids_total=171 recip=280 149s
  seed=10 w=45 vLb=34 hosted=30 ghost=26 births=1 reaped=2 pickup=1u+0c cids_total=176 recip=275 147s
  seed=10 w=46 vLb=36 hosted=34 ghost=25 births=2 reaped=2 pickup=0u+2c cids_total=180 recip=320 148s
  seed=10 w=47 vLb=35 hosted=36 ghost=25 births=4 reaped=0 pickup=2u+2c cids_total=183 recip=366 149s
  seed=10 w=48 vLb=33 hosted=35 ghost=29 births=3 reaped=3 pickup=0u+3c cids_total=184 recip=355 149s
  seed=10 w=49 vLb=33 hosted=33 ghost=29 births=0 reaped=4 pickup=0u+0c cids_total=184 recip=321 146s
  seed=10 w=50 vLb=29 hosted=33 ghost=25 births=4 reaped=4 pickup=0u+4c cids_total=184 recip=322 147s
  seed=10 w=51 vLb=37 hosted=29 ghost=25 births=0 reaped=0 pickup=0u+0c cids_total=192 recip=301 145s
  seed=10 w=52 vLb=44 hosted=37 ghost=25 births=2 reaped=0 pickup=0u+2c cids_total=201 recip=334 149s
  seed=10 w=53 vLb=40 hosted=44 ghost=27 births=8 reaped=7 pickup=2u+6c cids_total=205 recip=373 148s
  seed=10 w=54 vLb=39 hosted=40 ghost=28 births=4 reaped=3 pickup=0u+3c cids_total=208 recip=385 148s
  seed=10 w=55 vLb=32 hosted=39 ghost=29 births=8 reaped=2 pickup=0u+8c cids_total=209 recip=398 147s
  seed=10 w=56 vLb=33 hosted=32 ghost=35 births=2 reaped=2 pickup=1u+1c cids_total=212 recip=362 145s
  seed=10 w=57 vLb=34 hosted=33 ghost=35 births=2 reaped=4 pickup=1u+2c cids_total=215 recip=359 146s
  seed=10 w=58 vLb=36 hosted=34 ghost=33 births=3 reaped=3 pickup=1u+2c cids_total=220 recip=374 145s
  seed=10 w=59 vLb=33 hosted=36 ghost=33 births=4 reaped=0 pickup=0u+4c cids_total=221 recip=395 144s
  seed=10 w=60 vLb=37 hosted=33 ghost=37 births=1 reaped=3 pickup=0u+1c cids_total=226 recip=399 145s
  seed=10 w=61 vLb=34 hosted=37 ghost=35 births=3 reaped=0 pickup=0u+3c cids_total=226 recip=433 146s
  seed=10 w=62 vLb=41 hosted=34 ghost=38 births=0 reaped=3 pickup=0u+0c cids_total=233 recip=428 145s
  seed=10 w=63 vLb=40 hosted=41 ghost=35 births=4 reaped=8 pickup=1u+3c cids_total=236 recip=487 145s
  seed=10 w=64 vLb=38 hosted=40 ghost=31 births=3 reaped=3 pickup=0u+3c cids_total=237 recip=506 145s
  seed=10 w=65 vLb=38 hosted=38 ghost=31 births=0 reaped=7 pickup=0u+0c cids_total=237 recip=530 145s
  seed=10 w=66 vLb=36 hosted=38 ghost=24 births=3 reaped=3 pickup=0u+3c cids_total=238 recip=533 145s
  seed=10 w=67 vLb=35 hosted=36 ghost=24 births=1 reaped=2 pickup=0u+1c cids_total=238 recip=501 144s
  seed=10 w=68 vLb=40 hosted=35 ghost=23 births=1 reaped=2 pickup=0u+1c cids_total=244 recip=489 142s
  seed=10 w=69 vLb=42 hosted=40 ghost=22 births=1 reaped=4 pickup=0u+1c cids_total=247 recip=541 139s
  v9.15 Layer C: per_cid_self: 247 rows -> diag_v916_main/selfread/per_cid_self_seed10.csv
  v9.15 Layer C: divergence_log: 4930 rows -> diag_v916_main/selfread/divergence_log_seed10.csv
  v9.16 Layer C: observation_log: 4930 rows -> diag_v916_main/selfread/observation_log_seed10.csv
  v9.15 Layer C: class_divergence: 65 rows -> diag_v916_main/selfread/class_divergence_seed10.csv

  seed=10 DONE in 10796s
    cids total:    247
    hosted now:    42
    ghosts now:    19
    reaped:        186
    label rows:    184
    subject rows:  181
    tag entries:   1447
    total tags:    872
    tag dist:
             gain_social: 63
             loss_social: 14
          gain_stability: 22
          loss_stability: 26
             gain_spread: 6
             loss_spread: 13
        gain_familiarity: 291
        loss_familiarity: 437
    --- v9.8c Pickup ---
    death records:    142
      consumed:       140 (98.6%)
      expired:        2 (1.4%)
      active (end):   0
    pickups:          140
      uncontested:    19
      contested:      121
    ttl_bonus stats:
      max:  11
      mean: 0.57
      n>0:  58/247
    conv ratio:    2.8301876892687896
  v913: link_life_log: 1533131 rows -> diag_v916_main/persistence/link_life_log_seed10.csv
  v913: link_snapshot_log: 134652 rows -> diag_v916_main/persistence/link_snapshot_log_seed10.csv
  v913: label_member_persistence: 289 rows -> diag_v916_main/persistence/label_member_persistence_seed10.csv
  v913: shadow_component_log: 73 rows -> diag_v916_main/persistence/shadow_component_log_seed10.csv
  v913 Step 0 persistence audit done. Output: diag_v916_main/persistence
  v914 Layer B: 181 cid registered, 4930 events, 179 cids have spent, 65 cids hit Q=0, 0 cids Q<0 (MUST be 0)
    E1_birth: 10 events (6 spent)
    E1_death: 294 events (289 spent)
    E2_fall: 231 events (231 spent)
    E2_rise: 231 events (231 spent)
    E3_contact: 4164 events (1602 spent)
    delta_norm: min=0.0000, max=0.8847, mean=0.2003
    [debug] last step: cids_with_alive_member_links=0, total alive member links=0, max per cid=0, R>0 entries=0
    [debug] member_nodes size distribution: [(2, 124), (3, 12), (4, 13), (5, 32)]
  v914 Layer B audit CSVs written to diag_v916_main/audit/
    per_event_audit: 4930 rows
    per_subject_audit: 181 rows
    run_level_audit_summary: 4 rows
