  [engine_accel] Loaded: link_strength_sum, exclusion, latent_refresh, cycle_finder(C)
  [engine_accel_v3] Patched: key, get_latent, set_latent
  [engine_accel_v5] L dict -> ShardedLatentDict
  [engine_accel_v5] get_latent/set_latent -> shard-direct
  [engine_accel_v5] RealizationOperator.step -> shard-based refresh
  ⟐ Injection (300 steps)...
  ⟐ Injection done (92s).
  seed=8 mat done. labels=23 links=2890 cids_total=88 hosted=23 ghosts=38
  seed=8 w=20 vLb=18 hosted=23 ghost=38 births=5 reaped=3 pickup=1u+4c cids_total=88 recip=29 158s
  seed=8 w=21 vLb=15 hosted=18 ghost=40 births=4 reaped=1 pickup=1u+2c cids_total=89 recip=38 157s
  seed=8 w=22 vLb=18 hosted=15 ghost=43 births=0 reaped=3 pickup=0u+0c cids_total=92 recip=40 158s
  seed=8 w=23 vLb=20 hosted=18 ghost=40 births=2 reaped=3 pickup=0u+2c cids_total=96 recip=48 159s
  seed=8 w=24 vLb=16 hosted=20 ghost=39 births=4 reaped=2 pickup=1u+3c cids_total=96 recip=52 157s
  seed=8 w=25 vLb=17 hosted=16 ghost=41 births=2 reaped=3 pickup=0u+2c cids_total=99 recip=46 156s
  seed=8 w=26 vLb=15 hosted=17 ghost=40 births=3 reaped=2 pickup=1u+2c cids_total=100 recip=40 157s
  seed=8 w=27 vLb=18 hosted=15 ghost=41 births=2 reaped=6 pickup=0u+2c cids_total=105 recip=37 156s
  seed=8 w=28 vLb=18 hosted=18 ghost=37 births=2 reaped=7 pickup=1u+1c cids_total=107 recip=39 156s
  seed=8 w=29 vLb=17 hosted=18 ghost=32 births=3 reaped=8 pickup=3u+0c cids_total=109 recip=48 155s
  seed=8 w=30 vLb=19 hosted=17 ghost=27 births=0 reaped=5 pickup=0u+0c cids_total=111 recip=52 154s
  seed=8 w=31 vLb=20 hosted=19 ghost=22 births=1 reaped=3 pickup=0u+1c cids_total=113 recip=64 154s
  seed=8 w=32 vLb=24 hosted=20 ghost=20 births=0 reaped=1 pickup=0u+0c cids_total=117 recip=74 152s
  seed=8 w=33 vLb=18 hosted=24 ghost=19 births=6 reaped=2 pickup=2u+4c cids_total=117 recip=79 153s
  seed=8 w=34 vLb=25 hosted=18 ghost=23 births=0 reaped=1 pickup=0u+0c cids_total=124 recip=67 153s
  seed=8 w=35 vLb=25 hosted=25 ghost=22 births=2 reaped=5 pickup=0u+2c cids_total=126 recip=96 152s
  seed=8 w=36 vLb=21 hosted=25 ghost=19 births=5 reaped=3 pickup=2u+3c cids_total=127 recip=94 152s
  seed=8 w=37 vLb=25 hosted=21 ghost=21 births=3 reaped=2 pickup=1u+1c cids_total=134 recip=88 151s
  seed=8 w=38 vLb=26 hosted=25 ghost=22 births=7 reaped=2 pickup=0u+7c cids_total=142 recip=94 151s
  seed=8 w=39 vLb=20 hosted=26 ghost=27 births=7 reaped=2 pickup=3u+3c cids_total=143 recip=82 150s
  seed=8 w=40 vLb=20 hosted=20 ghost=32 births=4 reaped=0 pickup=0u+4c cids_total=147 recip=69 149s
  seed=8 w=41 vLb=26 hosted=20 ghost=36 births=3 reaped=1 pickup=0u+4c cids_total=156 recip=93 148s
  seed=8 w=42 vLb=26 hosted=26 ghost=38 births=3 reaped=1 pickup=1u+2c cids_total=159 recip=128 147s
  seed=8 w=43 vLb=26 hosted=26 ghost=40 births=3 reaped=4 pickup=0u+3c cids_total=162 recip=145 149s
  seed=8 w=44 vLb=25 hosted=26 ghost=39 births=5 reaped=1 pickup=1u+4c cids_total=166 recip=165 148s
  seed=8 w=45 vLb=34 hosted=25 ghost=43 births=4 reaped=2 pickup=0u+4c cids_total=179 recip=159 147s
  seed=8 w=46 vLb=28 hosted=34 ghost=45 births=6 reaped=2 pickup=1u+5c cids_total=179 recip=172 149s
  seed=8 w=47 vLb=38 hosted=28 ghost=49 births=5 reaped=4 pickup=0u+5c cids_total=194 recip=169 147s
  seed=8 w=48 vLb=28 hosted=38 ghost=50 births=12 reaped=6 pickup=2u+10c cids_total=196 recip=213 147s
  seed=8 w=49 vLb=33 hosted=28 ghost=56 births=2 reaped=6 pickup=0u+2c cids_total=203 recip=173 144s
  seed=8 w=50 vLb=30 hosted=33 ghost=52 births=3 reaped=4 pickup=0u+3c cids_total=203 recip=187 145s
  seed=8 w=51 vLb=30 hosted=30 ghost=51 births=5 reaped=5 pickup=1u+4c cids_total=208 recip=182 144s
  seed=8 w=52 vLb=30 hosted=30 ghost=51 births=5 reaped=4 pickup=1u+4c cids_total=213 recip=172 144s
  seed=8 w=53 vLb=29 hosted=30 ghost=52 births=4 reaped=4 pickup=1u+3c cids_total=216 recip=196 144s
  seed=8 w=54 vLb=30 hosted=29 ghost=52 births=3 reaped=3 pickup=0u+3c cids_total=220 recip=205 143s
  seed=8 w=55 vLb=33 hosted=30 ghost=52 births=1 reaped=6 pickup=1u+0c cids_total=224 recip=218 142s
  seed=8 w=56 vLb=36 hosted=33 ghost=47 births=5 reaped=5 pickup=0u+5c cids_total=232 recip=239 143s
  seed=8 w=57 vLb=35 hosted=36 ghost=47 births=9 reaped=5 pickup=1u+8c cids_total=240 recip=245 143s
  seed=8 w=58 vLb=38 hosted=35 ghost=51 births=3 reaped=11 pickup=0u+3c cids_total=246 recip=224 141s
  seed=8 w=59 vLb=32 hosted=38 ghost=43 births=6 reaped=3 pickup=1u+5c cids_total=246 recip=262 142s
  seed=8 w=60 vLb=33 hosted=32 ghost=46 births=2 reaped=4 pickup=0u+2c cids_total=249 recip=240 140s
  seed=8 w=61 vLb=30 hosted=33 ghost=44 births=5 reaped=6 pickup=0u+5c cids_total=251 recip=256 140s
  seed=8 w=62 vLb=30 hosted=30 ghost=43 births=4 reaped=3 pickup=0u+4c cids_total=255 recip=252 138s
  seed=8 w=63 vLb=27 hosted=30 ghost=44 births=5 reaped=4 pickup=0u+5c cids_total=257 recip=261 138s
  seed=8 w=64 vLb=31 hosted=27 ghost=45 births=2 reaped=3 pickup=0u+2c cids_total=263 recip=232 137s
  seed=8 w=65 vLb=36 hosted=31 ghost=44 births=2 reaped=3 pickup=0u+2c cids_total=270 recip=239 136s
  seed=8 w=66 vLb=33 hosted=36 ghost=43 births=6 reaped=4 pickup=0u+6c cids_total=273 recip=259 135s
  seed=8 w=67 vLb=34 hosted=33 ghost=45 births=3 reaped=6 pickup=2u+1c cids_total=277 recip=257 134s
  seed=8 w=68 vLb=34 hosted=34 ghost=42 births=5 reaped=3 pickup=0u+5c cids_total=282 recip=269 134s
  seed=8 w=69 vLb=38 hosted=34 ghost=44 births=4 reaped=6 pickup=0u+4c cids_total=290 recip=253 132s
  v9.15 Layer C: per_cid_self: 290 rows -> diag_v916_main/selfread/per_cid_self_seed8.csv
  v9.15 Layer C: divergence_log: 4248 rows -> diag_v916_main/selfread/divergence_log_seed8.csv
  v9.16 Layer C: observation_log: 4248 rows -> diag_v916_main/selfread/observation_log_seed8.csv
  v9.15 Layer C: class_divergence: 79 rows -> diag_v916_main/selfread/class_divergence_seed8.csv

  seed=8 DONE in 10726s
    cids total:    290
    hosted now:    38
    ghosts now:    42
    reaped:        210
    label rows:    225
    subject rows:  217
    tag entries:   1096
    total tags:    735
    tag dist:
             gain_social: 70
             loss_social: 15
          gain_stability: 18
          loss_stability: 19
             gain_spread: 12
             loss_spread: 25
        gain_familiarity: 190
        loss_familiarity: 386
    --- v9.8c Pickup ---
    death records:    187
      consumed:       185 (98.9%)
      expired:        2 (1.1%)
      active (end):   0
    pickups:          185
      uncontested:    29
      contested:      156
    ttl_bonus stats:
      max:  9
      mean: 0.64
      n>0:  84/290
    conv ratio:    3.358493562002965
  v913: link_life_log: 1518011 rows -> diag_v916_main/persistence/link_life_log_seed8.csv
  v913: link_snapshot_log: 133903 rows -> diag_v916_main/persistence/link_snapshot_log_seed8.csv
  v913: label_member_persistence: 291 rows -> diag_v916_main/persistence/label_member_persistence_seed8.csv
  v913: shadow_component_log: 102 rows -> diag_v916_main/persistence/shadow_component_log_seed8.csv
  v913 Step 0 persistence audit done. Output: diag_v916_main/persistence
  v914 Layer B: 217 cid registered, 4248 events, 213 cids have spent, 72 cids hit Q=0, 0 cids Q<0 (MUST be 0)
    E1_birth: 9 events (3 spent)
    E1_death: 301 events (295 spent)
    E2_fall: 230 events (230 spent)
    E2_rise: 230 events (230 spent)
    E3_contact: 3478 events (1567 spent)
    delta_norm: min=0.0000, max=0.7200, mean=0.1842
    [debug] last step: cids_with_alive_member_links=0, total alive member links=0, max per cid=0, R>0 entries=0
    [debug] member_nodes size distribution: [(2, 181), (3, 8), (4, 9), (5, 19)]
  v914 Layer B audit CSVs written to diag_v916_main/audit/
    per_event_audit: 4248 rows
    per_subject_audit: 217 rows
    run_level_audit_summary: 4 rows
