  [engine_accel] Loaded: link_strength_sum, exclusion, latent_refresh, cycle_finder(C)
  [engine_accel_v3] Patched: key, get_latent, set_latent
  [engine_accel_v5] L dict -> ShardedLatentDict
  [engine_accel_v5] get_latent/set_latent -> shard-direct
  [engine_accel_v5] RealizationOperator.step -> shard-based refresh
  ⟐ Injection (300 steps)...
  ⟐ Injection done (92s).
  seed=5 mat done. labels=21 links=2885 cids_total=72 hosted=21 ghosts=25
  seed=5 w=20 vLb=18 hosted=21 ghost=25 births=4 reaped=1 pickup=0u+3c cids_total=73 recip=45 158s
  seed=5 w=21 vLb=19 hosted=18 ghost=28 births=4 reaped=1 pickup=1u+3c cids_total=78 recip=53 159s
  seed=5 w=22 vLb=21 hosted=19 ghost=31 births=2 reaped=5 pickup=1u+2c cids_total=82 recip=61 159s
  seed=5 w=23 vLb=21 hosted=21 ghost=28 births=5 reaped=2 pickup=2u+3c cids_total=87 recip=71 158s
  seed=5 w=24 vLb=26 hosted=21 ghost=31 births=3 reaped=2 pickup=1u+2c cids_total=95 recip=82 158s
  seed=5 w=25 vLb=21 hosted=26 ghost=32 births=9 reaped=1 pickup=1u+8c cids_total=99 recip=106 159s
  seed=5 w=26 vLb=18 hosted=21 ghost=40 births=5 reaped=2 pickup=1u+3c cids_total=101 recip=93 157s
  seed=5 w=27 vLb=24 hosted=18 ghost=43 births=4 reaped=7 pickup=1u+4c cids_total=111 recip=79 155s
  seed=5 w=28 vLb=25 hosted=24 ghost=40 births=5 reaped=0 pickup=0u+4c cids_total=117 recip=98 155s
  seed=5 w=29 vLb=22 hosted=25 ghost=45 births=5 reaped=4 pickup=1u+4c cids_total=119 recip=127 155s
  seed=5 w=30 vLb=24 hosted=22 ghost=46 births=2 reaped=4 pickup=2u+1c cids_total=123 recip=111 154s
  seed=5 w=31 vLb=22 hosted=24 ghost=44 births=4 reaped=4 pickup=1u+3c cids_total=125 recip=121 153s
  seed=5 w=32 vLb=21 hosted=22 ghost=44 births=1 reaped=2 pickup=0u+1c cids_total=125 recip=125 156s
  seed=5 w=33 vLb=30 hosted=21 ghost=43 births=1 reaped=3 pickup=1u+0c cids_total=135 recip=134 155s
  seed=5 w=34 vLb=32 hosted=30 ghost=41 births=5 reaped=5 pickup=0u+5c cids_total=142 recip=154 157s
  seed=5 w=35 vLb=27 hosted=32 ghost=41 births=7 reaped=6 pickup=1u+6c cids_total=144 recip=158 156s
  seed=5 w=36 vLb=30 hosted=27 ghost=42 births=5 reaped=5 pickup=0u+5c cids_total=152 recip=167 154s
  seed=5 w=37 vLb=29 hosted=30 ghost=42 births=7 reaped=4 pickup=0u+7c cids_total=158 recip=179 155s
  seed=5 w=38 vLb=26 hosted=29 ghost=45 births=4 reaped=5 pickup=0u+4c cids_total=159 recip=182 155s
  seed=5 w=39 vLb=26 hosted=26 ghost=44 births=0 reaped=7 pickup=0u+0c cids_total=159 recip=197 152s
  seed=5 w=40 vLb=27 hosted=26 ghost=37 births=4 reaped=1 pickup=1u+3c cids_total=164 recip=201 152s
  seed=5 w=41 vLb=32 hosted=27 ghost=40 births=2 reaped=3 pickup=0u+2c cids_total=171 recip=202 152s
  seed=5 w=42 vLb=24 hosted=32 ghost=39 births=9 reaped=3 pickup=0u+9c cids_total=172 recip=243 154s
  seed=5 w=43 vLb=25 hosted=24 ghost=45 births=1 reaped=0 pickup=0u+1c cids_total=174 recip=187 150s
  seed=5 w=44 vLb=25 hosted=25 ghost=46 births=2 reaped=7 pickup=0u+2c cids_total=176 recip=215 150s
  seed=5 w=45 vLb=28 hosted=25 ghost=41 births=1 reaped=5 pickup=0u+1c cids_total=180 recip=212 145s
  seed=5 w=46 vLb=33 hosted=28 ghost=37 births=4 reaped=6 pickup=0u+4c cids_total=189 recip=230 145s
  seed=5 w=47 vLb=29 hosted=33 ghost=35 births=4 reaped=6 pickup=0u+4c cids_total=189 recip=244 145s
  seed=5 w=48 vLb=26 hosted=29 ghost=33 births=3 reaped=5 pickup=0u+3c cids_total=189 recip=244 145s
  seed=5 w=49 vLb=30 hosted=26 ghost=31 births=3 reaped=1 pickup=1u+2c cids_total=196 recip=227 144s
  seed=5 w=50 vLb=32 hosted=30 ghost=33 births=4 reaped=2 pickup=0u+4c cids_total=202 recip=226 145s
  seed=5 w=51 vLb=29 hosted=32 ghost=35 births=5 reaped=1 pickup=0u+5c cids_total=204 recip=259 147s
  seed=5 w=52 vLb=41 hosted=29 ghost=39 births=3 reaped=5 pickup=0u+3c cids_total=219 recip=230 146s
  seed=5 w=53 vLb=39 hosted=41 ghost=37 births=5 reaped=7 pickup=0u+5c cids_total=222 recip=276 146s
  seed=5 w=54 vLb=38 hosted=39 ghost=35 births=5 reaped=3 pickup=0u+5c cids_total=226 recip=299 144s
  seed=5 w=55 vLb=35 hosted=38 ghost=37 births=4 reaped=0 pickup=0u+4c cids_total=227 recip=313 143s
  seed=5 w=56 vLb=36 hosted=35 ghost=41 births=4 reaped=4 pickup=1u+3c cids_total=232 recip=311 143s
  seed=5 w=57 vLb=37 hosted=36 ghost=41 births=4 reaped=3 pickup=0u+4c cids_total=237 recip=317 143s
  seed=5 w=58 vLb=47 hosted=37 ghost=42 births=5 reaped=4 pickup=0u+5c cids_total=252 recip=342 143s
  seed=5 w=59 vLb=41 hosted=47 ghost=43 births=6 reaped=1 pickup=0u+5c cids_total=252 recip=371 144s
  seed=5 w=60 vLb=41 hosted=41 ghost=48 births=5 reaped=7 pickup=1u+5c cids_total=257 recip=364 144s
  seed=5 w=61 vLb=41 hosted=41 ghost=46 births=3 reaped=3 pickup=0u+3c cids_total=260 recip=370 143s
  seed=5 w=62 vLb=47 hosted=41 ghost=46 births=3 reaped=4 pickup=0u+3c cids_total=269 recip=377 142s
  seed=5 w=63 vLb=40 hosted=47 ghost=45 births=11 reaped=4 pickup=1u+10c cids_total=273 recip=385 143s
  seed=5 w=64 vLb=37 hosted=40 ghost=52 births=3 reaped=7 pickup=0u+3c cids_total=273 recip=398 141s
  seed=5 w=65 vLb=38 hosted=37 ghost=48 births=4 reaped=3 pickup=0u+4c cids_total=278 recip=386 141s
  seed=5 w=66 vLb=40 hosted=38 ghost=49 births=1 reaped=4 pickup=0u+1c cids_total=281 recip=406 141s
  seed=5 w=67 vLb=38 hosted=40 ghost=46 births=3 reaped=3 pickup=1u+2c cids_total=282 recip=421 139s
  seed=5 w=68 vLb=38 hosted=38 ghost=46 births=2 reaped=5 pickup=0u+2c cids_total=284 recip=428 137s
  seed=5 w=69 vLb=35 hosted=38 ghost=43 births=3 reaped=8 pickup=0u+3c cids_total=284 recip=436 135s
  v9.15 Layer C: per_cid_self: 284 rows -> diag_v916_main/selfread/per_cid_self_seed5.csv
  v9.15 Layer C: divergence_log: 5653 rows -> diag_v916_main/selfread/divergence_log_seed5.csv
  v9.16 Layer C: observation_log: 5653 rows -> diag_v916_main/selfread/observation_log_seed5.csv
  v9.15 Layer C: class_divergence: 80 rows -> diag_v916_main/selfread/class_divergence_seed5.csv

  seed=5 DONE in 10725s
    cids total:    284
    hosted now:    35
    ghosts now:    38
    reaped:        211
    label rows:    233
    subject rows:  233
    tag entries:   1284
    total tags:    863
    tag dist:
             gain_social: 108
             loss_social: 18
          gain_stability: 29
          loss_stability: 25
             gain_spread: 7
             loss_spread: 20
        gain_familiarity: 211
        loss_familiarity: 445
    --- v9.8c Pickup ---
    death records:    198
      consumed:       198 (100.0%)
      expired:        0 (0.0%)
      active (end):   0
    pickups:          198
      uncontested:    20
      contested:      178
    ttl_bonus stats:
      max:  10
      mean: 0.70
      n>0:  81/284
    conv ratio:    3.055479930864701
  v913: link_life_log: 1533365 rows -> diag_v916_main/persistence/link_life_log_seed5.csv
  v913: link_snapshot_log: 135482 rows -> diag_v916_main/persistence/link_snapshot_log_seed5.csv
  v913: label_member_persistence: 347 rows -> diag_v916_main/persistence/label_member_persistence_seed5.csv
  v913: shadow_component_log: 96 rows -> diag_v916_main/persistence/shadow_component_log_seed5.csv
  v913 Step 0 persistence audit done. Output: diag_v916_main/persistence
  v914 Layer B: 233 cid registered, 5653 events, 226 cids have spent, 82 cids hit Q=0, 0 cids Q<0 (MUST be 0)
    E1_birth: 14 events (3 spent)
    E1_death: 360 events (349 spent)
    E2_fall: 285 events (285 spent)
    E2_rise: 285 events (285 spent)
    E3_contact: 4709 events (1892 spent)
    delta_norm: min=0.0000, max=0.7516, mean=0.1891
    [debug] last step: cids_with_alive_member_links=0, total alive member links=0, max per cid=0, R>0 entries=0
    [debug] member_nodes size distribution: [(2, 171), (3, 18), (4, 14), (5, 30)]
  v914 Layer B audit CSVs written to diag_v916_main/audit/
    per_event_audit: 5653 rows
    per_subject_audit: 233 rows
    run_level_audit_summary: 4 rows
