  [engine_accel] Loaded: link_strength_sum, exclusion, latent_refresh, cycle_finder(C)
  [engine_accel_v3] Patched: key, get_latent, set_latent
  [engine_accel_v5] L dict -> ShardedLatentDict
  [engine_accel_v5] get_latent/set_latent -> shard-direct
  [engine_accel_v5] RealizationOperator.step -> shard-based refresh
  ⟐ Injection (300 steps)...
  ⟐ Injection done (93s).
  seed=20 mat done. labels=28 links=2917 cids_total=100 hosted=28 ghosts=51
  seed=20 w=20 vLb=27 hosted=28 ghost=51 births=5 reaped=9 pickup=1u+4c cids_total=104 recip=42 165s
  seed=20 w=21 vLb=43 hosted=27 ghost=47 births=2 reaped=5 pickup=0u+2c cids_total=122 recip=80 167s
  seed=20 w=22 vLb=34 hosted=43 ghost=44 births=13 reaped=6 pickup=0u+13c cids_total=126 recip=123 169s
  seed=20 w=23 vLb=41 hosted=34 ghost=51 births=4 reaped=5 pickup=0u+4c cids_total=137 recip=123 165s
  seed=20 w=24 vLb=31 hosted=41 ghost=50 births=11 reaped=3 pickup=0u+11c cids_total=138 recip=167 167s
  seed=20 w=25 vLb=33 hosted=31 ghost=58 births=1 reaped=6 pickup=0u+1c cids_total=141 recip=130 164s
  seed=20 w=26 vLb=37 hosted=33 ghost=53 births=3 reaped=3 pickup=0u+3c cids_total=148 recip=143 164s
  seed=20 w=27 vLb=34 hosted=37 ghost=53 births=7 reaped=5 pickup=0u+7c cids_total=152 recip=160 164s
  seed=20 w=28 vLb=36 hosted=34 ghost=55 births=4 reaped=4 pickup=0u+4c cids_total=158 recip=150 163s
  seed=20 w=29 vLb=34 hosted=36 ghost=55 births=6 reaped=5 pickup=0u+6c cids_total=162 recip=159 163s
  seed=20 w=30 vLb=32 hosted=34 ghost=56 births=3 reaped=5 pickup=0u+3c cids_total=163 recip=182 163s
  seed=20 w=31 vLb=26 hosted=32 ghost=54 births=6 reaped=2 pickup=2u+3c cids_total=163 recip=194 158s
  seed=20 w=32 vLb=39 hosted=26 ghost=58 births=0 reaped=12 pickup=0u+0c cids_total=176 recip=163 157s
  seed=20 w=33 vLb=33 hosted=39 ghost=46 births=10 reaped=2 pickup=1u+10c cids_total=180 recip=209 160s
  seed=20 w=34 vLb=29 hosted=33 ghost=54 births=4 reaped=11 pickup=0u+4c cids_total=180 recip=200 159s
  seed=20 w=35 vLb=31 hosted=29 ghost=47 births=3 reaped=2 pickup=1u+2c cids_total=185 recip=195 155s
  seed=20 w=36 vLb=29 hosted=31 ghost=48 births=6 reaped=4 pickup=1u+5c cids_total=189 recip=177 155s
  seed=20 w=37 vLb=32 hosted=29 ghost=50 births=4 reaped=3 pickup=0u+4c cids_total=196 recip=162 154s
  seed=20 w=38 vLb=32 hosted=32 ghost=51 births=4 reaped=3 pickup=0u+4c cids_total=200 recip=197 152s
  seed=20 w=39 vLb=32 hosted=32 ghost=52 births=4 reaped=7 pickup=0u+4c cids_total=204 recip=196 154s
  seed=20 w=40 vLb=28 hosted=32 ghost=49 births=8 reaped=7 pickup=0u+8c cids_total=208 recip=215 151s
  seed=20 w=41 vLb=27 hosted=28 ghost=50 births=4 reaped=3 pickup=0u+2c cids_total=211 recip=216 152s
  seed=20 w=42 vLb=30 hosted=27 ghost=51 births=3 reaped=2 pickup=2u+3c cids_total=217 recip=196 153s
  seed=20 w=43 vLb=26 hosted=30 ghost=52 births=5 reaped=11 pickup=1u+4c cids_total=218 recip=214 152s
  seed=20 w=44 vLb=30 hosted=26 ghost=46 births=2 reaped=4 pickup=1u+1c cids_total=224 recip=216 151s
  seed=20 w=45 vLb=27 hosted=30 ghost=44 births=3 reaped=3 pickup=1u+2c cids_total=224 recip=257 153s
  seed=20 w=46 vLb=28 hosted=27 ghost=44 births=1 reaped=2 pickup=0u+1c cids_total=226 recip=265 152s
  seed=20 w=47 vLb=33 hosted=28 ghost=43 births=2 reaped=7 pickup=0u+2c cids_total=233 recip=269 151s
  seed=20 w=48 vLb=28 hosted=33 ghost=38 births=6 reaped=3 pickup=1u+5c cids_total=234 recip=283 151s
  seed=20 w=49 vLb=29 hosted=28 ghost=41 births=0 reaped=6 pickup=0u+0c cids_total=235 recip=289 152s
  seed=20 w=50 vLb=30 hosted=29 ghost=35 births=3 reaped=8 pickup=0u+3c cids_total=239 recip=295 151s
  seed=20 w=51 vLb=34 hosted=30 ghost=30 births=1 reaped=2 pickup=0u+1c cids_total=244 recip=283 150s
  seed=20 w=52 vLb=40 hosted=34 ghost=29 births=4 reaped=3 pickup=0u+4c cids_total=254 recip=285 151s
  seed=20 w=53 vLb=38 hosted=40 ghost=30 births=5 reaped=5 pickup=0u+5c cids_total=257 recip=304 151s
  seed=20 w=54 vLb=38 hosted=38 ghost=30 births=5 reaped=3 pickup=0u+5c cids_total=262 recip=320 151s
  seed=20 w=55 vLb=34 hosted=38 ghost=32 births=5 reaped=3 pickup=0u+5c cids_total=263 recip=334 151s
  seed=20 w=56 vLb=30 hosted=34 ghost=34 births=5 reaped=2 pickup=0u+5c cids_total=264 recip=318 150s
  seed=20 w=57 vLb=32 hosted=30 ghost=37 births=2 reaped=2 pickup=0u+2c cids_total=268 recip=314 149s
  seed=20 w=58 vLb=31 hosted=32 ghost=37 births=5 reaped=6 pickup=1u+4c cids_total=272 recip=312 148s
  seed=20 w=59 vLb=27 hosted=31 ghost=36 births=4 reaped=0 pickup=1u+3c cids_total=272 recip=318 147s
  seed=20 w=60 vLb=28 hosted=27 ghost=40 births=1 reaped=1 pickup=0u+1c cids_total=274 recip=279 145s
  seed=20 w=61 vLb=32 hosted=28 ghost=40 births=1 reaped=2 pickup=0u+1c cids_total=279 recip=303 144s
  seed=20 w=62 vLb=30 hosted=32 ghost=39 births=4 reaped=3 pickup=0u+4c cids_total=281 recip=332 145s
  seed=20 w=63 vLb=37 hosted=30 ghost=40 births=1 reaped=4 pickup=0u+1c cids_total=289 recip=325 145s
  seed=20 w=64 vLb=36 hosted=37 ghost=37 births=6 reaped=6 pickup=0u+5c cids_total=294 recip=344 146s
  seed=20 w=65 vLb=34 hosted=36 ghost=37 births=6 reaped=6 pickup=0u+6c cids_total=298 recip=365 146s
  seed=20 w=66 vLb=40 hosted=34 ghost=37 births=3 reaped=4 pickup=1u+3c cids_total=307 recip=368 147s
  seed=20 w=67 vLb=42 hosted=40 ghost=36 births=4 reaped=3 pickup=0u+4c cids_total=313 recip=395 144s
  seed=20 w=68 vLb=50 hosted=42 ghost=37 births=4 reaped=7 pickup=0u+4c cids_total=325 recip=421 137s
  seed=20 w=69 vLb=46 hosted=50 ghost=34 births=9 reaped=3 pickup=0u+8c cids_total=330 recip=487 131s
  v9.15 Layer C: per_cid_self: 330 rows -> diag_v916_main/selfread/per_cid_self_seed20.csv
  v9.15 Layer C: divergence_log: 5898 rows -> diag_v916_main/selfread/divergence_log_seed20.csv
  v9.16 Layer C: observation_log: 5898 rows -> diag_v916_main/selfread/observation_log_seed20.csv
  v9.15 Layer C: class_divergence: 86 rows -> diag_v916_main/selfread/class_divergence_seed20.csv

  seed=20 DONE in 11002s
    cids total:    330
    hosted now:    46
    ghosts now:    40
    reaped:        244
    label rows:    258
    subject rows:  253
    tag entries:   1389
    total tags:    867
    tag dist:
             gain_social: 87
             loss_social: 16
          gain_stability: 29
          loss_stability: 24
             gain_spread: 9
             loss_spread: 25
        gain_familiarity: 245
        loss_familiarity: 432
    --- v9.8c Pickup ---
    death records:    212
      consumed:       211 (99.5%)
      expired:        0 (0.0%)
      active (end):   1
    pickups:          211
      uncontested:    15
      contested:      196
    ttl_bonus stats:
      max:  9
      mean: 0.64
      n>0:  88/330
    conv ratio:    3.183097628403545
  v913: link_life_log: 1559196 rows -> diag_v916_main/persistence/link_life_log_seed20.csv
  v913: link_snapshot_log: 137373 rows -> diag_v916_main/persistence/link_snapshot_log_seed20.csv
  v913: label_member_persistence: 357 rows -> diag_v916_main/persistence/label_member_persistence_seed20.csv
  v913: shadow_component_log: 111 rows -> diag_v916_main/persistence/shadow_component_log_seed20.csv
  v913 Step 0 persistence audit done. Output: diag_v916_main/persistence
  v914 Layer B: 253 cid registered, 5898 events, 250 cids have spent, 86 cids hit Q=0, 0 cids Q<0 (MUST be 0)
    E1_birth: 8 events (2 spent)
    E1_death: 359 events (353 spent)
    E2_fall: 288 events (288 spent)
    E2_rise: 288 events (288 spent)
    E3_contact: 4955 events (2007 spent)
    delta_norm: min=0.0000, max=0.6563, mean=0.1863
    [debug] last step: cids_with_alive_member_links=0, total alive member links=0, max per cid=0, R>0 entries=0
    [debug] member_nodes size distribution: [(2, 198), (3, 17), (4, 12), (5, 26)]
  v914 Layer B audit CSVs written to diag_v916_main/audit/
    per_event_audit: 5898 rows
    per_subject_audit: 253 rows
    run_level_audit_summary: 4 rows
