  [engine_accel] Loaded: link_strength_sum, exclusion, latent_refresh, cycle_finder(C)
  [engine_accel_v3] Patched: key, get_latent, set_latent
  [engine_accel_v5] L dict -> ShardedLatentDict
  [engine_accel_v5] get_latent/set_latent -> shard-direct
  [engine_accel_v5] RealizationOperator.step -> shard-based refresh
  ⟐ Injection (300 steps)...
  ⟐ Injection done (94s).
  seed=13 mat done. labels=24 links=2956 cids_total=77 hosted=24 ghosts=29
  seed=13 w=20 vLb=28 hosted=24 ghost=29 births=3 reaped=4 pickup=0u+3c cids_total=84 recip=88 162s
  seed=13 w=21 vLb=24 hosted=28 ghost=28 births=5 reaped=4 pickup=1u+4c cids_total=85 recip=134 165s
  seed=13 w=22 vLb=24 hosted=24 ghost=29 births=4 reaped=2 pickup=0u+4c cids_total=89 recip=157 164s
  seed=13 w=23 vLb=23 hosted=24 ghost=31 births=4 reaped=2 pickup=1u+2c cids_total=92 recip=153 162s
  seed=13 w=24 vLb=23 hosted=23 ghost=33 births=3 reaped=4 pickup=0u+4c cids_total=95 recip=139 161s
  seed=13 w=25 vLb=27 hosted=23 ghost=32 births=5 reaped=1 pickup=1u+4c cids_total=104 recip=133 161s
  seed=13 w=26 vLb=24 hosted=27 ghost=36 births=5 reaped=3 pickup=0u+5c cids_total=106 recip=152 160s
  seed=13 w=27 vLb=25 hosted=24 ghost=38 births=4 reaped=2 pickup=1u+2c cids_total=111 recip=155 160s
  seed=13 w=28 vLb=24 hosted=25 ghost=40 births=4 reaped=2 pickup=0u+5c cids_total=114 recip=163 160s
  seed=13 w=29 vLb=29 hosted=24 ghost=42 births=3 reaped=5 pickup=0u+3c cids_total=122 recip=156 158s
  seed=13 w=30 vLb=29 hosted=29 ghost=40 births=5 reaped=3 pickup=1u+4c cids_total=127 recip=187 158s
  seed=13 w=31 vLb=28 hosted=29 ghost=42 births=4 reaped=4 pickup=0u+4c cids_total=130 recip=186 159s
  seed=13 w=32 vLb=28 hosted=28 ghost=42 births=4 reaped=4 pickup=0u+4c cids_total=134 recip=201 158s
  seed=13 w=33 vLb=29 hosted=28 ghost=42 births=3 reaped=3 pickup=1u+2c cids_total=138 recip=198 159s
  seed=13 w=34 vLb=29 hosted=29 ghost=42 births=3 reaped=5 pickup=0u+3c cids_total=141 recip=214 159s
  seed=13 w=35 vLb=31 hosted=29 ghost=40 births=2 reaped=4 pickup=1u+1c cids_total=145 recip=236 158s
  seed=13 w=36 vLb=34 hosted=31 ghost=38 births=2 reaped=5 pickup=0u+2c cids_total=150 recip=272 156s
  seed=13 w=37 vLb=30 hosted=34 ghost=35 births=4 reaped=3 pickup=0u+4c cids_total=150 recip=287 155s
  seed=13 w=38 vLb=29 hosted=30 ghost=36 births=2 reaped=4 pickup=1u+1c cids_total=151 recip=264 156s
  seed=13 w=39 vLb=27 hosted=29 ghost=34 births=2 reaped=4 pickup=0u+2c cids_total=151 recip=270 154s
  seed=13 w=40 vLb=27 hosted=27 ghost=32 births=1 reaped=4 pickup=0u+1c cids_total=152 recip=245 155s
  seed=13 w=41 vLb=36 hosted=27 ghost=29 births=1 reaped=6 pickup=0u+1c cids_total=162 recip=241 153s
  seed=13 w=42 vLb=30 hosted=36 ghost=24 births=8 reaped=3 pickup=0u+8c cids_total=164 recip=267 154s
  seed=13 w=43 vLb=36 hosted=30 ghost=29 births=3 reaped=2 pickup=1u+2c cids_total=173 recip=244 154s
  seed=13 w=44 vLb=33 hosted=36 ghost=30 births=5 reaped=5 pickup=1u+4c cids_total=175 recip=247 153s
  seed=13 w=45 vLb=29 hosted=33 ghost=30 births=5 reaped=1 pickup=0u+5c cids_total=176 recip=255 152s
  seed=13 w=46 vLb=29 hosted=29 ghost=34 births=3 reaped=3 pickup=0u+3c cids_total=179 recip=265 149s
  seed=13 w=47 vLb=30 hosted=29 ghost=34 births=2 reaped=3 pickup=0u+2c cids_total=182 recip=254 149s
  seed=13 w=48 vLb=31 hosted=30 ghost=33 births=3 reaped=2 pickup=0u+3c cids_total=186 recip=246 147s
  seed=13 w=49 vLb=28 hosted=31 ghost=34 births=4 reaped=2 pickup=0u+4c cids_total=187 recip=248 147s
  seed=13 w=50 vLb=29 hosted=28 ghost=36 births=3 reaped=1 pickup=0u+3c cids_total=191 recip=243 146s
  seed=13 w=51 vLb=32 hosted=29 ghost=38 births=2 reaped=1 pickup=0u+2c cids_total=196 recip=238 146s
  seed=13 w=52 vLb=30 hosted=32 ghost=39 births=6 reaped=7 pickup=0u+6c cids_total=200 recip=277 146s
  seed=13 w=53 vLb=27 hosted=30 ghost=38 births=3 reaped=2 pickup=0u+3c cids_total=200 recip=246 145s
  seed=13 w=54 vLb=27 hosted=27 ghost=39 births=0 reaped=5 pickup=0u+0c cids_total=200 recip=228 144s
  seed=13 w=55 vLb=27 hosted=27 ghost=34 births=2 reaped=7 pickup=0u+2c cids_total=202 recip=236 144s
  seed=13 w=56 vLb=25 hosted=27 ghost=29 births=3 reaped=4 pickup=0u+3c cids_total=203 recip=228 145s
  seed=13 w=57 vLb=27 hosted=25 ghost=28 births=1 reaped=1 pickup=0u+1c cids_total=206 recip=233 145s
  seed=13 w=58 vLb=30 hosted=27 ghost=28 births=3 reaped=2 pickup=1u+2c cids_total=212 recip=239 144s
  seed=13 w=59 vLb=35 hosted=30 ghost=29 births=2 reaped=5 pickup=0u+2c cids_total=219 recip=235 144s
  seed=13 w=60 vLb=34 hosted=35 ghost=26 births=1 reaped=1 pickup=0u+1c cids_total=219 recip=270 145s
  seed=13 w=61 vLb=36 hosted=34 ghost=26 births=5 reaped=4 pickup=0u+5c cids_total=226 recip=270 144s
  seed=13 w=62 vLb=28 hosted=36 ghost=27 births=8 reaped=4 pickup=0u+8c cids_total=226 recip=299 144s
  seed=13 w=63 vLb=33 hosted=28 ghost=31 births=1 reaped=1 pickup=0u+1c cids_total=232 recip=266 143s
  seed=13 w=64 vLb=36 hosted=33 ghost=31 births=3 reaped=2 pickup=0u+3c cids_total=238 recip=292 143s
  seed=13 w=65 vLb=43 hosted=36 ghost=32 births=2 reaped=4 pickup=0u+2c cids_total=247 recip=338 142s
  seed=13 w=66 vLb=38 hosted=43 ghost=30 births=7 reaped=3 pickup=0u+7c cids_total=249 recip=395 143s
  seed=13 w=67 vLb=39 hosted=38 ghost=34 births=6 reaped=2 pickup=0u+6c cids_total=256 recip=370 141s
  seed=13 w=68 vLb=31 hosted=39 ghost=38 births=9 reaped=1 pickup=0u+9c cids_total=257 recip=386 139s
  seed=13 w=69 vLb=32 hosted=31 ghost=46 births=2 reaped=3 pickup=0u+2c cids_total=260 recip=326 132s
  v9.15 Layer C: per_cid_self: 260 rows -> diag_v916_main/selfread/per_cid_self_seed13.csv
  v9.15 Layer C: divergence_log: 4773 rows -> diag_v916_main/selfread/divergence_log_seed13.csv
  v9.16 Layer C: observation_log: 4773 rows -> diag_v916_main/selfread/observation_log_seed13.csv
  v9.15 Layer C: class_divergence: 72 rows -> diag_v916_main/selfread/class_divergence_seed13.csv

  seed=13 DONE in 10845s
    cids total:    260
    hosted now:    32
    ghosts now:    45
    reaped:        183
    label rows:    207
    subject rows:  204
    tag entries:   1281
    total tags:    815
    tag dist:
             gain_social: 86
             loss_social: 24
          gain_stability: 23
          loss_stability: 28
             gain_spread: 3
             loss_spread: 21
        gain_familiarity: 227
        loss_familiarity: 403
    --- v9.8c Pickup ---
    death records:    175
      consumed:       175 (100.0%)
      expired:        0 (0.0%)
      active (end):   0
    pickups:          175
      uncontested:    11
      contested:      164
    ttl_bonus stats:
      max:  14
      mean: 0.67
      n>0:  69/260
    conv ratio:    2.8610019885199733
  v913: link_life_log: 1544074 rows -> diag_v916_main/persistence/link_life_log_seed13.csv
  v913: link_snapshot_log: 135632 rows -> diag_v916_main/persistence/link_snapshot_log_seed13.csv
  v913: label_member_persistence: 296 rows -> diag_v916_main/persistence/label_member_persistence_seed13.csv
  v913: shadow_component_log: 78 rows -> diag_v916_main/persistence/shadow_component_log_seed13.csv
  v913 Step 0 persistence audit done. Output: diag_v916_main/persistence
  v914 Layer B: 204 cid registered, 4773 events, 204 cids have spent, 72 cids hit Q=0, 0 cids Q<0 (MUST be 0)
    E1_birth: 17 events (8 spent)
    E1_death: 317 events (307 spent)
    E2_fall: 253 events (253 spent)
    E2_rise: 253 events (253 spent)
    E3_contact: 3933 events (1728 spent)
    delta_norm: min=0.0000, max=0.6928, mean=0.1870
    [debug] last step: cids_with_alive_member_links=0, total alive member links=0, max per cid=0, R>0 entries=0
    [debug] member_nodes size distribution: [(2, 147), (3, 13), (4, 16), (5, 28)]
  v914 Layer B audit CSVs written to diag_v916_main/audit/
    per_event_audit: 4773 rows
    per_subject_audit: 204 rows
    run_level_audit_summary: 4 rows
