  [engine_accel] Loaded: link_strength_sum, exclusion, latent_refresh, cycle_finder(C)
  [engine_accel_v3] Patched: key, get_latent, set_latent
  [engine_accel_v5] L dict -> ShardedLatentDict
  [engine_accel_v5] get_latent/set_latent -> shard-direct
  [engine_accel_v5] RealizationOperator.step -> shard-based refresh
  ⟐ Injection (300 steps)...
  ⟐ Injection done (93s).
  seed=16 mat done. labels=23 links=3009 cids_total=109 hosted=23 ghosts=53
  seed=16 w=20 vLb=21 hosted=23 ghost=53 births=5 reaped=2 pickup=2u+3c cids_total=112 recip=37 159s
  seed=16 w=21 vLb=18 hosted=21 ghost=56 births=3 reaped=10 pickup=1u+1c cids_total=112 recip=54 159s
  seed=16 w=22 vLb=21 hosted=18 ghost=49 births=3 reaped=7 pickup=1u+3c cids_total=118 recip=65 160s
  seed=16 w=23 vLb=21 hosted=21 ghost=45 births=4 reaped=7 pickup=0u+4c cids_total=122 recip=77 158s
  seed=16 w=24 vLb=29 hosted=21 ghost=42 births=3 reaped=6 pickup=0u+3c cids_total=133 recip=99 158s
  seed=16 w=25 vLb=27 hosted=29 ghost=39 births=7 reaped=8 pickup=0u+7c cids_total=138 recip=119 160s
  seed=16 w=26 vLb=29 hosted=27 ghost=38 births=4 reaped=4 pickup=1u+3c cids_total=144 recip=148 160s
  seed=16 w=27 vLb=28 hosted=29 ghost=38 births=6 reaped=4 pickup=0u+5c cids_total=149 recip=160 160s
  seed=16 w=28 vLb=26 hosted=28 ghost=40 births=4 reaped=3 pickup=1u+3c cids_total=151 recip=168 160s
  seed=16 w=29 vLb=29 hosted=26 ghost=41 births=2 reaped=2 pickup=0u+2c cids_total=156 recip=162 157s
  seed=16 w=30 vLb=33 hosted=29 ghost=41 births=2 reaped=5 pickup=0u+2c cids_total=162 recip=175 157s
  seed=16 w=31 vLb=32 hosted=33 ghost=38 births=6 reaped=2 pickup=0u+6c cids_total=167 recip=198 156s
  seed=16 w=32 vLb=30 hosted=32 ghost=42 births=4 reaped=3 pickup=1u+3c cids_total=169 recip=194 155s
  seed=16 w=33 vLb=35 hosted=30 ghost=43 births=3 reaped=3 pickup=0u+3c cids_total=177 recip=187 154s
  seed=16 w=34 vLb=35 hosted=35 ghost=43 births=4 reaped=5 pickup=0u+4c cids_total=181 recip=215 155s
  seed=16 w=35 vLb=32 hosted=35 ghost=42 births=3 reaped=6 pickup=0u+3c cids_total=181 recip=215 154s
  seed=16 w=36 vLb=33 hosted=32 ghost=39 births=4 reaped=3 pickup=0u+4c cids_total=186 recip=226 153s
  seed=16 w=37 vLb=29 hosted=33 ghost=40 births=4 reaped=5 pickup=0u+4c cids_total=186 recip=232 153s
  seed=16 w=38 vLb=31 hosted=29 ghost=39 births=3 reaped=7 pickup=0u+3c cids_total=191 recip=223 152s
  seed=16 w=39 vLb=37 hosted=31 ghost=35 births=3 reaped=1 pickup=0u+3c cids_total=200 recip=204 152s
  seed=16 w=40 vLb=37 hosted=37 ghost=37 births=6 reaped=3 pickup=0u+6c cids_total=206 recip=243 153s
  seed=16 w=41 vLb=36 hosted=37 ghost=40 births=7 reaped=6 pickup=0u+7c cids_total=212 recip=236 154s
  seed=16 w=42 vLb=44 hosted=36 ghost=41 births=3 reaped=4 pickup=2u+1c cids_total=223 recip=229 153s
  seed=16 w=43 vLb=38 hosted=44 ghost=40 births=7 reaped=3 pickup=0u+7c cids_total=224 recip=272 154s
  seed=16 w=44 vLb=37 hosted=38 ghost=44 births=5 reaped=3 pickup=0u+5c cids_total=228 recip=290 153s
  seed=16 w=45 vLb=35 hosted=37 ghost=46 births=5 reaped=2 pickup=1u+4c cids_total=231 recip=292 153s
  seed=16 w=46 vLb=41 hosted=35 ghost=49 births=7 reaped=6 pickup=0u+7c cids_total=244 recip=293 153s
  seed=16 w=47 vLb=36 hosted=41 ghost=50 births=10 reaped=3 pickup=2u+8c cids_total=249 recip=282 151s
  seed=16 w=48 vLb=35 hosted=36 ghost=57 births=4 reaped=2 pickup=0u+4c cids_total=252 recip=263 149s
  seed=16 w=49 vLb=30 hosted=35 ghost=59 births=6 reaped=3 pickup=0u+6c cids_total=253 recip=265 148s
  seed=16 w=50 vLb=32 hosted=30 ghost=62 births=0 reaped=5 pickup=0u+0c cids_total=255 recip=241 146s
  seed=16 w=51 vLb=28 hosted=32 ghost=57 births=4 reaped=7 pickup=0u+4c cids_total=255 recip=258 146s
  seed=16 w=52 vLb=26 hosted=28 ghost=54 births=2 reaped=3 pickup=0u+2c cids_total=255 recip=219 145s
  seed=16 w=53 vLb=30 hosted=26 ghost=53 births=4 reaped=6 pickup=0u+2c cids_total=263 recip=207 144s
  seed=16 w=54 vLb=24 hosted=30 ghost=51 births=7 reaped=5 pickup=2u+5c cids_total=264 recip=200 144s
  seed=16 w=55 vLb=24 hosted=24 ghost=53 births=2 reaped=7 pickup=0u+2c cids_total=266 recip=171 142s
  seed=16 w=56 vLb=25 hosted=24 ghost=48 births=3 reaped=6 pickup=1u+2c cids_total=270 recip=163 142s
  seed=16 w=57 vLb=30 hosted=25 ghost=45 births=3 reaped=10 pickup=0u+4c cids_total=278 recip=159 141s
  seed=16 w=58 vLb=28 hosted=30 ghost=38 births=4 reaped=4 pickup=1u+3c cids_total=280 recip=198 142s
  seed=16 w=59 vLb=25 hosted=28 ghost=38 births=3 reaped=4 pickup=1u+2c cids_total=280 recip=202 143s
  seed=16 w=60 vLb=28 hosted=25 ghost=37 births=0 reaped=2 pickup=0u+0c cids_total=283 recip=183 141s
  seed=16 w=61 vLb=29 hosted=28 ghost=35 births=1 reaped=3 pickup=0u+1c cids_total=285 recip=199 141s
  seed=16 w=62 vLb=33 hosted=29 ghost=33 births=5 reaped=3 pickup=1u+4c cids_total=294 recip=201 141s
  seed=16 w=63 vLb=38 hosted=33 ghost=35 births=3 reaped=3 pickup=0u+3c cids_total=302 recip=226 142s
  seed=16 w=64 vLb=39 hosted=38 ghost=35 births=5 reaped=9 pickup=0u+5c cids_total=308 recip=272 143s
  seed=16 w=65 vLb=33 hosted=39 ghost=31 births=6 reaped=1 pickup=0u+6c cids_total=308 recip=284 142s
  seed=16 w=66 vLb=28 hosted=33 ghost=36 births=5 reaped=6 pickup=2u+3c cids_total=308 recip=260 141s
  seed=16 w=67 vLb=27 hosted=28 ghost=35 births=1 reaped=2 pickup=0u+0c cids_total=308 recip=232 141s
  seed=16 w=68 vLb=31 hosted=27 ghost=34 births=3 reaped=2 pickup=0u+3c cids_total=315 recip=227 138s
  seed=16 w=69 vLb=32 hosted=31 ghost=35 births=5 reaped=3 pickup=1u+5c cids_total=321 recip=224 136s
  v9.15 Layer C: per_cid_self: 321 rows -> diag_v916_main/selfread/per_cid_self_seed16.csv
  v9.15 Layer C: divergence_log: 5101 rows -> diag_v916_main/selfread/divergence_log_seed16.csv
  v9.16 Layer C: observation_log: 5101 rows -> diag_v916_main/selfread/observation_log_seed16.csv
  v9.15 Layer C: class_divergence: 74 rows -> diag_v916_main/selfread/class_divergence_seed16.csv

  seed=16 DONE in 10775s
    cids total:    321
    hosted now:    32
    ghosts now:    37
    reaped:        252
    label rows:    235
    subject rows:  229
    tag entries:   1297
    total tags:    810
    tag dist:
             gain_social: 74
             loss_social: 17
          gain_stability: 21
          loss_stability: 38
             gain_spread: 4
             loss_spread: 25
        gain_familiarity: 211
        loss_familiarity: 420
    --- v9.8c Pickup ---
    death records:    203
      consumed:       201 (99.0%)
      expired:        2 (1.0%)
      active (end):   0
    pickups:          201
      uncontested:    21
      contested:      180
    ttl_bonus stats:
      max:  14
      mean: 0.63
      n>0:  82/321
    conv ratio:    3.2426867609893786
  v913: link_life_log: 1547171 rows -> diag_v916_main/persistence/link_life_log_seed16.csv
  v913: link_snapshot_log: 136713 rows -> diag_v916_main/persistence/link_snapshot_log_seed16.csv
  v913: label_member_persistence: 324 rows -> diag_v916_main/persistence/label_member_persistence_seed16.csv
  v913: shadow_component_log: 97 rows -> diag_v916_main/persistence/shadow_component_log_seed16.csv
  v913 Step 0 persistence audit done. Output: diag_v916_main/persistence
  v914 Layer B: 229 cid registered, 5101 events, 225 cids have spent, 79 cids hit Q=0, 0 cids Q<0 (MUST be 0)
    E1_birth: 13 events (1 spent)
    E1_death: 336 events (324 spent)
    E2_fall: 269 events (269 spent)
    E2_rise: 269 events (269 spent)
    E3_contact: 4214 events (1781 spent)
    delta_norm: min=0.0000, max=0.6072, mean=0.1805
    [debug] last step: cids_with_alive_member_links=0, total alive member links=0, max per cid=0, R>0 entries=0
    [debug] member_nodes size distribution: [(2, 179), (3, 11), (4, 19), (5, 20)]
  v914 Layer B audit CSVs written to diag_v916_main/audit/
    per_event_audit: 5101 rows
    per_subject_audit: 229 rows
    run_level_audit_summary: 4 rows
