  [engine_accel] Loaded: link_strength_sum, exclusion, latent_refresh, cycle_finder(C)
  [engine_accel_v3] Patched: key, get_latent, set_latent
  [engine_accel_v5] L dict -> ShardedLatentDict
  [engine_accel_v5] get_latent/set_latent -> shard-direct
  [engine_accel_v5] RealizationOperator.step -> shard-based refresh
  ⟐ Injection (300 steps)...
  ⟐ Injection done (75s).
  seed=0 mat done. labels=15 links=2984 cids_total=67 hosted=15 ghosts=26
  seed=0 w=20 vLb=14 hosted=15 ghost=26 births=2 reaped=3 pickup=1u+1c cids_total=68 recip=49 128s
  seed=0 w=21 vLb=24 hosted=14 ghost=25 births=0 reaped=3 pickup=0u+0c cids_total=78 recip=50 130s
  seed=0 w=22 vLb=19 hosted=24 ghost=22 births=5 reaped=1 pickup=0u+5c cids_total=78 recip=81 130s
  seed=0 w=23 vLb=18 hosted=19 ghost=26 births=2 reaped=5 pickup=1u+1c cids_total=79 recip=82 129s
  seed=0 w=24 vLb=17 hosted=18 ghost=23 births=4 reaped=3 pickup=1u+3c cids_total=82 recip=78 128s
  seed=0 w=25 vLb=19 hosted=17 ghost=24 births=2 reaped=2 pickup=2u+0c cids_total=86 recip=59 128s
  seed=0 w=26 vLb=19 hosted=19 ghost=24 births=5 reaped=4 pickup=1u+4c cids_total=91 recip=77 127s
  seed=0 w=27 vLb=21 hosted=19 ghost=25 births=2 reaped=2 pickup=1u+1c cids_total=95 recip=81 127s
  seed=0 w=28 vLb=21 hosted=21 ghost=25 births=3 reaped=2 pickup=1u+2c cids_total=98 recip=93 128s
  seed=0 w=29 vLb=20 hosted=21 ghost=26 births=2 reaped=1 pickup=0u+2c cids_total=99 recip=107 128s
  v9.15 Layer C: per_cid_self: 99 rows -> diag_v916_smoke/selfread/per_cid_self_seed0.csv
  v9.15 Layer C: divergence_log: 324 rows -> diag_v916_smoke/selfread/divergence_log_seed0.csv
  v9.16 Layer C: observation_log: 324 rows -> diag_v916_smoke/selfread/observation_log_seed0.csv
  v9.15 Layer C: class_divergence: 46 rows -> diag_v916_smoke/selfread/class_divergence_seed0.csv

  seed=0 DONE in 3922s
    cids total:    99
    hosted now:    20
    ghosts now:    27
    reaped:        52
    label rows:    47
    subject rows:  46
    tag entries:   141
    total tags:    123
    tag dist:
             gain_social: 21
             loss_social: 9
          gain_stability: 3
          loss_stability: 4
             gain_spread: 1
             loss_spread: 0
        gain_familiarity: 29
        loss_familiarity: 56
    --- v9.8c Pickup ---
    death records:    27
      consumed:       27 (100.0%)
      expired:        0 (0.0%)
      active (end):   0
    pickups:          27
      uncontested:    8
      contested:      19
    ttl_bonus stats:
      max:  3
      mean: 0.27
      n>0:  18/99
    conv ratio:    3.155709409045845
  v913: link_life_log: 328926 rows -> diag_v916_smoke/persistence/link_life_log_seed0.csv
  v913: link_snapshot_log: 28797 rows -> diag_v916_smoke/persistence/link_snapshot_log_seed0.csv
  v913: label_member_persistence: 43 rows -> diag_v916_smoke/persistence/label_member_persistence_seed0.csv
  v913: shadow_component_log: 22 rows -> diag_v916_smoke/persistence/shadow_component_log_seed0.csv
  v913 Step 0 persistence audit done. Output: diag_v916_smoke/persistence
  v914 Layer B: 46 cid registered, 324 events, 46 cids have spent, 0 cids hit Q=0, 0 cids Q<0 (MUST be 0)
    E1_birth: 2 events (2 spent)
    E1_death: 46 events (46 spent)
    E2_fall: 36 events (36 spent)
    E2_rise: 36 events (36 spent)
    E3_contact: 204 events (204 spent)
    delta_norm: min=0.0000, max=0.6491, mean=0.1714
    [debug] last step: cids_with_alive_member_links=0, total alive member links=0, max per cid=0, R>0 entries=0
    [debug] member_nodes size distribution: [(2, 30), (3, 4), (4, 2), (5, 10)]
  v914 Layer B audit CSVs written to diag_v916_smoke/audit/
    per_event_audit: 324 rows
    per_subject_audit: 46 rows
    run_level_audit_summary: 4 rows

real	65m23.571s
user	65m22.135s
sys	0m0.963s
